<?xml version="1.0" encoding="UTF-8"?>
<coverage generated="1631202978296" clover="3.2.0">
  <project timestamp="1631202978296" name="All files">
    <metrics statements="7" coveredstatements="4" conditionals="0" coveredconditionals="0" methods="4" coveredmethods="2" elements="11" coveredelements="6" complexity="0" loc="7" ncloc="7" packages="1" files="2" classes="2"/>
    <file name="Button.tsx" path="/Users/qihao/varlet/packages/varlet-cli/generators/tsx/src/button/Button.tsx">
      <metrics statements="4" coveredstatements="4" conditionals="0" coveredconditionals="0" methods="3" coveredmethods="2"/>
      <line num="15" count="2" type="stmt"/>
      <line num="17" count="2" type="stmt"/>
      <line num="18" count="2" type="stmt"/>
      <line num="20" count="2" type="stmt"/>
    </file>
    <file name="index.ts" path="/Users/qihao/varlet/packages/varlet-cli/generators/tsx/src/button/index.ts">
      <metrics statements="3" coveredstatements="0" conditionals="0" coveredconditionals="0" methods="1" coveredmethods="0"/>
      <line num="4" count="0" type="stmt"/>
      <line num="5" count="0" type="stmt"/>
      <line num="8" count="0" type="stmt"/>
    </file>
  </project>
</coverage>
