{"/Users/qihao/varlet/packages/varlet-cli/generators/tsx/src/button/Button.tsx": {"path":"/Users/qihao/varlet/packages/varlet-cli/generators/tsx/src/button/Button.tsx","statementMap":{"0":{"start":{"line":15,"column":24},"end":{"line":15,"column":56}},"1":{"start":{"line":15,"column":38},"end":{"line":15,"column":56}},"2":{"start":{"line":17,"column":4},"end":{"line":29,"column":5}},"3":{"start":{"line":18,"column":24},"end":{"line":18,"column":29}},"4":{"start":{"line":20,"column":6},"end":{"line":28,"column":9}}},"fnMap":{"0":{"name":"(anonymous_0)","decl":{"start":{"line":14,"column":2},"end":{"line":14,"column":3}},"loc":{"start":{"line":14,"column":26},"end":{"line":30,"column":3}},"line":14},"1":{"name":"(anonymous_1)","decl":{"start":{"line":15,"column":24},"end":{"line":15,"column":25}},"loc":{"start":{"line":15,"column":38},"end":{"line":15,"column":56}},"line":15},"2":{"name":"(anonymous_2)","decl":{"start":{"line":17,"column":11},"end":{"line":17,"column":12}},"loc":{"start":{"line":17,"column":17},"end":{"line":29,"column":5}},"line":17}},"branchMap":{},"s":{"0":2,"1":0,"2":2,"3":2,"4":2},"f":{"0":2,"1":0,"2":2},"b":{},"_coverageSchema":"1a1c01bbd47fc00a2c39e90264f33305004495a9","hash":"4fea11d37ecc423a0eae7a720274106a70376698"}
,"/Users/qihao/varlet/packages/varlet-cli/generators/tsx/src/button/index.ts": {"path":"/Users/qihao/varlet/packages/varlet-cli/generators/tsx/src/button/index.ts","statementMap":{"0":{"start":{"line":4,"column":0},"end":{"line":6,"column":1}},"1":{"start":{"line":5,"column":2},"end":{"line":5,"column":36}},"2":{"start":{"line":8,"column":32},"end":{"line":8,"column":38}}},"fnMap":{"0":{"name":"(anonymous_0)","decl":{"start":{"line":4,"column":17},"end":{"line":4,"column":18}},"loc":{"start":{"line":4,"column":37},"end":{"line":6,"column":1}},"line":4}},"branchMap":{},"s":{"0":0,"1":0,"2":0},"f":{"0":0},"b":{}}
}
