{"/Users/qihao/varlet/packages/varlet-ui/src/back-top/BackTop.vue": {"path":"/Users/qihao/varlet/packages/varlet-ui/src/back-top/BackTop.vue","statementMap":{"0":{"start":{"line":11,"column":0},"end":{"line":11,"column":null}},"1":{"start":{"line":12,"column":0},"end":{"line":12,"column":null}},"2":{"start":{"line":13,"column":0},"end":{"line":13,"column":null}},"3":{"start":{"line":14,"column":0},"end":{"line":14,"column":null}},"4":{"start":{"line":15,"column":0},"end":{"line":15,"column":null}},"5":{"start":{"line":16,"column":0},"end":{"line":16,"column":null}},"6":{"start":{"line":18,"column":0},"end":{"line":18,"column":15}},"7":{"start":{"line":26,"column":41},"end":{"line":26,"column":45}},"8":{"start":{"line":27,"column":31},"end":{"line":27,"column":35}},"9":{"start":{"line":29,"column":18},"end":{"line":44,"column":null}},"10":{"start":{"line":30,"column":6},"end":{"line":30,"column":11}},"11":{"start":{"line":31,"column":18},"end":{"line":31,"column":31}},"12":{"start":{"line":32,"column":24},"end":{"line":32,"column":28}},"13":{"start":{"line":34,"column":24},"end":{"line":42,"column":null}},"14":{"start":{"line":35,"column":25},"end":{"line":35,"column":null}},"15":{"start":{"line":36,"column":8},"end":{"line":41,"column":null}},"16":{"start":{"line":37,"column":12},"end":{"line":37,"column":19}},"17":{"start":{"line":38,"column":10},"end":{"line":38,"column":32}},"18":{"start":{"line":40,"column":12},"end":{"line":40,"column":19}},"19":{"start":{"line":43,"column":6},"end":{"line":43,"column":28}},"20":{"start":{"line":46,"column":19},"end":{"line":48,"column":null}},"21":{"start":{"line":47,"column":6},"end":{"line":47,"column":10}},"22":{"start":{"line":50,"column":27},"end":{"line":50,"column":36}},"23":{"start":{"line":52,"column":23},"end":{"line":57,"column":null}},"24":{"start":{"line":53,"column":6},"end":{"line":53,"column":41}},"25":{"start":{"line":53,"column":35},"end":{"line":53,"column":41}},"26":{"start":{"line":54,"column":17},"end":{"line":54,"column":25}},"27":{"start":{"line":55,"column":6},"end":{"line":55,"column":21}},"28":{"start":{"line":55,"column":15},"end":{"line":55,"column":21}},"29":{"start":{"line":56,"column":6},"end":{"line":56,"column":13}},"30":{"start":{"line":59,"column":4},"end":{"line":59,"column":14}},"31":{"start":{"line":60,"column":6},"end":{"line":60,"column":13}},"32":{"start":{"line":61,"column":6},"end":{"line":61,"column":null}},"33":{"start":{"line":61,"column":26},"end":{"line":61,"column":null}},"34":{"start":{"line":62,"column":6},"end":{"line":62,"column":13}},"35":{"start":{"line":65,"column":4},"end":{"line":65,"column":20}},"36":{"start":{"line":66,"column":6},"end":{"line":66,"column":null}},"37":{"start":{"line":66,"column":26},"end":{"line":66,"column":null}},"38":{"start":{"line":67,"column":6},"end":{"line":67,"column":13}},"39":{"start":{"line":70,"column":4},"end":{"line":70,"column":11}}},"fnMap":{"0":{"name":"setup","decl":{"start":{"line":25,"column":2},"end":{"line":25,"column":7}},"loc":{"start":{"line":25,"column":13},"end":{"line":74,"column":null}}},"1":{"name":"click","decl":{"start":{"line":29,"column":10},"end":{"line":29,"column":15}},"loc":{"start":{"line":29,"column":18},"end":{"line":44,"column":null}}},"2":{"name":"frameFunc","decl":{"start":{"line":34,"column":12},"end":{"line":34,"column":21}},"loc":{"start":{"line":34,"column":24},"end":{"line":42,"column":null}}},"3":{"name":"scroll","decl":{"start":{"line":46,"column":10},"end":{"line":46,"column":16}},"loc":{"start":{"line":46,"column":19},"end":{"line":48,"column":null}}},"4":{"name":"getElement","decl":{"start":{"line":52,"column":10},"end":{"line":52,"column":20}},"loc":{"start":{"line":52,"column":23},"end":{"line":57,"column":null}}},"5":{"name":"(anonymous_6)","decl":{"start":{"line":59,"column":14},"end":{"line":59,"column":null}},"loc":{"start":{"line":59,"column":14},"end":{"line":63,"column":null}}},"6":{"name":"(anonymous_7)","decl":{"start":{"line":65,"column":20},"end":{"line":65,"column":null}},"loc":{"start":{"line":65,"column":20},"end":{"line":68,"column":null}}}},"branchMap":{"0":{"loc":{"start":{"line":30,"column":19},"end":{"line":30,"column":null}},"type":"cond-expr","locations":[{"start":{"line":30,"column":19},"end":{"line":30,"column":null}},{"start":{"line":30,"column":19},"end":{"line":30,"column":null}}]},"1":{"loc":{"start":{"line":30,"column":6},"end":{"line":30,"column":null}},"type":"binary-expr","locations":[{"start":{"line":30,"column":6},"end":{"line":30,"column":null}},{"start":{"line":30,"column":19},"end":{"line":30,"column":null}}]},"2":{"loc":{"start":{"line":36,"column":8},"end":{"line":41,"column":null}},"type":"if","locations":[{"start":{"line":36,"column":8},"end":{"line":41,"column":null}},{"start":{"line":36,"column":8},"end":{"line":41,"column":null}}]},"3":{"loc":{"start":{"line":53,"column":6},"end":{"line":53,"column":41}},"type":"if","locations":[{"start":{"line":53,"column":6},"end":{"line":53,"column":41}},{"start":{"line":53,"column":6},"end":{"line":53,"column":41}}]},"4":{"loc":{"start":{"line":55,"column":6},"end":{"line":55,"column":21}},"type":"if","locations":[{"start":{"line":55,"column":6},"end":{"line":55,"column":21}},{"start":{"line":55,"column":6},"end":{"line":55,"column":21}}]},"5":{"loc":{"start":{"line":61,"column":6},"end":{"line":61,"column":null}},"type":"if","locations":[{"start":{"line":61,"column":6},"end":{"line":61,"column":null}},{"start":{"line":61,"column":6},"end":{"line":61,"column":null}}]},"6":{"loc":{"start":{"line":66,"column":6},"end":{"line":66,"column":null}},"type":"if","locations":[{"start":{"line":66,"column":6},"end":{"line":66,"column":null}},{"start":{"line":66,"column":6},"end":{"line":66,"column":null}}]}},"s":{"0":0,"1":0,"2":0,"3":0,"4":0,"5":0,"6":0,"7":0,"8":0,"9":0,"10":0,"11":0,"12":0,"13":0,"14":0,"15":0,"16":0,"17":0,"18":0,"19":0,"20":0,"21":0,"22":0,"23":0,"24":0,"25":0,"26":0,"27":0,"28":0,"29":0,"30":0,"31":0,"32":0,"33":0,"34":0,"35":0,"36":0,"37":0,"38":0,"39":0},"f":{"0":0,"1":0,"2":0,"3":0,"4":0,"5":0,"6":0},"b":{"0":[0,0],"1":[0,0],"2":[0,0],"3":[0,0],"4":[0,0],"5":[0,0],"6":[0,0]}}
,"/Users/qihao/varlet/packages/varlet-ui/src/back-top/index.ts": {"path":"/Users/qihao/varlet/packages/varlet-ui/src/back-top/index.ts","statementMap":{"0":{"start":{"line":4,"column":0},"end":{"line":6,"column":1}},"1":{"start":{"line":5,"column":2},"end":{"line":5,"column":38}}},"fnMap":{"0":{"name":"(anonymous_0)","decl":{"start":{"line":4,"column":18},"end":{"line":4,"column":19}},"loc":{"start":{"line":4,"column":38},"end":{"line":6,"column":1}},"line":4}},"branchMap":{},"s":{"0":0,"1":0},"f":{"0":0},"b":{}}
,"/Users/qihao/varlet/packages/varlet-ui/src/back-top/props.ts": {"path":"/Users/qihao/varlet/packages/varlet-ui/src/back-top/props.ts","statementMap":{"0":{"start":{"line":1,"column":21},"end":{"line":16,"column":1}}},"fnMap":{},"branchMap":{},"s":{"0":0},"f":{},"b":{}}
,"/Users/qihao/varlet/packages/varlet-ui/src/back-top/example/index.vue": {"path":"/Users/qihao/varlet/packages/varlet-ui/src/back-top/example/index.vue","statementMap":{"0":{"start":{"line":11,"column":0},"end":{"line":11,"column":null}},"1":{"start":{"line":12,"column":0},"end":{"line":12,"column":null}},"2":{"start":{"line":13,"column":0},"end":{"line":13,"column":null}},"3":{"start":{"line":14,"column":0},"end":{"line":14,"column":null}},"4":{"start":{"line":16,"column":11},"end":{"line":16,"column":18}},"5":{"start":{"line":18,"column":15},"end":{"line":18,"column":31}},"6":{"start":{"line":26,"column":17},"end":{"line":28,"column":null}},"7":{"start":{"line":27,"column":6},"end":{"line":27,"column":13}},"8":{"start":{"line":30,"column":4},"end":{"line":30,"column":11}}},"fnMap":{"0":{"name":"setup","decl":{"start":{"line":18,"column":31},"end":{"line":18,"column":null}},"loc":{"start":{"line":25,"column":10},"end":{"line":34,"column":null}}},"1":{"name":"test","decl":{"start":{"line":26,"column":10},"end":{"line":26,"column":14}},"loc":{"start":{"line":26,"column":23},"end":{"line":28,"column":null}}}},"branchMap":{},"s":{"0":0,"1":0,"2":0,"3":0,"4":0,"5":0,"6":0,"7":0,"8":0},"f":{"0":0,"1":0},"b":{}}
,"/Users/qihao/varlet/packages/varlet-ui/src/badge/Badge.vue": {"path":"/Users/qihao/varlet/packages/varlet-ui/src/badge/Badge.vue","statementMap":{"0":{"start":{"line":25,"column":0},"end":{"line":25,"column":null}},"1":{"start":{"line":26,"column":0},"end":{"line":26,"column":null}},"2":{"start":{"line":27,"column":0},"end":{"line":27,"column":null}},"3":{"start":{"line":29,"column":0},"end":{"line":29,"column":15}},"4":{"start":{"line":37,"column":19},"end":{"line":45,"column":null}},"5":{"start":{"line":38,"column":6},"end":{"line":40,"column":null}},"6":{"start":{"line":39,"column":8},"end":{"line":39,"column":15}},"7":{"start":{"line":41,"column":6},"end":{"line":43,"column":null}},"8":{"start":{"line":42,"column":8},"end":{"line":42,"column":16}},"9":{"start":{"line":44,"column":6},"end":{"line":44,"column":13}},"10":{"start":{"line":46,"column":24},"end":{"line":50,"column":null}},"11":{"start":{"line":47,"column":6},"end":{"line":49,"column":null}},"12":{"start":{"line":48,"column":8},"end":{"line":48,"column":15}},"13":{"start":{"line":51,"column":4},"end":{"line":51,"column":11}}},"fnMap":{"0":{"name":"setup","decl":{"start":{"line":36,"column":7},"end":{"line":36,"column":8}},"loc":{"start":{"line":36,"column":13},"end":{"line":55,"column":null}}},"1":{"name":"values","decl":{"start":{"line":37,"column":10},"end":{"line":37,"column":16}},"loc":{"start":{"line":37,"column":19},"end":{"line":45,"column":null}}},"2":{"name":"dotPosition","decl":{"start":{"line":46,"column":10},"end":{"line":46,"column":21}},"loc":{"start":{"line":46,"column":24},"end":{"line":50,"column":null}}}},"branchMap":{"0":{"loc":{"start":{"line":38,"column":6},"end":{"line":40,"column":null}},"type":"if","locations":[{"start":{"line":38,"column":6},"end":{"line":40,"column":null}},{"start":{"line":38,"column":6},"end":{"line":40,"column":null}}]},"1":{"loc":{"start":{"line":41,"column":6},"end":{"line":43,"column":null}},"type":"if","locations":[{"start":{"line":41,"column":6},"end":{"line":43,"column":null}},{"start":{"line":41,"column":6},"end":{"line":43,"column":null}}]},"2":{"loc":{"start":{"line":41,"column":10},"end":{"line":41,"column":45}},"type":"binary-expr","locations":[{"start":{"line":41,"column":10},"end":{"line":41,"column":45}},{"start":{"line":41,"column":45},"end":{"line":41,"column":61}}]},"3":{"loc":{"start":{"line":42,"column":50},"end":{"line":42,"column":70}},"type":"cond-expr","locations":[{"start":{"line":42,"column":50},"end":{"line":42,"column":70}},{"start":{"line":42,"column":70},"end":{"line":42,"column":null}}]},"4":{"loc":{"start":{"line":47,"column":6},"end":{"line":49,"column":null}},"type":"if","locations":[{"start":{"line":47,"column":6},"end":{"line":49,"column":null}},{"start":{"line":47,"column":6},"end":{"line":49,"column":null}}]},"5":{"loc":{"start":{"line":47,"column":10},"end":{"line":47,"column":28}},"type":"binary-expr","locations":[{"start":{"line":47,"column":10},"end":{"line":47,"column":28}},{"start":{"line":47,"column":28},"end":{"line":47,"column":39}}]},"6":{"loc":{"start":{"line":48,"column":56},"end":{"line":48,"column":81}},"type":"cond-expr","locations":[{"start":{"line":48,"column":56},"end":{"line":48,"column":81}},{"start":{"line":48,"column":81},"end":{"line":48,"column":null}}]},"7":{"loc":{"start":{"line":48,"column":121},"end":{"line":48,"column":145}},"type":"cond-expr","locations":[{"start":{"line":48,"column":121},"end":{"line":48,"column":145}},{"start":{"line":48,"column":145},"end":{"line":48,"column":null}}]}},"s":{"0":0,"1":0,"2":0,"3":0,"4":0,"5":0,"6":0,"7":0,"8":0,"9":0,"10":0,"11":0,"12":0,"13":0},"f":{"0":0,"1":0,"2":0},"b":{"0":[0,0],"1":[0,0],"2":[0,0],"3":[0,0],"4":[0,0],"5":[0,0],"6":[0,0],"7":[0,0]}}
,"/Users/qihao/varlet/packages/varlet-ui/src/badge/index.ts": {"path":"/Users/qihao/varlet/packages/varlet-ui/src/badge/index.ts","statementMap":{"0":{"start":{"line":3,"column":0},"end":{"line":5,"column":1}},"1":{"start":{"line":4,"column":2},"end":{"line":4,"column":34}}},"fnMap":{"0":{"name":"(anonymous_0)","decl":{"start":{"line":3,"column":16},"end":{"line":3,"column":17}},"loc":{"start":{"line":3,"column":35},"end":{"line":5,"column":1}},"line":3}},"branchMap":{},"s":{"0":0,"1":0},"f":{"0":0},"b":{}}
,"/Users/qihao/varlet/packages/varlet-ui/src/badge/props.ts": {"path":"/Users/qihao/varlet/packages/varlet-ui/src/badge/props.ts","statementMap":{"0":{"start":{"line":2,"column":2},"end":{"line":2,"column":86}},"1":{"start":{"line":6,"column":2},"end":{"line":6,"column":84}},"2":{"start":{"line":9,"column":21},"end":{"line":48,"column":1}}},"fnMap":{"0":{"name":"typeValidator","decl":{"start":{"line":1,"column":9},"end":{"line":1,"column":22}},"loc":{"start":{"line":1,"column":46},"end":{"line":3,"column":1}},"line":1},"1":{"name":"positionValidator","decl":{"start":{"line":5,"column":9},"end":{"line":5,"column":26}},"loc":{"start":{"line":5,"column":54},"end":{"line":7,"column":1}},"line":5}},"branchMap":{},"s":{"0":0,"1":0,"2":0},"f":{"0":0,"1":0},"b":{}}
,"/Users/qihao/varlet/packages/varlet-ui/src/badge/example/index.vue": {"path":"/Users/qihao/varlet/packages/varlet-ui/src/badge/example/index.vue","statementMap":{"0":{"start":{"line":59,"column":0},"end":{"line":59,"column":null}},"1":{"start":{"line":60,"column":0},"end":{"line":60,"column":null}},"2":{"start":{"line":61,"column":0},"end":{"line":61,"column":null}},"3":{"start":{"line":62,"column":0},"end":{"line":62,"column":null}},"4":{"start":{"line":64,"column":0},"end":{"line":64,"column":15}},"5":{"start":{"line":72,"column":31},"end":{"line":72,"column":35}},"6":{"start":{"line":73,"column":32},"end":{"line":73,"column":36}},"7":{"start":{"line":74,"column":34},"end":{"line":74,"column":38}},"8":{"start":{"line":75,"column":33},"end":{"line":75,"column":37}},"9":{"start":{"line":76,"column":25},"end":{"line":78,"column":null}},"10":{"start":{"line":77,"column":6},"end":{"line":77,"column":12}},"11":{"start":{"line":79,"column":4},"end":{"line":79,"column":11}}},"fnMap":{"0":{"name":"setup","decl":{"start":{"line":71,"column":2},"end":{"line":71,"column":7}},"loc":{"start":{"line":71,"column":2},"end":{"line":86,"column":null}}},"1":{"name":"handleChange","decl":{"start":{"line":76,"column":10},"end":{"line":76,"column":22}},"loc":{"start":{"line":76,"column":25},"end":{"line":78,"column":null}}}},"branchMap":{},"s":{"0":0,"1":0,"2":0,"3":0,"4":0,"5":0,"6":0,"7":0,"8":0,"9":0,"10":0,"11":0},"f":{"0":0,"1":0},"b":{}}
,"/Users/qihao/varlet/packages/varlet-ui/src/button/Button.vue": {"path":"/Users/qihao/varlet/packages/varlet-ui/src/button/Button.vue","statementMap":{"0":{"start":{"line":28,"column":0},"end":{"line":28,"column":null}},"1":{"start":{"line":29,"column":0},"end":{"line":29,"column":null}},"2":{"start":{"line":30,"column":0},"end":{"line":30,"column":null}},"3":{"start":{"line":31,"column":0},"end":{"line":31,"column":null}},"4":{"start":{"line":33,"column":0},"end":{"line":33,"column":15}},"5":{"start":{"line":41,"column":24},"end":{"line":47,"column":null}},"6":{"start":{"line":42,"column":6},"end":{"line":44,"column":null}},"7":{"start":{"line":43,"column":8},"end":{"line":43,"column":null}},"8":{"start":{"line":46,"column":6},"end":{"line":46,"column":11}},"9":{"start":{"line":49,"column":29},"end":{"line":55,"column":null}},"10":{"start":{"line":50,"column":6},"end":{"line":52,"column":null}},"11":{"start":{"line":51,"column":8},"end":{"line":51,"column":null}},"12":{"start":{"line":54,"column":6},"end":{"line":54,"column":11}},"13":{"start":{"line":57,"column":4},"end":{"line":57,"column":11}}},"fnMap":{"0":{"name":"setup","decl":{"start":{"line":40,"column":2},"end":{"line":40,"column":7}},"loc":{"start":{"line":40,"column":13},"end":{"line":61,"column":null}}},"1":{"name":"handleClick","decl":{"start":{"line":41,"column":10},"end":{"line":41,"column":21}},"loc":{"start":{"line":41,"column":33},"end":{"line":47,"column":null}}},"2":{"name":"handleTouchstart","decl":{"start":{"line":49,"column":10},"end":{"line":49,"column":26}},"loc":{"start":{"line":49,"column":38},"end":{"line":55,"column":null}}}},"branchMap":{"0":{"loc":{"start":{"line":42,"column":6},"end":{"line":44,"column":null}},"type":"if","locations":[{"start":{"line":42,"column":6},"end":{"line":44,"column":null}},{"start":{"line":42,"column":6},"end":{"line":44,"column":null}}]},"1":{"loc":{"start":{"line":42,"column":10},"end":{"line":42,"column":27}},"type":"binary-expr","locations":[{"start":{"line":42,"column":10},"end":{"line":42,"column":27}},{"start":{"line":42,"column":27},"end":{"line":42,"column":43}}]},"2":{"loc":{"start":{"line":46,"column":19},"end":{"line":46,"column":22}},"type":"cond-expr","locations":[{"start":{"line":46,"column":19},"end":{"line":46,"column":22}},{"start":{"line":46,"column":19},"end":{"line":46,"column":22}}]},"3":{"loc":{"start":{"line":46,"column":6},"end":{"line":46,"column":22}},"type":"binary-expr","locations":[{"start":{"line":46,"column":6},"end":{"line":46,"column":22}},{"start":{"line":46,"column":19},"end":{"line":46,"column":22}}]},"4":{"loc":{"start":{"line":50,"column":6},"end":{"line":52,"column":null}},"type":"if","locations":[{"start":{"line":50,"column":6},"end":{"line":52,"column":null}},{"start":{"line":50,"column":6},"end":{"line":52,"column":null}}]},"5":{"loc":{"start":{"line":50,"column":10},"end":{"line":50,"column":27}},"type":"binary-expr","locations":[{"start":{"line":50,"column":10},"end":{"line":50,"column":27}},{"start":{"line":50,"column":27},"end":{"line":50,"column":43}}]},"6":{"loc":{"start":{"line":54,"column":24},"end":{"line":54,"column":27}},"type":"cond-expr","locations":[{"start":{"line":54,"column":24},"end":{"line":54,"column":27}},{"start":{"line":54,"column":24},"end":{"line":54,"column":27}}]},"7":{"loc":{"start":{"line":54,"column":6},"end":{"line":54,"column":27}},"type":"binary-expr","locations":[{"start":{"line":54,"column":6},"end":{"line":54,"column":27}},{"start":{"line":54,"column":24},"end":{"line":54,"column":27}}]}},"s":{"0":1,"1":1,"2":1,"3":1,"4":1,"5":84,"6":1,"7":0,"8":1,"9":84,"10":1,"11":0,"12":1,"13":84},"f":{"0":84,"1":1,"2":1},"b":{"0":[0,1],"1":[1,1],"2":[0,1],"3":[1,1],"4":[0,1],"5":[1,1],"6":[0,1],"7":[1,1]}}
,"/Users/qihao/varlet/packages/varlet-ui/src/button/index.ts": {"path":"/Users/qihao/varlet/packages/varlet-ui/src/button/index.ts","statementMap":{"0":{"start":{"line":4,"column":0},"end":{"line":6,"column":1}},"1":{"start":{"line":5,"column":2},"end":{"line":5,"column":36}}},"fnMap":{"0":{"name":"(anonymous_0)","decl":{"start":{"line":4,"column":17},"end":{"line":4,"column":18}},"loc":{"start":{"line":4,"column":37},"end":{"line":6,"column":1}},"line":4}},"branchMap":{},"s":{"0":1,"1":0},"f":{"0":0},"b":{},"_coverageSchema":"1a1c01bbd47fc00a2c39e90264f33305004495a9","hash":"6aa9cbbc75e34c7ab34ccc7c6be464a4b39991dd"}
,"/Users/qihao/varlet/packages/varlet-ui/src/button/props.ts": {"path":"/Users/qihao/varlet/packages/varlet-ui/src/button/props.ts","statementMap":{"0":{"start":{"line":5,"column":2},"end":{"line":5,"column":86}},"1":{"start":{"line":9,"column":2},"end":{"line":9,"column":60}},"2":{"start":{"line":12,"column":21},"end":{"line":79,"column":1}}},"fnMap":{"0":{"name":"typeValidator","decl":{"start":{"line":4,"column":9},"end":{"line":4,"column":22}},"loc":{"start":{"line":4,"column":46},"end":{"line":6,"column":1}},"line":4},"1":{"name":"sizeValidator","decl":{"start":{"line":8,"column":9},"end":{"line":8,"column":22}},"loc":{"start":{"line":8,"column":46},"end":{"line":10,"column":1}},"line":8}},"branchMap":{},"s":{"0":84,"1":84,"2":1},"f":{"0":84,"1":84},"b":{},"_coverageSchema":"1a1c01bbd47fc00a2c39e90264f33305004495a9","hash":"a2968010b028546d85d74cb06059f34f5e78c8b4"}
,"/Users/qihao/varlet/packages/varlet-ui/src/button/example/index.vue": {"path":"/Users/qihao/varlet/packages/varlet-ui/src/button/example/index.vue","statementMap":{"0":{"start":{"line":56,"column":0},"end":{"line":56,"column":null}},"1":{"start":{"line":57,"column":0},"end":{"line":57,"column":null}},"2":{"start":{"line":58,"column":0},"end":{"line":58,"column":null}},"3":{"start":{"line":59,"column":0},"end":{"line":59,"column":null}},"4":{"start":{"line":61,"column":0},"end":{"line":61,"column":15}},"5":{"start":{"line":68,"column":24},"end":{"line":70,"column":null}},"6":{"start":{"line":69,"column":6},"end":{"line":69,"column":15}},"7":{"start":{"line":72,"column":29},"end":{"line":74,"column":null}},"8":{"start":{"line":73,"column":6},"end":{"line":73,"column":15}},"9":{"start":{"line":76,"column":4},"end":{"line":76,"column":11}}},"fnMap":{"0":{"name":"setup","decl":{"start":{"line":67,"column":7},"end":{"line":67,"column":null}},"loc":{"start":{"line":67,"column":7},"end":{"line":80,"column":null}}},"1":{"name":"handleClick","decl":{"start":{"line":68,"column":10},"end":{"line":68,"column":21}},"loc":{"start":{"line":68,"column":24},"end":{"line":70,"column":null}}},"2":{"name":"handleTouchstart","decl":{"start":{"line":72,"column":10},"end":{"line":72,"column":26}},"loc":{"start":{"line":72,"column":29},"end":{"line":74,"column":null}}}},"branchMap":{},"s":{"0":1,"1":1,"2":1,"3":1,"4":1,"5":3,"6":1,"7":3,"8":1,"9":3},"f":{"0":3,"1":1,"2":1},"b":{}}
,"/Users/qihao/varlet/packages/varlet-ui/src/cell/Cell.vue": {"path":"/Users/qihao/varlet/packages/varlet-ui/src/cell/Cell.vue","statementMap":{"0":{"start":{"line":25,"column":0},"end":{"line":25,"column":null}},"1":{"start":{"line":26,"column":0},"end":{"line":26,"column":null}},"2":{"start":{"line":27,"column":0},"end":{"line":27,"column":null}},"3":{"start":{"line":29,"column":0},"end":{"line":29,"column":15}}},"fnMap":{},"branchMap":{},"s":{"0":0,"1":0,"2":0,"3":0},"f":{},"b":{}}
,"/Users/qihao/varlet/packages/varlet-ui/src/cell/index.ts": {"path":"/Users/qihao/varlet/packages/varlet-ui/src/cell/index.ts","statementMap":{"0":{"start":{"line":4,"column":0},"end":{"line":6,"column":1}},"1":{"start":{"line":5,"column":2},"end":{"line":5,"column":32}}},"fnMap":{"0":{"name":"(anonymous_0)","decl":{"start":{"line":4,"column":15},"end":{"line":4,"column":16}},"loc":{"start":{"line":4,"column":35},"end":{"line":6,"column":1}},"line":4}},"branchMap":{},"s":{"0":0,"1":0},"f":{"0":0},"b":{}}
,"/Users/qihao/varlet/packages/varlet-ui/src/cell/props.ts": {"path":"/Users/qihao/varlet/packages/varlet-ui/src/cell/props.ts","statementMap":{"0":{"start":{"line":1,"column":21},"end":{"line":27,"column":1}}},"fnMap":{},"branchMap":{},"s":{"0":0},"f":{},"b":{}}
,"/Users/qihao/varlet/packages/varlet-ui/src/cell/example/index.vue": {"path":"/Users/qihao/varlet/packages/varlet-ui/src/cell/example/index.vue","statementMap":{"0":{"start":{"line":37,"column":0},"end":{"line":37,"column":null}},"1":{"start":{"line":38,"column":0},"end":{"line":38,"column":null}},"2":{"start":{"line":39,"column":0},"end":{"line":39,"column":null}},"3":{"start":{"line":41,"column":15},"end":{"line":41,"column":31}}},"fnMap":{},"branchMap":{},"s":{"0":0,"1":0,"2":0,"3":0},"f":{},"b":{}}
,"/Users/qihao/varlet/packages/varlet-ui/src/checkbox/Checkbox.vue": {"path":"/Users/qihao/varlet/packages/varlet-ui/src/checkbox/Checkbox.vue","statementMap":{"0":{"start":{"line":37,"column":0},"end":{"line":37,"column":null}},"1":{"start":{"line":38,"column":0},"end":{"line":38,"column":null}},"2":{"start":{"line":39,"column":0},"end":{"line":39,"column":null}},"3":{"start":{"line":40,"column":0},"end":{"line":40,"column":null}},"4":{"start":{"line":46,"column":0},"end":{"line":46,"column":null}},"5":{"start":{"line":47,"column":0},"end":{"line":47,"column":null}},"6":{"start":{"line":48,"column":0},"end":{"line":48,"column":null}},"7":{"start":{"line":49,"column":0},"end":{"line":49,"column":null}},"8":{"start":{"line":51,"column":0},"end":{"line":51,"column":15}},"9":{"start":{"line":61,"column":85},"end":{"line":61,"column":null}},"10":{"start":{"line":61,"column":41},"end":{"line":61,"column":59}},"11":{"start":{"line":61,"column":80},"end":{"line":61,"column":85}},"12":{"start":{"line":65,"column":67},"end":{"line":65,"column":null}},"13":{"start":{"line":65,"column":32},"end":{"line":65,"column":50}},"14":{"start":{"line":65,"column":62},"end":{"line":65,"column":67}},"15":{"start":{"line":68,"column":4},"end":{"line":68,"column":21}},"16":{"start":{"line":70,"column":28},"end":{"line":70,"column":32}},"17":{"start":{"line":71,"column":42},"end":{"line":71,"column":51}},"18":{"start":{"line":71,"column":57},"end":{"line":71,"column":62}},"19":{"start":{"line":72,"column":47},"end":{"line":72,"column":56}},"20":{"start":{"line":72,"column":62},"end":{"line":72,"column":67}},"21":{"start":{"line":74,"column":84},"end":{"line":74,"column":null}},"22":{"start":{"line":74,"column":24},"end":{"line":74,"column":47}},"23":{"start":{"line":74,"column":49},"end":{"line":74,"column":61}},"24":{"start":{"line":74,"column":62},"end":{"line":74,"column":64}},"25":{"start":{"line":74,"column":79},"end":{"line":74,"column":84}},"26":{"start":{"line":76,"column":21},"end":{"line":76,"column":null}},"27":{"start":{"line":76,"column":27},"end":{"line":76,"column":28}},"28":{"start":{"line":78,"column":32},"end":{"line":79,"column":null}},"29":{"start":{"line":79,"column":6},"end":{"line":79,"column":15}},"30":{"start":{"line":79,"column":21},"end":{"line":79,"column":23}},"31":{"start":{"line":81,"column":19},"end":{"line":91,"column":null}},"32":{"start":{"line":82,"column":6},"end":{"line":82,"column":11}},"33":{"start":{"line":83,"column":6},"end":{"line":83,"column":11}},"34":{"start":{"line":84,"column":6},"end":{"line":84,"column":11}},"35":{"start":{"line":86,"column":6},"end":{"line":86,"column":25}},"36":{"start":{"line":88,"column":6},"end":{"line":88,"column":18}},"37":{"start":{"line":93,"column":19},"end":{"line":104,"column":null}},"38":{"start":{"line":94,"column":29},"end":{"line":94,"column":null}},"39":{"start":{"line":95,"column":6},"end":{"line":97,"column":null}},"40":{"start":{"line":96,"column":8},"end":{"line":96,"column":null}},"41":{"start":{"line":99,"column":6},"end":{"line":101,"column":null}},"42":{"start":{"line":100,"column":8},"end":{"line":100,"column":20}},"43":{"start":{"line":103,"column":6},"end":{"line":103,"column":12}},"44":{"start":{"line":106,"column":24},"end":{"line":122,"column":null}},"45":{"start":{"line":107,"column":6},"end":{"line":109,"column":null}},"46":{"start":{"line":108,"column":8},"end":{"line":108,"column":null}},"47":{"start":{"line":111,"column":6},"end":{"line":111,"column":11}},"48":{"start":{"line":113,"column":22},"end":{"line":115,"column":null}},"49":{"start":{"line":117,"column":6},"end":{"line":119,"column":null}},"50":{"start":{"line":118,"column":8},"end":{"line":118,"column":null}},"51":{"start":{"line":121,"column":6},"end":{"line":121,"column":12}},"52":{"start":{"line":124,"column":17},"end":{"line":126,"column":null}},"53":{"start":{"line":125,"column":6},"end":{"line":125,"column":11}},"54":{"start":{"line":128,"column":18},"end":{"line":131,"column":null}},"55":{"start":{"line":129,"column":6},"end":{"line":129,"column":11}},"56":{"start":{"line":130,"column":6},"end":{"line":130,"column":null}},"57":{"start":{"line":133,"column":4},"end":{"line":133,"column":null}},"58":{"start":{"line":134,"column":12},"end":{"line":134,"column":17}},"59":{"start":{"line":136,"column":8},"end":{"line":136,"column":13}},"60":{"start":{"line":141,"column":47},"end":{"line":141,"column":null}},"61":{"start":{"line":150,"column":4},"end":{"line":150,"column":21}},"62":{"start":{"line":151,"column":4},"end":{"line":151,"column":12}},"63":{"start":{"line":153,"column":4},"end":{"line":153,"column":11}}},"fnMap":{"0":{"name":"setup","decl":{"start":{"line":60,"column":2},"end":{"line":60,"column":7}},"loc":{"start":{"line":60,"column":13},"end":{"line":165,"column":null}}},"1":{"name":"(anonymous_2)","decl":{"start":{"line":71,"column":51},"end":{"line":71,"column":57}},"loc":{"start":{"line":71,"column":51},"end":{"line":71,"column":null}}},"2":{"name":"(anonymous_3)","decl":{"start":{"line":72,"column":56},"end":{"line":72,"column":62}},"loc":{"start":{"line":72,"column":56},"end":{"line":72,"column":null}}},"3":{"name":"validate","decl":{"start":{"line":76,"column":10},"end":{"line":76,"column":18}},"loc":{"start":{"line":76,"column":21},"end":{"line":76,"column":null}}},"4":{"name":"validateWithTrigger","decl":{"start":{"line":78,"column":10},"end":{"line":78,"column":29}},"loc":{"start":{"line":78,"column":58},"end":{"line":79,"column":null}}},"5":{"name":"(anonymous_6)","decl":{"start":{"line":79,"column":15},"end":{"line":79,"column":21}},"loc":{"start":{"line":79,"column":15},"end":{"line":79,"column":87}}},"6":{"name":"change","decl":{"start":{"line":81,"column":10},"end":{"line":81,"column":16}},"loc":{"start":{"line":81,"column":37},"end":{"line":91,"column":null}}},"7":{"name":"toggle","decl":{"start":{"line":93,"column":10},"end":{"line":93,"column":16}},"loc":{"start":{"line":93,"column":38},"end":{"line":104,"column":null}}},"8":{"name":"handleClick","decl":{"start":{"line":106,"column":10},"end":{"line":106,"column":21}},"loc":{"start":{"line":106,"column":33},"end":{"line":122,"column":null}}},"9":{"name":"sync","decl":{"start":{"line":124,"column":10},"end":{"line":124,"column":14}},"loc":{"start":{"line":124,"column":36},"end":{"line":126,"column":null}}},"10":{"name":"reset","decl":{"start":{"line":128,"column":10},"end":{"line":128,"column":15}},"loc":{"start":{"line":128,"column":18},"end":{"line":131,"column":null}}},"11":{"name":"(anonymous_12)","decl":{"start":{"line":134,"column":6},"end":{"line":134,"column":12}},"loc":{"start":{"line":134,"column":6},"end":{"line":134,"column":null}}},"12":{"name":"(anonymous_13)","decl":{"start":{"line":135,"column":6},"end":{"line":135,"column":7}},"loc":{"start":{"line":135,"column":15},"end":{"line":137,"column":null}}}},"branchMap":{"0":{"loc":{"start":{"line":83,"column":34},"end":{"line":83,"column":37}},"type":"cond-expr","locations":[{"start":{"line":83,"column":34},"end":{"line":83,"column":37}},{"start":{"line":83,"column":34},"end":{"line":83,"column":37}}]},"1":{"loc":{"start":{"line":83,"column":6},"end":{"line":83,"column":37}},"type":"binary-expr","locations":[{"start":{"line":83,"column":6},"end":{"line":83,"column":37}},{"start":{"line":83,"column":34},"end":{"line":83,"column":37}}]},"2":{"loc":{"start":{"line":84,"column":20},"end":{"line":84,"column":23}},"type":"cond-expr","locations":[{"start":{"line":84,"column":20},"end":{"line":84,"column":23}},{"start":{"line":84,"column":20},"end":{"line":84,"column":23}}]},"3":{"loc":{"start":{"line":84,"column":6},"end":{"line":84,"column":23}},"type":"binary-expr","locations":[{"start":{"line":84,"column":6},"end":{"line":84,"column":23}},{"start":{"line":84,"column":20},"end":{"line":84,"column":23}}]},"4":{"loc":{"start":{"line":89,"column":10},"end":{"line":89,"column":31}},"type":"cond-expr","locations":[{"start":{"line":89,"column":10},"end":{"line":89,"column":31}},{"start":{"line":90,"column":10},"end":{"line":90,"column":31}}]},"5":{"loc":{"start":{"line":89,"column":31},"end":{"line":89,"column":33}},"type":"cond-expr","locations":[{"start":{"line":89,"column":31},"end":{"line":89,"column":33}},{"start":{"line":89,"column":10},"end":{"line":89,"column":31}}]},"6":{"loc":{"start":{"line":89,"column":10},"end":{"line":89,"column":33}},"type":"binary-expr","locations":[{"start":{"line":89,"column":10},"end":{"line":89,"column":33}},{"start":{"line":89,"column":10},"end":{"line":89,"column":33}}]},"7":{"loc":{"start":{"line":90,"column":31},"end":{"line":90,"column":33}},"type":"cond-expr","locations":[{"start":{"line":90,"column":31},"end":{"line":90,"column":33}},{"start":{"line":90,"column":10},"end":{"line":90,"column":31}}]},"8":{"loc":{"start":{"line":90,"column":10},"end":{"line":90,"column":33}},"type":"binary-expr","locations":[{"start":{"line":90,"column":10},"end":{"line":90,"column":33}},{"start":{"line":90,"column":10},"end":{"line":90,"column":33}}]},"9":{"loc":{"start":{"line":94,"column":29},"end":{"line":94,"column":70}},"type":"binary-expr","locations":[{"start":{"line":94,"column":29},"end":{"line":94,"column":70}},{"start":{"line":94,"column":70},"end":{"line":94,"column":null}}]},"10":{"loc":{"start":{"line":95,"column":6},"end":{"line":97,"column":null}},"type":"if","locations":[{"start":{"line":95,"column":6},"end":{"line":97,"column":null}},{"start":{"line":95,"column":6},"end":{"line":97,"column":null}}]},"11":{"loc":{"start":{"line":95,"column":10},"end":{"line":95,"column":35}},"type":"binary-expr","locations":[{"start":{"line":95,"column":10},"end":{"line":95,"column":35}},{"start":{"line":95,"column":35},"end":{"line":95,"column":49}},{"start":{"line":95,"column":53},"end":{"line":95,"column":84}}]},"12":{"loc":{"start":{"line":99,"column":6},"end":{"line":101,"column":null}},"type":"if","locations":[{"start":{"line":99,"column":6},"end":{"line":101,"column":null}},{"start":{"line":99,"column":6},"end":{"line":101,"column":null}}]},"13":{"loc":{"start":{"line":100,"column":39},"end":{"line":100,"column":62}},"type":"cond-expr","locations":[{"start":{"line":100,"column":39},"end":{"line":100,"column":62}},{"start":{"line":100,"column":62},"end":{"line":100,"column":null}}]},"14":{"loc":{"start":{"line":107,"column":6},"end":{"line":109,"column":null}},"type":"if","locations":[{"start":{"line":107,"column":6},"end":{"line":109,"column":null}},{"start":{"line":107,"column":6},"end":{"line":109,"column":null}}]},"15":{"loc":{"start":{"line":107,"column":10},"end":{"line":107,"column":42}},"type":"binary-expr","locations":[{"start":{"line":107,"column":10},"end":{"line":107,"column":42}},{"start":{"line":107,"column":42},"end":{"line":107,"column":74}},{"start":{"line":107,"column":74},"end":{"line":107,"column":92}},{"start":{"line":107,"column":92},"end":{"line":107,"column":108}}]},"16":{"loc":{"start":{"line":107,"column":22},"end":{"line":107,"column":24}},"type":"cond-expr","locations":[{"start":{"line":107,"column":22},"end":{"line":107,"column":24}},{"start":{"line":107,"column":10},"end":{"line":107,"column":42}}]},"17":{"loc":{"start":{"line":107,"column":10},"end":{"line":107,"column":24}},"type":"binary-expr","locations":[{"start":{"line":107,"column":10},"end":{"line":107,"column":24}},{"start":{"line":107,"column":10},"end":{"line":107,"column":24}}]},"18":{"loc":{"start":{"line":107,"column":54},"end":{"line":107,"column":56}},"type":"cond-expr","locations":[{"start":{"line":107,"column":54},"end":{"line":107,"column":56}},{"start":{"line":107,"column":42},"end":{"line":107,"column":74}}]},"19":{"loc":{"start":{"line":107,"column":42},"end":{"line":107,"column":56}},"type":"binary-expr","locations":[{"start":{"line":107,"column":42},"end":{"line":107,"column":56}},{"start":{"line":107,"column":42},"end":{"line":107,"column":56}}]},"20":{"loc":{"start":{"line":111,"column":19},"end":{"line":111,"column":22}},"type":"cond-expr","locations":[{"start":{"line":111,"column":19},"end":{"line":111,"column":22}},{"start":{"line":111,"column":19},"end":{"line":111,"column":22}}]},"21":{"loc":{"start":{"line":111,"column":6},"end":{"line":111,"column":22}},"type":"binary-expr","locations":[{"start":{"line":111,"column":6},"end":{"line":111,"column":22}},{"start":{"line":111,"column":19},"end":{"line":111,"column":22}}]},"22":{"loc":{"start":{"line":114,"column":10},"end":{"line":114,"column":61}},"type":"cond-expr","locations":[{"start":{"line":114,"column":10},"end":{"line":114,"column":61}},{"start":{"line":115,"column":10},"end":{"line":115,"column":null}}]},"23":{"loc":{"start":{"line":117,"column":6},"end":{"line":119,"column":null}},"type":"if","locations":[{"start":{"line":117,"column":6},"end":{"line":119,"column":null}},{"start":{"line":117,"column":6},"end":{"line":119,"column":null}}]},"24":{"loc":{"start":{"line":117,"column":10},"end":{"line":117,"column":28}},"type":"binary-expr","locations":[{"start":{"line":117,"column":10},"end":{"line":117,"column":28}},{"start":{"line":117,"column":28},"end":{"line":117,"column":37}}]},"25":{"loc":{"start":{"line":121,"column":29},"end":{"line":121,"column":52}},"type":"cond-expr","locations":[{"start":{"line":121,"column":29},"end":{"line":121,"column":52}},{"start":{"line":121,"column":52},"end":{"line":121,"column":null}}]},"26":{"loc":{"start":{"line":125,"column":58},"end":{"line":125,"column":79}},"type":"cond-expr","locations":[{"start":{"line":125,"column":58},"end":{"line":125,"column":79}},{"start":{"line":125,"column":79},"end":{"line":125,"column":null}}]},"27":{"loc":{"start":{"line":129,"column":34},"end":{"line":129,"column":37}},"type":"cond-expr","locations":[{"start":{"line":129,"column":34},"end":{"line":129,"column":37}},{"start":{"line":129,"column":34},"end":{"line":129,"column":37}}]},"28":{"loc":{"start":{"line":129,"column":6},"end":{"line":129,"column":37}},"type":"binary-expr","locations":[{"start":{"line":129,"column":6},"end":{"line":129,"column":37}},{"start":{"line":129,"column":34},"end":{"line":129,"column":37}}]},"29":{"loc":{"start":{"line":150,"column":21},"end":{"line":150,"column":24}},"type":"cond-expr","locations":[{"start":{"line":150,"column":21},"end":{"line":150,"column":24}},{"start":{"line":150,"column":4},"end":{"line":150,"column":24}}]},"30":{"loc":{"start":{"line":150,"column":4},"end":{"line":150,"column":24}},"type":"binary-expr","locations":[{"start":{"line":150,"column":4},"end":{"line":150,"column":24}},{"start":{"line":150,"column":4},"end":{"line":150,"column":24}}]},"31":{"loc":{"start":{"line":151,"column":12},"end":{"line":151,"column":15}},"type":"cond-expr","locations":[{"start":{"line":151,"column":12},"end":{"line":151,"column":15}},{"start":{"line":151,"column":4},"end":{"line":151,"column":15}}]},"32":{"loc":{"start":{"line":151,"column":4},"end":{"line":151,"column":15}},"type":"binary-expr","locations":[{"start":{"line":151,"column":4},"end":{"line":151,"column":15}},{"start":{"line":151,"column":4},"end":{"line":151,"column":15}}]},"33":{"loc":{"start":{"line":156,"column":54},"end":{"line":156,"column":56}},"type":"cond-expr","locations":[{"start":{"line":156,"column":54},"end":{"line":156,"column":56}},{"start":{"line":156,"column":33},"end":{"line":156,"column":null}}]},"34":{"loc":{"start":{"line":156,"column":33},"end":{"line":156,"column":56}},"type":"binary-expr","locations":[{"start":{"line":156,"column":33},"end":{"line":156,"column":56}},{"start":{"line":156,"column":33},"end":{"line":156,"column":56}}]},"35":{"loc":{"start":{"line":157,"column":32},"end":{"line":157,"column":34}},"type":"cond-expr","locations":[{"start":{"line":157,"column":32},"end":{"line":157,"column":34}},{"start":{"line":157,"column":20},"end":{"line":157,"column":null}}]},"36":{"loc":{"start":{"line":157,"column":20},"end":{"line":157,"column":34}},"type":"binary-expr","locations":[{"start":{"line":157,"column":20},"end":{"line":157,"column":34}},{"start":{"line":157,"column":20},"end":{"line":157,"column":34}}]},"37":{"loc":{"start":{"line":158,"column":32},"end":{"line":158,"column":34}},"type":"cond-expr","locations":[{"start":{"line":158,"column":32},"end":{"line":158,"column":34}},{"start":{"line":158,"column":20},"end":{"line":158,"column":null}}]},"38":{"loc":{"start":{"line":158,"column":20},"end":{"line":158,"column":34}},"type":"binary-expr","locations":[{"start":{"line":158,"column":20},"end":{"line":158,"column":34}},{"start":{"line":158,"column":20},"end":{"line":158,"column":34}}]}},"s":{"0":0,"1":0,"2":0,"3":0,"4":0,"5":0,"6":0,"7":0,"8":0,"9":0,"10":0,"11":0,"12":0,"13":0,"14":0,"15":0,"16":0,"17":0,"18":0,"19":0,"20":0,"21":0,"22":0,"23":0,"24":0,"25":0,"26":0,"27":0,"28":0,"29":0,"30":0,"31":0,"32":0,"33":0,"34":0,"35":0,"36":0,"37":0,"38":0,"39":0,"40":0,"41":0,"42":0,"43":0,"44":0,"45":0,"46":0,"47":0,"48":0,"49":0,"50":0,"51":0,"52":0,"53":0,"54":0,"55":0,"56":0,"57":0,"58":0,"59":0,"60":0,"61":0,"62":0,"63":0},"f":{"0":0,"1":0,"2":0,"3":0,"4":0,"5":0,"6":0,"7":0,"8":0,"9":0,"10":0,"11":0,"12":0},"b":{"0":[0,0],"1":[0,0],"2":[0,0],"3":[0,0],"4":[0,0],"5":[0,0],"6":[0,0],"7":[0,0],"8":[0,0],"9":[0,0],"10":[0,0],"11":[0,0,0],"12":[0,0],"13":[0,0],"14":[0,0],"15":[0,0,0,0],"16":[0,0],"17":[0,0],"18":[0,0],"19":[0,0],"20":[0,0],"21":[0,0],"22":[0,0],"23":[0,0],"24":[0,0],"25":[0,0],"26":[0,0],"27":[0,0],"28":[0,0],"29":[0,0],"30":[0,0],"31":[0,0],"32":[0,0],"33":[0,0],"34":[0,0],"35":[0,0],"36":[0,0],"37":[0,0],"38":[0,0]}}
,"/Users/qihao/varlet/packages/varlet-ui/src/checkbox/index.ts": {"path":"/Users/qihao/varlet/packages/varlet-ui/src/checkbox/index.ts","statementMap":{"0":{"start":{"line":4,"column":0},"end":{"line":6,"column":1}},"1":{"start":{"line":5,"column":2},"end":{"line":5,"column":40}}},"fnMap":{"0":{"name":"(anonymous_0)","decl":{"start":{"line":4,"column":19},"end":{"line":4,"column":20}},"loc":{"start":{"line":4,"column":39},"end":{"line":6,"column":1}},"line":4}},"branchMap":{},"s":{"0":0,"1":0},"f":{"0":0},"b":{}}
,"/Users/qihao/varlet/packages/varlet-ui/src/checkbox/props.ts": {"path":"/Users/qihao/varlet/packages/varlet-ui/src/checkbox/props.ts","statementMap":{"0":{"start":{"line":5,"column":21},"end":{"line":52,"column":1}}},"fnMap":{},"branchMap":{},"s":{"0":0},"f":{},"b":{}}
,"/Users/qihao/varlet/packages/varlet-ui/src/checkbox/provide.ts": {"path":"/Users/qihao/varlet/packages/varlet-ui/src/checkbox/provide.ts","statementMap":{},"fnMap":{},"branchMap":{},"s":{},"f":{},"b":{}}
,"/Users/qihao/varlet/packages/varlet-ui/src/checkbox-group/CheckboxGroup.vue": {"path":"/Users/qihao/varlet/packages/varlet-ui/src/checkbox-group/CheckboxGroup.vue","statementMap":{"0":{"start":{"line":11,"column":0},"end":{"line":11,"column":null}},"1":{"start":{"line":12,"column":0},"end":{"line":12,"column":null}},"2":{"start":{"line":13,"column":0},"end":{"line":13,"column":null}},"3":{"start":{"line":14,"column":0},"end":{"line":14,"column":null}},"4":{"start":{"line":16,"column":0},"end":{"line":16,"column":null}},"5":{"start":{"line":17,"column":0},"end":{"line":17,"column":null}},"6":{"start":{"line":19,"column":0},"end":{"line":19,"column":15}},"7":{"start":{"line":27,"column":78},"end":{"line":27,"column":null}},"8":{"start":{"line":27,"column":38},"end":{"line":27,"column":56}},"9":{"start":{"line":27,"column":73},"end":{"line":27,"column":78}},"10":{"start":{"line":31,"column":37},"end":{"line":31,"column":11}},"11":{"start":{"line":32,"column":23},"end":{"line":32,"column":11}},"12":{"start":{"line":34,"column":46},"end":{"line":34,"column":55}},"13":{"start":{"line":34,"column":61},"end":{"line":34,"column":66}},"14":{"start":{"line":35,"column":58},"end":{"line":35,"column":67}},"15":{"start":{"line":35,"column":73},"end":{"line":35,"column":78}},"16":{"start":{"line":37,"column":84},"end":{"line":37,"column":null}},"17":{"start":{"line":37,"column":24},"end":{"line":37,"column":47}},"18":{"start":{"line":37,"column":49},"end":{"line":37,"column":61}},"19":{"start":{"line":37,"column":62},"end":{"line":37,"column":64}},"20":{"start":{"line":37,"column":79},"end":{"line":37,"column":84}},"21":{"start":{"line":38,"column":54},"end":{"line":38,"column":63}},"22":{"start":{"line":38,"column":69},"end":{"line":38,"column":81}},"23":{"start":{"line":40,"column":21},"end":{"line":40,"column":null}},"24":{"start":{"line":40,"column":27},"end":{"line":40,"column":28}},"25":{"start":{"line":42,"column":32},"end":{"line":43,"column":null}},"26":{"start":{"line":43,"column":6},"end":{"line":43,"column":15}},"27":{"start":{"line":43,"column":21},"end":{"line":43,"column":23}},"28":{"start":{"line":45,"column":19},"end":{"line":50,"column":null}},"29":{"start":{"line":46,"column":6},"end":{"line":46,"column":11}},"30":{"start":{"line":47,"column":6},"end":{"line":47,"column":11}},"31":{"start":{"line":49,"column":6},"end":{"line":49,"column":25}},"32":{"start":{"line":52,"column":22},"end":{"line":56,"column":null}},"33":{"start":{"line":53,"column":6},"end":{"line":55,"column":null}},"34":{"start":{"line":54,"column":8},"end":{"line":54,"column":14}},"35":{"start":{"line":58,"column":24},"end":{"line":64,"column":null}},"36":{"start":{"line":59,"column":6},"end":{"line":61,"column":null}},"37":{"start":{"line":60,"column":8},"end":{"line":60,"column":null}},"38":{"start":{"line":63,"column":6},"end":{"line":63,"column":12}},"39":{"start":{"line":63,"column":48},"end":{"line":63,"column":53}},"40":{"start":{"line":66,"column":28},"end":{"line":68,"column":null}},"41":{"start":{"line":67,"column":6},"end":{"line":67,"column":23}},"42":{"start":{"line":67,"column":39},"end":{"line":67,"column":41}},"43":{"start":{"line":67,"column":46},"end":{"line":67,"column":50}},"44":{"start":{"line":70,"column":21},"end":{"line":77,"column":null}},"45":{"start":{"line":71,"column":35},"end":{"line":71,"column":52}},"46":{"start":{"line":71,"column":72},"end":{"line":71,"column":74}},"47":{"start":{"line":71,"column":79},"end":{"line":71,"column":91}},"48":{"start":{"line":72,"column":29},"end":{"line":72,"column":43}},"49":{"start":{"line":74,"column":6},"end":{"line":74,"column":11}},"50":{"start":{"line":76,"column":6},"end":{"line":76,"column":13}},"51":{"start":{"line":79,"column":23},"end":{"line":85,"column":null}},"52":{"start":{"line":80,"column":39},"end":{"line":80,"column":null}},"53":{"start":{"line":82,"column":6},"end":{"line":82,"column":11}},"54":{"start":{"line":84,"column":6},"end":{"line":84,"column":13}},"55":{"start":{"line":87,"column":23},"end":{"line":97,"column":null}},"56":{"start":{"line":88,"column":35},"end":{"line":88,"column":52}},"57":{"start":{"line":89,"column":26},"end":{"line":89,"column":28}},"58":{"start":{"line":89,"column":33},"end":{"line":89,"column":34}},"59":{"start":{"line":90,"column":28},"end":{"line":90,"column":30}},"60":{"start":{"line":90,"column":35},"end":{"line":90,"column":47}},"61":{"start":{"line":92,"column":29},"end":{"line":92,"column":43}},"62":{"start":{"line":94,"column":6},"end":{"line":94,"column":11}},"63":{"start":{"line":96,"column":6},"end":{"line":96,"column":13}},"64":{"start":{"line":99,"column":18},"end":{"line":102,"column":null}},"65":{"start":{"line":100,"column":6},"end":{"line":100,"column":11}},"66":{"start":{"line":101,"column":6},"end":{"line":101,"column":null}},"67":{"start":{"line":104,"column":4},"end":{"line":104,"column":10}},"68":{"start":{"line":104,"column":16},"end":{"line":104,"column":21}},"69":{"start":{"line":106,"column":4},"end":{"line":106,"column":10}},"70":{"start":{"line":106,"column":16},"end":{"line":106,"column":22}},"71":{"start":{"line":108,"column":57},"end":{"line":108,"column":null}},"72":{"start":{"line":119,"column":4},"end":{"line":119,"column":16}},"73":{"start":{"line":120,"column":4},"end":{"line":120,"column":12}},"74":{"start":{"line":122,"column":4},"end":{"line":122,"column":11}}},"fnMap":{"0":{"name":"setup","decl":{"start":{"line":26,"column":2},"end":{"line":26,"column":7}},"loc":{"start":{"line":26,"column":13},"end":{"line":131,"column":null}}},"1":{"name":"(anonymous_4)","decl":{"start":{"line":34,"column":55},"end":{"line":34,"column":61}},"loc":{"start":{"line":34,"column":55},"end":{"line":34,"column":null}}},"2":{"name":"(anonymous_5)","decl":{"start":{"line":35,"column":67},"end":{"line":35,"column":73}},"loc":{"start":{"line":35,"column":67},"end":{"line":35,"column":null}}},"3":{"name":"(anonymous_6)","decl":{"start":{"line":38,"column":63},"end":{"line":38,"column":69}},"loc":{"start":{"line":38,"column":63},"end":{"line":38,"column":null}}},"4":{"name":"validate","decl":{"start":{"line":40,"column":10},"end":{"line":40,"column":18}},"loc":{"start":{"line":40,"column":21},"end":{"line":40,"column":null}}},"5":{"name":"validateWithTrigger","decl":{"start":{"line":42,"column":10},"end":{"line":42,"column":29}},"loc":{"start":{"line":42,"column":58},"end":{"line":43,"column":null}}},"6":{"name":"(anonymous_9)","decl":{"start":{"line":43,"column":15},"end":{"line":43,"column":21}},"loc":{"start":{"line":43,"column":15},"end":{"line":43,"column":87}}},"7":{"name":"change","decl":{"start":{"line":45,"column":10},"end":{"line":45,"column":16}},"loc":{"start":{"line":45,"column":42},"end":{"line":50,"column":null}}},"8":{"name":"onChecked","decl":{"start":{"line":52,"column":10},"end":{"line":52,"column":19}},"loc":{"start":{"line":52,"column":40},"end":{"line":56,"column":null}}},"9":{"name":"onUnchecked","decl":{"start":{"line":58,"column":10},"end":{"line":58,"column":21}},"loc":{"start":{"line":58,"column":42},"end":{"line":64,"column":null}}},"10":{"name":"(anonymous_13)","decl":{"start":{"line":63,"column":37},"end":{"line":63,"column":38}},"loc":{"start":{"line":63,"column":43},"end":{"line":63,"column":null}}},"11":{"name":"syncAllCheckbox","decl":{"start":{"line":66,"column":10},"end":{"line":66,"column":25}},"loc":{"start":{"line":66,"column":28},"end":{"line":68,"column":null}}},"12":{"name":"(anonymous_15)","decl":{"start":{"line":67,"column":32},"end":{"line":67,"column":33}},"loc":{"start":{"line":67,"column":41},"end":{"line":67,"column":null}}},"13":{"name":"checkAll","decl":{"start":{"line":70,"column":10},"end":{"line":70,"column":18}},"loc":{"start":{"line":70,"column":21},"end":{"line":77,"column":null}}},"14":{"name":"(anonymous_17)","decl":{"start":{"line":71,"column":57},"end":{"line":71,"column":58}},"loc":{"start":{"line":71,"column":74},"end":{"line":71,"column":null}}},"15":{"name":"uncheckAll","decl":{"start":{"line":79,"column":10},"end":{"line":79,"column":20}},"loc":{"start":{"line":79,"column":23},"end":{"line":85,"column":null}}},"16":{"name":"inverseAll","decl":{"start":{"line":87,"column":10},"end":{"line":87,"column":20}},"loc":{"start":{"line":87,"column":23},"end":{"line":97,"column":null}}},"17":{"name":"(anonymous_20)","decl":{"start":{"line":89,"column":16},"end":{"line":89,"column":17}},"loc":{"start":{"line":89,"column":28},"end":{"line":89,"column":null}}},"18":{"name":"(anonymous_21)","decl":{"start":{"line":90,"column":13},"end":{"line":90,"column":14}},"loc":{"start":{"line":90,"column":30},"end":{"line":90,"column":null}}},"19":{"name":"reset","decl":{"start":{"line":99,"column":10},"end":{"line":99,"column":15}},"loc":{"start":{"line":99,"column":18},"end":{"line":102,"column":null}}},"20":{"name":"(anonymous_23)","decl":{"start":{"line":104,"column":10},"end":{"line":104,"column":16}},"loc":{"start":{"line":104,"column":10},"end":{"line":104,"column":34}}},"21":{"name":"(anonymous_24)","decl":{"start":{"line":106,"column":10},"end":{"line":106,"column":16}},"loc":{"start":{"line":106,"column":10},"end":{"line":106,"column":30}}}},"branchMap":{"0":{"loc":{"start":{"line":46,"column":34},"end":{"line":46,"column":37}},"type":"cond-expr","locations":[{"start":{"line":46,"column":34},"end":{"line":46,"column":37}},{"start":{"line":46,"column":34},"end":{"line":46,"column":37}}]},"1":{"loc":{"start":{"line":46,"column":6},"end":{"line":46,"column":37}},"type":"binary-expr","locations":[{"start":{"line":46,"column":6},"end":{"line":46,"column":37}},{"start":{"line":46,"column":34},"end":{"line":46,"column":37}}]},"2":{"loc":{"start":{"line":47,"column":20},"end":{"line":47,"column":23}},"type":"cond-expr","locations":[{"start":{"line":47,"column":20},"end":{"line":47,"column":23}},{"start":{"line":47,"column":20},"end":{"line":47,"column":23}}]},"3":{"loc":{"start":{"line":47,"column":6},"end":{"line":47,"column":23}},"type":"binary-expr","locations":[{"start":{"line":47,"column":6},"end":{"line":47,"column":23}},{"start":{"line":47,"column":20},"end":{"line":47,"column":23}}]},"4":{"loc":{"start":{"line":53,"column":6},"end":{"line":55,"column":null}},"type":"if","locations":[{"start":{"line":53,"column":6},"end":{"line":55,"column":null}},{"start":{"line":53,"column":6},"end":{"line":55,"column":null}}]},"5":{"loc":{"start":{"line":59,"column":6},"end":{"line":61,"column":null}},"type":"if","locations":[{"start":{"line":59,"column":6},"end":{"line":61,"column":null}},{"start":{"line":59,"column":6},"end":{"line":61,"column":null}}]},"6":{"loc":{"start":{"line":74,"column":34},"end":{"line":74,"column":37}},"type":"cond-expr","locations":[{"start":{"line":74,"column":34},"end":{"line":74,"column":37}},{"start":{"line":74,"column":34},"end":{"line":74,"column":37}}]},"7":{"loc":{"start":{"line":74,"column":6},"end":{"line":74,"column":37}},"type":"binary-expr","locations":[{"start":{"line":74,"column":6},"end":{"line":74,"column":37}},{"start":{"line":74,"column":34},"end":{"line":74,"column":37}}]},"8":{"loc":{"start":{"line":82,"column":34},"end":{"line":82,"column":37}},"type":"cond-expr","locations":[{"start":{"line":82,"column":34},"end":{"line":82,"column":37}},{"start":{"line":82,"column":34},"end":{"line":82,"column":37}}]},"9":{"loc":{"start":{"line":82,"column":6},"end":{"line":82,"column":37}},"type":"binary-expr","locations":[{"start":{"line":82,"column":6},"end":{"line":82,"column":37}},{"start":{"line":82,"column":34},"end":{"line":82,"column":37}}]},"10":{"loc":{"start":{"line":94,"column":34},"end":{"line":94,"column":37}},"type":"cond-expr","locations":[{"start":{"line":94,"column":34},"end":{"line":94,"column":37}},{"start":{"line":94,"column":34},"end":{"line":94,"column":37}}]},"11":{"loc":{"start":{"line":94,"column":6},"end":{"line":94,"column":37}},"type":"binary-expr","locations":[{"start":{"line":94,"column":6},"end":{"line":94,"column":37}},{"start":{"line":94,"column":34},"end":{"line":94,"column":37}}]},"12":{"loc":{"start":{"line":100,"column":34},"end":{"line":100,"column":37}},"type":"cond-expr","locations":[{"start":{"line":100,"column":34},"end":{"line":100,"column":37}},{"start":{"line":100,"column":34},"end":{"line":100,"column":37}}]},"13":{"loc":{"start":{"line":100,"column":6},"end":{"line":100,"column":37}},"type":"binary-expr","locations":[{"start":{"line":100,"column":6},"end":{"line":100,"column":37}},{"start":{"line":100,"column":34},"end":{"line":100,"column":37}}]},"14":{"loc":{"start":{"line":120,"column":12},"end":{"line":120,"column":15}},"type":"cond-expr","locations":[{"start":{"line":120,"column":12},"end":{"line":120,"column":15}},{"start":{"line":120,"column":4},"end":{"line":120,"column":15}}]},"15":{"loc":{"start":{"line":120,"column":4},"end":{"line":120,"column":15}},"type":"binary-expr","locations":[{"start":{"line":120,"column":4},"end":{"line":120,"column":15}},{"start":{"line":120,"column":4},"end":{"line":120,"column":15}}]}},"s":{"0":0,"1":0,"2":0,"3":0,"4":0,"5":0,"6":0,"7":0,"8":0,"9":0,"10":0,"11":0,"12":0,"13":0,"14":0,"15":0,"16":0,"17":0,"18":0,"19":0,"20":0,"21":0,"22":0,"23":0,"24":0,"25":0,"26":0,"27":0,"28":0,"29":0,"30":0,"31":0,"32":0,"33":0,"34":0,"35":0,"36":0,"37":0,"38":0,"39":0,"40":0,"41":0,"42":0,"43":0,"44":0,"45":0,"46":0,"47":0,"48":0,"49":0,"50":0,"51":0,"52":0,"53":0,"54":0,"55":0,"56":0,"57":0,"58":0,"59":0,"60":0,"61":0,"62":0,"63":0,"64":0,"65":0,"66":0,"67":0,"68":0,"69":0,"70":0,"71":0,"72":0,"73":0,"74":0},"f":{"0":0,"1":0,"2":0,"3":0,"4":0,"5":0,"6":0,"7":0,"8":0,"9":0,"10":0,"11":0,"12":0,"13":0,"14":0,"15":0,"16":0,"17":0,"18":0,"19":0,"20":0,"21":0},"b":{"0":[0,0],"1":[0,0],"2":[0,0],"3":[0,0],"4":[0,0],"5":[0,0],"6":[0,0],"7":[0,0],"8":[0,0],"9":[0,0],"10":[0,0],"11":[0,0],"12":[0,0],"13":[0,0],"14":[0,0],"15":[0,0]}}
,"/Users/qihao/varlet/packages/varlet-ui/src/checkbox-group/index.ts": {"path":"/Users/qihao/varlet/packages/varlet-ui/src/checkbox-group/index.ts","statementMap":{"0":{"start":{"line":4,"column":0},"end":{"line":6,"column":1}},"1":{"start":{"line":5,"column":2},"end":{"line":5,"column":50}}},"fnMap":{"0":{"name":"(anonymous_0)","decl":{"start":{"line":4,"column":24},"end":{"line":4,"column":25}},"loc":{"start":{"line":4,"column":44},"end":{"line":6,"column":1}},"line":4}},"branchMap":{},"s":{"0":0,"1":0},"f":{"0":0},"b":{}}
,"/Users/qihao/varlet/packages/varlet-ui/src/checkbox-group/props.ts": {"path":"/Users/qihao/varlet/packages/varlet-ui/src/checkbox-group/props.ts","statementMap":{"0":{"start":{"line":6,"column":2},"end":{"line":6,"column":55}},"1":{"start":{"line":9,"column":21},"end":{"line":34,"column":1}}},"fnMap":{"0":{"name":"directionValidator","decl":{"start":{"line":5,"column":16},"end":{"line":5,"column":34}},"loc":{"start":{"line":5,"column":54},"end":{"line":7,"column":1}},"line":5}},"branchMap":{},"s":{"0":0,"1":0},"f":{"0":0},"b":{}}
,"/Users/qihao/varlet/packages/varlet-ui/src/checkbox-group/provide.ts": {"path":"/Users/qihao/varlet/packages/varlet-ui/src/checkbox-group/provide.ts","statementMap":{"0":{"start":{"line":12,"column":48},"end":{"line":12,"column":90}},"1":{"start":{"line":13,"column":49},"end":{"line":13,"column":92}}},"fnMap":{},"branchMap":{},"s":{"0":0,"1":0},"f":{},"b":{}}
,"/Users/qihao/varlet/packages/varlet-ui/src/checkbox-group/example/index.vue": {"path":"/Users/qihao/varlet/packages/varlet-ui/src/checkbox-group/example/index.vue","statementMap":{"0":{"start":{"line":6,"column":0},"end":{"line":6,"column":null}},"1":{"start":{"line":7,"column":0},"end":{"line":7,"column":null}},"2":{"start":{"line":9,"column":0},"end":{"line":9,"column":15}}},"fnMap":{},"branchMap":{},"s":{"0":0,"1":0,"2":0},"f":{},"b":{}}
,"/Users/qihao/varlet/packages/varlet-ui/src/checkbox/example/index.vue": {"path":"/Users/qihao/varlet/packages/varlet-ui/src/checkbox/example/index.vue","statementMap":{"0":{"start":{"line":49,"column":0},"end":{"line":49,"column":null}},"1":{"start":{"line":50,"column":0},"end":{"line":50,"column":null}},"2":{"start":{"line":51,"column":0},"end":{"line":51,"column":null}},"3":{"start":{"line":52,"column":0},"end":{"line":52,"column":null}},"4":{"start":{"line":53,"column":0},"end":{"line":53,"column":null}},"5":{"start":{"line":55,"column":0},"end":{"line":55,"column":15}},"6":{"start":{"line":64,"column":19},"end":{"line":64,"column":23}},"7":{"start":{"line":65,"column":4},"end":{"line":65,"column":11}},"8":{"start":{"line":72,"column":8},"end":{"line":72,"column":15}}},"fnMap":{"0":{"name":"setup","decl":{"start":{"line":63,"column":2},"end":{"line":63,"column":7}},"loc":{"start":{"line":63,"column":2},"end":{"line":75,"column":null}}},"1":{"name":"log","decl":{"start":{"line":71,"column":6},"end":{"line":71,"column":9}},"loc":{"start":{"line":71,"column":16},"end":{"line":73,"column":null}}}},"branchMap":{},"s":{"0":0,"1":0,"2":0,"3":0,"4":0,"5":0,"6":0,"7":0,"8":0},"f":{"0":0,"1":0},"b":{}}
,"/Users/qihao/varlet/packages/varlet-ui/src/chip/Chip.vue": {"path":"/Users/qihao/varlet/packages/varlet-ui/src/chip/Chip.vue","statementMap":{"0":{"start":{"line":38,"column":0},"end":{"line":38,"column":null}},"1":{"start":{"line":39,"column":0},"end":{"line":39,"column":null}},"2":{"start":{"line":40,"column":0},"end":{"line":40,"column":null}},"3":{"start":{"line":41,"column":0},"end":{"line":41,"column":null}},"4":{"start":{"line":43,"column":0},"end":{"line":43,"column":15}},"5":{"start":{"line":52,"column":25},"end":{"line":64,"column":null}},"6":{"start":{"line":53,"column":6},"end":{"line":58,"column":null}},"7":{"start":{"line":54,"column":8},"end":{"line":54,"column":15}},"8":{"start":{"line":60,"column":6},"end":{"line":60,"column":13}},"9":{"start":{"line":65,"column":4},"end":{"line":65,"column":11}}},"fnMap":{"0":{"name":"setup","decl":{"start":{"line":51,"column":7},"end":{"line":51,"column":8}},"loc":{"start":{"line":51,"column":13},"end":{"line":68,"column":null}}},"1":{"name":"controlStyle","decl":{"start":{"line":52,"column":10},"end":{"line":52,"column":22}},"loc":{"start":{"line":52,"column":25},"end":{"line":64,"column":null}}}},"branchMap":{"0":{"loc":{"start":{"line":53,"column":6},"end":{"line":58,"column":null}},"type":"if","locations":[{"start":{"line":53,"column":6},"end":{"line":58,"column":null}},{"start":{"line":53,"column":6},"end":{"line":58,"column":null}}]},"1":{"loc":{"start":{"line":55,"column":17},"end":{"line":55,"column":36}},"type":"binary-expr","locations":[{"start":{"line":55,"column":17},"end":{"line":55,"column":36}},{"start":{"line":55,"column":36},"end":{"line":55,"column":null}}]}},"s":{"0":0,"1":0,"2":0,"3":0,"4":0,"5":0,"6":0,"7":0,"8":0,"9":0},"f":{"0":0,"1":0},"b":{"0":[0,0],"1":[0,0]}}
,"/Users/qihao/varlet/packages/varlet-ui/src/chip/index.ts": {"path":"/Users/qihao/varlet/packages/varlet-ui/src/chip/index.ts","statementMap":{"0":{"start":{"line":4,"column":0},"end":{"line":6,"column":1}},"1":{"start":{"line":5,"column":2},"end":{"line":5,"column":32}}},"fnMap":{"0":{"name":"(anonymous_0)","decl":{"start":{"line":4,"column":15},"end":{"line":4,"column":16}},"loc":{"start":{"line":4,"column":35},"end":{"line":6,"column":1}},"line":4}},"branchMap":{},"s":{"0":0,"1":0},"f":{"0":0},"b":{}}
,"/Users/qihao/varlet/packages/varlet-ui/src/chip/props.ts": {"path":"/Users/qihao/varlet/packages/varlet-ui/src/chip/props.ts","statementMap":{"0":{"start":{"line":5,"column":2},"end":{"line":5,"column":86}},"1":{"start":{"line":9,"column":2},"end":{"line":9,"column":60}},"2":{"start":{"line":12,"column":21},"end":{"line":81,"column":1}}},"fnMap":{"0":{"name":"typeValidator","decl":{"start":{"line":4,"column":9},"end":{"line":4,"column":22}},"loc":{"start":{"line":4,"column":46},"end":{"line":6,"column":1}},"line":4},"1":{"name":"sizeValidator","decl":{"start":{"line":8,"column":9},"end":{"line":8,"column":22}},"loc":{"start":{"line":8,"column":46},"end":{"line":10,"column":1}},"line":8}},"branchMap":{},"s":{"0":0,"1":0,"2":0},"f":{"0":0,"1":0},"b":{}}
,"/Users/qihao/varlet/packages/varlet-ui/src/chip/example/index.vue": {"path":"/Users/qihao/varlet/packages/varlet-ui/src/chip/example/index.vue","statementMap":{"0":{"start":{"line":61,"column":0},"end":{"line":61,"column":null}},"1":{"start":{"line":62,"column":0},"end":{"line":62,"column":null}},"2":{"start":{"line":63,"column":0},"end":{"line":63,"column":null}},"3":{"start":{"line":65,"column":0},"end":{"line":65,"column":15}},"4":{"start":{"line":72,"column":31},"end":{"line":72,"column":35}},"5":{"start":{"line":73,"column":32},"end":{"line":73,"column":36}},"6":{"start":{"line":74,"column":32},"end":{"line":74,"column":36}},"7":{"start":{"line":75,"column":32},"end":{"line":75,"column":36}},"8":{"start":{"line":76,"column":32},"end":{"line":76,"column":36}},"9":{"start":{"line":77,"column":32},"end":{"line":77,"column":36}},"10":{"start":{"line":78,"column":32},"end":{"line":78,"column":36}},"11":{"start":{"line":79,"column":4},"end":{"line":79,"column":11}}},"fnMap":{"0":{"name":"setup","decl":{"start":{"line":71,"column":2},"end":{"line":71,"column":7}},"loc":{"start":{"line":71,"column":2},"end":{"line":88,"column":null}}}},"branchMap":{},"s":{"0":0,"1":0,"2":0,"3":0,"4":0,"5":0,"6":0,"7":0,"8":0,"9":0,"10":0,"11":0},"f":{"0":0},"b":{}}
,"/Users/qihao/varlet/packages/varlet-ui/src/context/index.ts": {"path":"/Users/qihao/varlet/packages/varlet-ui/src/context/index.ts","statementMap":{"0":{"start":{"line":8,"column":25},"end":{"line":11,"column":1}}},"fnMap":{},"branchMap":{},"s":{"0":1},"f":{},"b":{},"_coverageSchema":"1a1c01bbd47fc00a2c39e90264f33305004495a9","hash":"c78ea67989d06f6d80ba61993c664f3303816977"}
,"/Users/qihao/varlet/packages/varlet-ui/src/context/lock.ts": {"path":"/Users/qihao/varlet/packages/varlet-ui/src/context/lock.ts","statementMap":{"0":{"start":{"line":13,"column":29},"end":{"line":13,"column":62}},"1":{"start":{"line":14,"column":2},"end":{"line":16,"column":46}},"2":{"start":{"line":20,"column":2},"end":{"line":20,"column":24}},"3":{"start":{"line":21,"column":2},"end":{"line":21,"column":15}},"4":{"start":{"line":25,"column":2},"end":{"line":25,"column":27}},"5":{"start":{"line":26,"column":2},"end":{"line":26,"column":15}},"6":{"start":{"line":36,"column":18},"end":{"line":36,"column":67}},"7":{"start":{"line":37,"column":2},"end":{"line":47,"column":3}},"8":{"start":{"line":38,"column":4},"end":{"line":46,"column":6}},"9":{"start":{"line":38,"column":16},"end":{"line":38,"column":26}},"10":{"start":{"line":39,"column":6},"end":{"line":45,"column":7}},"11":{"start":{"line":41,"column":8},"end":{"line":41,"column":24}},"12":{"start":{"line":42,"column":13},"end":{"line":45,"column":7}},"13":{"start":{"line":44,"column":8},"end":{"line":44,"column":20}},"14":{"start":{"line":49,"column":2},"end":{"line":61,"column":4}},"15":{"start":{"line":49,"column":14},"end":{"line":49,"column":26}},"16":{"start":{"line":50,"column":4},"end":{"line":52,"column":5}},"17":{"start":{"line":51,"column":6},"end":{"line":51,"column":12}},"18":{"start":{"line":54,"column":4},"end":{"line":60,"column":5}},"19":{"start":{"line":56,"column":6},"end":{"line":56,"column":18}},"20":{"start":{"line":59,"column":6},"end":{"line":59,"column":22}},"21":{"start":{"line":63,"column":2},"end":{"line":72,"column":4}},"22":{"start":{"line":64,"column":4},"end":{"line":66,"column":5}},"23":{"start":{"line":65,"column":6},"end":{"line":65,"column":12}},"24":{"start":{"line":68,"column":4},"end":{"line":71,"column":5}},"25":{"start":{"line":70,"column":6},"end":{"line":70,"column":18}},"26":{"start":{"line":74,"column":2},"end":{"line":83,"column":4}},"27":{"start":{"line":75,"column":4},"end":{"line":77,"column":5}},"28":{"start":{"line":76,"column":6},"end":{"line":76,"column":12}},"29":{"start":{"line":79,"column":4},"end":{"line":82,"column":5}},"30":{"start":{"line":81,"column":6},"end":{"line":81,"column":22}},"31":{"start":{"line":85,"column":2},"end":{"line":94,"column":4}},"32":{"start":{"line":86,"column":4},"end":{"line":88,"column":5}},"33":{"start":{"line":87,"column":6},"end":{"line":87,"column":12}},"34":{"start":{"line":90,"column":4},"end":{"line":93,"column":5}},"35":{"start":{"line":92,"column":6},"end":{"line":92,"column":18}},"36":{"start":{"line":96,"column":2},"end":{"line":105,"column":4}},"37":{"start":{"line":97,"column":4},"end":{"line":99,"column":5}},"38":{"start":{"line":98,"column":6},"end":{"line":98,"column":12}},"39":{"start":{"line":101,"column":4},"end":{"line":104,"column":5}},"40":{"start":{"line":103,"column":6},"end":{"line":103,"column":22}}},"fnMap":{"0":{"name":"resolveLock","decl":{"start":{"line":12,"column":16},"end":{"line":12,"column":27}},"loc":{"start":{"line":12,"column":30},"end":{"line":17,"column":1}},"line":12},"1":{"name":"addLock","decl":{"start":{"line":19,"column":16},"end":{"line":19,"column":23}},"loc":{"start":{"line":19,"column":37},"end":{"line":22,"column":1}},"line":19},"2":{"name":"releaseLock","decl":{"start":{"line":24,"column":16},"end":{"line":24,"column":27}},"loc":{"start":{"line":24,"column":41},"end":{"line":27,"column":1}},"line":24},"3":{"name":"useLock","decl":{"start":{"line":35,"column":16},"end":{"line":35,"column":23}},"loc":{"start":{"line":35,"column":65},"end":{"line":106,"column":1}},"line":35},"4":{"name":"(anonymous_4)","decl":{"start":{"line":38,"column":10},"end":{"line":38,"column":11}},"loc":{"start":{"line":38,"column":16},"end":{"line":38,"column":26}},"line":38},"5":{"name":"(anonymous_5)","decl":{"start":{"line":38,"column":28},"end":{"line":38,"column":29}},"loc":{"start":{"line":38,"column":51},"end":{"line":46,"column":5}},"line":38},"6":{"name":"(anonymous_6)","decl":{"start":{"line":49,"column":8},"end":{"line":49,"column":9}},"loc":{"start":{"line":49,"column":14},"end":{"line":49,"column":26}},"line":49},"7":{"name":"(anonymous_7)","decl":{"start":{"line":49,"column":28},"end":{"line":49,"column":29}},"loc":{"start":{"line":49,"column":51},"end":{"line":61,"column":3}},"line":49},"8":{"name":"(anonymous_8)","decl":{"start":{"line":63,"column":16},"end":{"line":63,"column":17}},"loc":{"start":{"line":63,"column":22},"end":{"line":72,"column":3}},"line":63},"9":{"name":"(anonymous_9)","decl":{"start":{"line":74,"column":14},"end":{"line":74,"column":15}},"loc":{"start":{"line":74,"column":20},"end":{"line":83,"column":3}},"line":74},"10":{"name":"(anonymous_10)","decl":{"start":{"line":85,"column":14},"end":{"line":85,"column":15}},"loc":{"start":{"line":85,"column":20},"end":{"line":94,"column":3}},"line":85},"11":{"name":"(anonymous_11)","decl":{"start":{"line":96,"column":16},"end":{"line":96,"column":17}},"loc":{"start":{"line":96,"column":22},"end":{"line":105,"column":3}},"line":96}},"branchMap":{"0":{"loc":{"start":{"line":14,"column":2},"end":{"line":16,"column":46}},"type":"cond-expr","locations":[{"start":{"line":15,"column":6},"end":{"line":15,"column":49}},{"start":{"line":16,"column":6},"end":{"line":16,"column":46}}],"line":14},"1":{"loc":{"start":{"line":37,"column":2},"end":{"line":47,"column":3}},"type":"if","locations":[{"start":{"line":37,"column":2},"end":{"line":47,"column":3}},{"start":{"line":37,"column":2},"end":{"line":47,"column":3}}],"line":37},"2":{"loc":{"start":{"line":39,"column":6},"end":{"line":45,"column":7}},"type":"if","locations":[{"start":{"line":39,"column":6},"end":{"line":45,"column":7}},{"start":{"line":39,"column":6},"end":{"line":45,"column":7}}],"line":39},"3":{"loc":{"start":{"line":42,"column":13},"end":{"line":45,"column":7}},"type":"if","locations":[{"start":{"line":42,"column":13},"end":{"line":45,"column":7}},{"start":{"line":42,"column":13},"end":{"line":45,"column":7}}],"line":42},"4":{"loc":{"start":{"line":42,"column":17},"end":{"line":42,"column":59}},"type":"binary-expr","locations":[{"start":{"line":42,"column":17},"end":{"line":42,"column":34}},{"start":{"line":42,"column":38},"end":{"line":42,"column":59}}],"line":42},"5":{"loc":{"start":{"line":50,"column":4},"end":{"line":52,"column":5}},"type":"if","locations":[{"start":{"line":50,"column":4},"end":{"line":52,"column":5}},{"start":{"line":50,"column":4},"end":{"line":52,"column":5}}],"line":50},"6":{"loc":{"start":{"line":50,"column":8},"end":{"line":50,"column":35}},"type":"binary-expr","locations":[{"start":{"line":50,"column":8},"end":{"line":50,"column":11}},{"start":{"line":50,"column":15},"end":{"line":50,"column":35}}],"line":50},"7":{"loc":{"start":{"line":54,"column":4},"end":{"line":60,"column":5}},"type":"if","locations":[{"start":{"line":54,"column":4},"end":{"line":60,"column":5}},{"start":{"line":54,"column":4},"end":{"line":60,"column":5}}],"line":54},"8":{"loc":{"start":{"line":64,"column":4},"end":{"line":66,"column":5}},"type":"if","locations":[{"start":{"line":64,"column":4},"end":{"line":66,"column":5}},{"start":{"line":64,"column":4},"end":{"line":66,"column":5}}],"line":64},"9":{"loc":{"start":{"line":64,"column":8},"end":{"line":64,"column":35}},"type":"binary-expr","locations":[{"start":{"line":64,"column":8},"end":{"line":64,"column":11}},{"start":{"line":64,"column":15},"end":{"line":64,"column":35}}],"line":64},"10":{"loc":{"start":{"line":68,"column":4},"end":{"line":71,"column":5}},"type":"if","locations":[{"start":{"line":68,"column":4},"end":{"line":71,"column":5}},{"start":{"line":68,"column":4},"end":{"line":71,"column":5}}],"line":68},"11":{"loc":{"start":{"line":75,"column":4},"end":{"line":77,"column":5}},"type":"if","locations":[{"start":{"line":75,"column":4},"end":{"line":77,"column":5}},{"start":{"line":75,"column":4},"end":{"line":77,"column":5}}],"line":75},"12":{"loc":{"start":{"line":75,"column":8},"end":{"line":75,"column":35}},"type":"binary-expr","locations":[{"start":{"line":75,"column":8},"end":{"line":75,"column":11}},{"start":{"line":75,"column":15},"end":{"line":75,"column":35}}],"line":75},"13":{"loc":{"start":{"line":79,"column":4},"end":{"line":82,"column":5}},"type":"if","locations":[{"start":{"line":79,"column":4},"end":{"line":82,"column":5}},{"start":{"line":79,"column":4},"end":{"line":82,"column":5}}],"line":79},"14":{"loc":{"start":{"line":86,"column":4},"end":{"line":88,"column":5}},"type":"if","locations":[{"start":{"line":86,"column":4},"end":{"line":88,"column":5}},{"start":{"line":86,"column":4},"end":{"line":88,"column":5}}],"line":86},"15":{"loc":{"start":{"line":86,"column":8},"end":{"line":86,"column":35}},"type":"binary-expr","locations":[{"start":{"line":86,"column":8},"end":{"line":86,"column":11}},{"start":{"line":86,"column":15},"end":{"line":86,"column":35}}],"line":86},"16":{"loc":{"start":{"line":90,"column":4},"end":{"line":93,"column":5}},"type":"if","locations":[{"start":{"line":90,"column":4},"end":{"line":93,"column":5}},{"start":{"line":90,"column":4},"end":{"line":93,"column":5}}],"line":90},"17":{"loc":{"start":{"line":97,"column":4},"end":{"line":99,"column":5}},"type":"if","locations":[{"start":{"line":97,"column":4},"end":{"line":99,"column":5}},{"start":{"line":97,"column":4},"end":{"line":99,"column":5}}],"line":97},"18":{"loc":{"start":{"line":97,"column":8},"end":{"line":97,"column":35}},"type":"binary-expr","locations":[{"start":{"line":97,"column":8},"end":{"line":97,"column":11}},{"start":{"line":97,"column":15},"end":{"line":97,"column":35}}],"line":97},"19":{"loc":{"start":{"line":101,"column":4},"end":{"line":104,"column":5}},"type":"if","locations":[{"start":{"line":101,"column":4},"end":{"line":104,"column":5}},{"start":{"line":101,"column":4},"end":{"line":104,"column":5}}],"line":101}},"s":{"0":0,"1":0,"2":0,"3":0,"4":0,"5":0,"6":2,"7":2,"8":2,"9":2,"10":0,"11":0,"12":0,"13":0,"14":2,"15":2,"16":0,"17":0,"18":0,"19":0,"20":0,"21":2,"22":2,"23":2,"24":0,"25":0,"26":2,"27":1,"28":1,"29":0,"30":0,"31":2,"32":0,"33":0,"34":0,"35":0,"36":2,"37":0,"38":0,"39":0,"40":0},"f":{"0":0,"1":0,"2":0,"3":2,"4":2,"5":0,"6":2,"7":0,"8":2,"9":1,"10":0,"11":0},"b":{"0":[0,0],"1":[2,0],"2":[0,0],"3":[0,0],"4":[0,0],"5":[0,0],"6":[0,0],"7":[0,0],"8":[2,0],"9":[2,2],"10":[0,0],"11":[1,0],"12":[1,1],"13":[0,0],"14":[0,0],"15":[0,0],"16":[0,0],"17":[0,0],"18":[0,0],"19":[0,0]},"_coverageSchema":"1a1c01bbd47fc00a2c39e90264f33305004495a9","hash":"9c6408c39847385416edd257ddfc9f84a9cf88c1"}
,"/Users/qihao/varlet/packages/varlet-ui/src/context/zIndex.ts": {"path":"/Users/qihao/varlet/packages/varlet-ui/src/context/zIndex.ts","statementMap":{"0":{"start":{"line":5,"column":30},"end":{"line":5,"column":49}},"1":{"start":{"line":7,"column":2},"end":{"line":12,"column":25}},"2":{"start":{"line":7,"column":14},"end":{"line":7,"column":26}},"3":{"start":{"line":8,"column":4},"end":{"line":11,"column":5}},"4":{"start":{"line":9,"column":6},"end":{"line":9,"column":29}},"5":{"start":{"line":10,"column":6},"end":{"line":10,"column":35}},"6":{"start":{"line":14,"column":2},"end":{"line":14,"column":19}}},"fnMap":{"0":{"name":"useZIndex","decl":{"start":{"line":4,"column":16},"end":{"line":4,"column":25}},"loc":{"start":{"line":4,"column":68},"end":{"line":15,"column":1}},"line":4},"1":{"name":"(anonymous_1)","decl":{"start":{"line":7,"column":8},"end":{"line":7,"column":9}},"loc":{"start":{"line":7,"column":14},"end":{"line":7,"column":26}},"line":7},"2":{"name":"(anonymous_2)","decl":{"start":{"line":7,"column":28},"end":{"line":7,"column":29}},"loc":{"start":{"line":7,"column":42},"end":{"line":12,"column":3}},"line":7}},"branchMap":{"0":{"loc":{"start":{"line":8,"column":4},"end":{"line":11,"column":5}},"type":"if","locations":[{"start":{"line":8,"column":4},"end":{"line":11,"column":5}},{"start":{"line":8,"column":4},"end":{"line":11,"column":5}}],"line":8}},"s":{"0":2,"1":2,"2":2,"3":2,"4":2,"5":2,"6":2},"f":{"0":2,"1":2,"2":2},"b":{"0":[2,0]},"_coverageSchema":"1a1c01bbd47fc00a2c39e90264f33305004495a9","hash":"c0f322c8d5b723e8421414d90e1ad0073e538b87"}
,"/Users/qihao/varlet/packages/varlet-ui/src/date-picker/DatePicker.vue": {"path":"/Users/qihao/varlet/packages/varlet-ui/src/date-picker/DatePicker.vue","statementMap":{"0":{"start":{"line":84,"column":0},"end":{"line":84,"column":null}},"1":{"start":{"line":85,"column":0},"end":{"line":85,"column":null}},"2":{"start":{"line":86,"column":0},"end":{"line":86,"column":null}},"3":{"start":{"line":87,"column":0},"end":{"line":87,"column":null}},"4":{"start":{"line":88,"column":0},"end":{"line":88,"column":null}},"5":{"start":{"line":89,"column":0},"end":{"line":89,"column":null}},"6":{"start":{"line":90,"column":0},"end":{"line":90,"column":null}},"7":{"start":{"line":92,"column":0},"end":{"line":92,"column":15}},"8":{"start":{"line":101,"column":32},"end":{"line":101,"column":40}},"9":{"start":{"line":102,"column":10},"end":{"line":102,"column":11}},"10":{"start":{"line":102,"column":22},"end":{"line":102,"column":24}},"11":{"start":{"line":102,"column":36},"end":{"line":102,"column":38}},"12":{"start":{"line":102,"column":48},"end":{"line":102,"column":52}},"13":{"start":{"line":103,"column":35},"end":{"line":103,"column":46}},"14":{"start":{"line":103,"column":64},"end":{"line":103,"column":69}},"15":{"start":{"line":104,"column":38},"end":{"line":104,"column":42}},"16":{"start":{"line":105,"column":39},"end":{"line":105,"column":43}},"17":{"start":{"line":106,"column":36},"end":{"line":106,"column":40}},"18":{"start":{"line":107,"column":36},"end":{"line":107,"column":40}},"19":{"start":{"line":108,"column":36},"end":{"line":108,"column":40}},"20":{"start":{"line":109,"column":35},"end":{"line":109,"column":39}},"21":{"start":{"line":110,"column":37},"end":{"line":110,"column":41}},"22":{"start":{"line":111,"column":37},"end":{"line":111,"column":41}},"23":{"start":{"line":112,"column":34},"end":{"line":112,"column":38}},"24":{"start":{"line":113,"column":45},"end":{"line":113,"column":49}},"25":{"start":{"line":114,"column":43},"end":{"line":114,"column":47}},"26":{"start":{"line":115,"column":49},"end":{"line":115,"column":53}},"27":{"start":{"line":116,"column":47},"end":{"line":116,"column":51}},"28":{"start":{"line":118,"column":54},"end":{"line":118,"column":63}},"29":{"start":{"line":130,"column":43},"end":{"line":130,"column":52}},"30":{"start":{"line":130,"column":58},"end":{"line":130,"column":59}},"31":{"start":{"line":140,"column":45},"end":{"line":140,"column":54}},"32":{"start":{"line":140,"column":60},"end":{"line":140,"column":61}},"33":{"start":{"line":145,"column":47},"end":{"line":145,"column":56}},"34":{"start":{"line":146,"column":34},"end":{"line":146,"column":24}},"35":{"start":{"line":146,"column":34},"end":{"line":146,"column":13}},"36":{"start":{"line":147,"column":6},"end":{"line":147,"column":27}},"37":{"start":{"line":147,"column":17},"end":{"line":147,"column":27}},"38":{"start":{"line":148,"column":6},"end":{"line":148,"column":13}},"39":{"start":{"line":151,"column":46},"end":{"line":151,"column":55}},"40":{"start":{"line":152,"column":34},"end":{"line":152,"column":24}},"41":{"start":{"line":152,"column":34},"end":{"line":152,"column":13}},"42":{"start":{"line":153,"column":6},"end":{"line":156,"column":null}},"43":{"start":{"line":154,"column":8},"end":{"line":154,"column":22}},"44":{"start":{"line":154,"column":66},"end":{"line":154,"column":72}},"45":{"start":{"line":155,"column":8},"end":{"line":155,"column":18}},"46":{"start":{"line":157,"column":6},"end":{"line":157,"column":27}},"47":{"start":{"line":157,"column":20},"end":{"line":157,"column":27}},"48":{"start":{"line":158,"column":24},"end":{"line":158,"column":33}},"49":{"start":{"line":159,"column":25},"end":{"line":159,"column":37}},"50":{"start":{"line":159,"column":55},"end":{"line":159,"column":60}},"51":{"start":{"line":160,"column":6},"end":{"line":160,"column":16}},"52":{"start":{"line":163,"column":68},"end":{"line":163,"column":77}},"53":{"start":{"line":164,"column":24},"end":{"line":164,"column":33}},"54":{"start":{"line":165,"column":6},"end":{"line":165,"column":13}},"55":{"start":{"line":173,"column":52},"end":{"line":173,"column":61}},"56":{"start":{"line":174,"column":6},"end":{"line":174,"column":15}},"57":{"start":{"line":174,"column":53},"end":{"line":174,"column":59}},"58":{"start":{"line":177,"column":45},"end":{"line":177,"column":54}},"59":{"start":{"line":177,"column":60},"end":{"line":177,"column":70}},"60":{"start":{"line":178,"column":46},"end":{"line":178,"column":55}},"61":{"start":{"line":178,"column":61},"end":{"line":178,"column":72}},"62":{"start":{"line":180,"column":20},"e
[...]
"line":21},"3":{"loc":{"start":{"line":22,"column":22},"end":{"line":22,"column":60}},"type":"binary-expr","locations":[{"start":{"line":22,"column":22},"end":{"line":22,"column":46}},{"start":{"line":22,"column":50},"end":{"line":22,"column":60}}],"line":22},"4":{"loc":{"start":{"line":24,"column":9},"end":{"line":24,"column":35}},"type":"binary-expr","locations":[{"start":{"line":24,"column":9},"end":{"line":24,"column":20}},{"start":{"line":24,"column":24},"end":{"line":24,"column":35}}],"line":24},"5":{"loc":{"start":{"line":31,"column":4},"end":{"line":33,"column":5}},"type":"if","locations":[{"start":{"line":31,"column":4},"end":{"line":33,"column":5}},{"start":{"line":31,"column":4},"end":{"line":33,"column":5}}],"line":31},"6":{"loc":{"start":{"line":37,"column":4},"end":{"line":39,"column":5}},"type":"if","locations":[{"start":{"line":37,"column":4},"end":{"line":39,"column":5}},{"start":{"line":37,"column":4},"end":{"line":39,"column":5}}],"line":37},"7":{"loc":{"start":{"line":37,"column":8},"end":{"line":37,"column":73}},"type":"binary-expr","locations":[{"start":{"line":37,"column":8},"end":{"line":37,"column":33}},{"start":{"line":37,"column":37},"end":{"line":37,"column":73}}],"line":37},"8":{"loc":{"start":{"line":45,"column":26},"end":{"line":45,"column":94}},"type":"binary-expr","locations":[{"start":{"line":45,"column":27},"end":{"line":45,"column":44}},{"start":{"line":45,"column":48},"end":{"line":45,"column":65}},{"start":{"line":45,"column":70},"end":{"line":45,"column":94}}],"line":45},"9":{"loc":{"start":{"line":46,"column":26},"end":{"line":46,"column":94}},"type":"binary-expr","locations":[{"start":{"line":46,"column":27},"end":{"line":46,"column":44}},{"start":{"line":46,"column":48},"end":{"line":46,"column":65}},{"start":{"line":46,"column":70},"end":{"line":46,"column":94}}],"line":46},"10":{"loc":{"start":{"line":47,"column":4},"end":{"line":49,"column":5}},"type":"if","locations":[{"start":{"line":47,"column":4},"end":{"line":49,"column":5}},{"start":{"line":47,"column":4},"end":{"line":49,"column":5}}],"line":47},"11":{"loc":{"start":{"line":47,"column":8},"end":{"line":47,"column":54}},"type":"binary-expr","locations":[{"start":{"line":47,"column":8},"end":{"line":47,"column":20}},{"start":{"line":47,"column":24},"end":{"line":47,"column":37}},{"start":{"line":47,"column":41},"end":{"line":47,"column":54}}],"line":47},"12":{"loc":{"start":{"line":56,"column":2},"end":{"line":58,"column":3}},"type":"if","locations":[{"start":{"line":56,"column":2},"end":{"line":58,"column":3}},{"start":{"line":56,"column":2},"end":{"line":58,"column":3}}],"line":56},"13":{"loc":{"start":{"line":59,"column":9},"end":{"line":59,"column":58}},"type":"binary-expr","locations":[{"start":{"line":59,"column":9},"end":{"line":59,"column":34}},{"start":{"line":59,"column":38},"end":{"line":59,"column":58}}],"line":59},"14":{"loc":{"start":{"line":63,"column":2},"end":{"line":65,"column":3}},"type":"if","locations":[{"start":{"line":63,"column":2},"end":{"line":65,"column":3}},{"start":{"line":63,"column":2},"end":{"line":65,"column":3}}],"line":63},"15":{"loc":{"start":{"line":67,"column":9},"end":{"line":67,"column":59}},"type":"binary-expr","locations":[{"start":{"line":67,"column":9},"end":{"line":67,"column":34}},{"start":{"line":67,"column":38},"end":{"line":67,"column":59}}],"line":67},"16":{"loc":{"start":{"line":71,"column":9},"end":{"line":71,"column":69}},"type":"cond-expr","locations":[{"start":{"line":71,"column":37},"end":{"line":71,"column":42}},{"start":{"line":71,"column":45},"end":{"line":71,"column":69}}],"line":71},"17":{"loc":{"start":{"line":75,"column":2},"end":{"line":77,"column":3}},"type":"if","locations":[{"start":{"line":75,"column":2},"end":{"line":77,"column":3}},{"start":{"line":75,"column":2},"end":{"line":77,"column":3}}],"line":75},"18":{"loc":{"start":{"line":87,"column":9},"end":{"line":87,"column":100}},"type":"cond-expr","locations":[{"start":{"line":87,"column":40},"end":{"line":87,"column":72}},{"start":{"line":87,"column":75},"end":{"line":87,"column":100}}],"line":87}},"s":{"0":0,"1":0,"2":0,"3":0,"4":0,"5":0,"6":0,"7":0,"8":0,"9":0,"10":0,"11":0,"12":0,"13":0,"14":0,"15":0,"16":0,"17":0,"18":0,"19":0,"20":0,"21":0,"22":0,"23":0,"24":0,"25":0,"26":0,"27":0,"28":0,"29":0,"30":0,"31":0,"32":0,"33":0,"34":0,"35":0,"36":0,"37":0,"38":0},"f":{"0":0,"1":0,"2":0,"3":0,"4":0,"5":0,"6":0,"7":0,"8":0,"9":0,"10":0,"11":0},"b":{"0":[0,0],"1":[0,0],"2":[0,0],"3":[0,0],"4":[0,0],"5":[0,0],"6":[0,0],"7":[0,0],"8":[0,0,0],"9":[0,0,0],"10":[0,0],"11":[0,0,0],"12":[0,0],"13":[0,0],"14":[0,0],"15":[0,0],"16":[0,0],"17":[0,0],"18":[0,0]}}
,"/Users/qihao/varlet/packages/varlet-ui/src/utils/shared.ts": {"path":"/Users/qihao/varlet/packages/varlet-ui/src/utils/shared.ts","statementMap":{"0":{"start":{"line":11,"column":34},"end":{"line":11,"column":120}},"1":{"start":{"line":11,"column":51},"end":{"line":11,"column":120}},"2":{"start":{"line":13,"column":34},"end":{"line":13,"column":108}},"3":{"start":{"line":13,"column":51},"end":{"line":13,"column":108}},"4":{"start":{"line":15,"column":34},"end":{"line":15,"column":115}},"5":{"start":{"line":15,"column":51},"end":{"line":15,"column":115}},"6":{"start":{"line":17,"column":24},"end":{"line":17,"column":80}},"7":{"start":{"line":17,"column":57},"end":{"line":17,"column":80}},"8":{"start":{"line":19,"column":24},"end":{"line":19,"column":80}},"9":{"start":{"line":19,"column":57},"end":{"line":19,"column":80}},"10":{"start":{"line":21,"column":28},"end":{"line":22,"column":59}},"11":{"start":{"line":22,"column":2},"end":{"line":22,"column":59}},"12":{"start":{"line":24,"column":23},"end":{"line":24,"column":78}},"13":{"start":{"line":24,"column":60},"end":{"line":24,"column":78}},"14":{"start":{"line":26,"column":21},"end":{"line":26,"column":65}},"15":{"start":{"line":26,"column":38},"end":{"line":26,"column":65}},"16":{"start":{"line":28,"column":23},"end":{"line":29,"column":88}},"17":{"start":{"line":29,"column":2},"end":{"line":29,"column":88}},"18":{"start":{"line":31,"column":26},"end":{"line":38,"column":1}},"19":{"start":{"line":32,"column":2},"end":{"line":37,"column":3}},"20":{"start":{"line":33,"column":26},"end":{"line":33,"column":43}},"21":{"start":{"line":34,"column":4},"end":{"line":36,"column":5}},"22":{"start":{"line":35,"column":6},"end":{"line":35,"column":33}},"23":{"start":{"line":40,"column":24},"end":{"line":60,"column":1}},"24":{"start":{"line":43,"column":2},"end":{"line":59,"column":3}},"25":{"start":{"line":44,"column":16},"end":{"line":44,"column":26}},"26":{"start":{"line":45,"column":4},"end":{"line":47,"column":5}},"27":{"start":{"line":46,"column":6},"end":{"line":46,"column":17}},"28":{"start":{"line":48,"column":4},"end":{"line":50,"column":5}},"29":{"start":{"line":49,"column":6},"end":{"line":49,"column":32}},"30":{"start":{"line":51,"column":4},"end":{"line":58,"column":5}},"31":{"start":{"line":52,"column":6},"end":{"line":52,"column":30}},"32":{"start":{"line":53,"column":6},"end":{"line":53,"column":17}},"33":{"start":{"line":55,"column":6},"end":{"line":57,"column":12}},"34":{"start":{"line":56,"column":8},"end":{"line":56,"column":30}},"35":{"start":{"line":62,"column":24},"end":{"line":70,"column":1}},"36":{"start":{"line":64,"column":2},"end":{"line":69,"column":3}},"37":{"start":{"line":65,"column":4},"end":{"line":65,"column":39}},"38":{"start":{"line":66,"column":4},"end":{"line":68,"column":13}},"39":{"start":{"line":67,"column":6},"end":{"line":67,"column":30}},"40":{"start":{"line":72,"column":44},"end":{"line":72,"column":91}},"41":{"start":{"line":72,"column":59},"end":{"line":72,"column":91}},"42":{"start":{"line":74,"column":40},"end":{"line":82,"column":1}},"43":{"start":{"line":75,"column":2},"end":{"line":81,"column":4}},"44":{"start":{"line":76,"column":4},"end":{"line":80,"column":6}},"45":{"start":{"line":77,"column":6},"end":{"line":79,"column":7}},"46":{"start":{"line":78,"column":8},"end":{"line":78,"column":67}},"47":{"start":{"line":84,"column":27},"end":{"line":104,"column":1}},"48":{"start":{"line":85,"column":21},"end":{"line":85,"column":23}},"49":{"start":{"line":87,"column":2},"end":{"line":103,"column":3}},"50":{"start":{"line":90,"column":6},"end":{"line":90,"column":32}},"51":{"start":{"line":93,"column":6},"end":{"line":95,"column":7}},"52":{"start":{"line":94,"column":8},"end":{"line":94,"column":14}},"53":{"start":{"line":97,"column":6},"end":{"line":97,"column":48}},"54":{"start":{"line":98,"column":6},"end":{"line":98,"column":26}},"55":{"start":{"line":101,"column":6},"end":{"line":101,"column":50}},"56":{"start":{"line":106,"column":21},"end":{"line":106,"column":58}},"57":{"start":{"line":106,"column":48},"end":{"line":106,"column":58}},"58":{"start":{"line":108,"column":30},"end":{"line":109,"column":69}},"59":{"start":{"line":109,"column":2},"end":{"line":109,"column":69}}},"fnMap":{"0":{"name":"(anonymous_0)","decl":{"start":{"line":11,"column":34},"end":{"line":11,"column":35}},"loc":{"start":{"line":11,"column":51},"end":{"line":11,"column":120}},"line":11},"1":{"name":"(anonymous_1)","decl":{"start":{"line":13,"column":34},"end":{"line":13,"column":35}},"loc":{"start":{"line":13,"column":51},"end":{"line":13,"column":108}},"line":13},"2":{"name":"(anonymous_2)","decl":{"start":{"line":15,"column":34},"end":{"line":15,"column":35}},"loc":{"start":{"line":15,"column":51},"end":{"line":15,"column":115}},"line":15},"3":{"name":"(anonymous_3)","decl":{"start":{"line":17,"column":24},"end":{"line":17,"column":25}},"loc":{"start":{"line":17,"column":57},"end":{"line":17,"column":80}},"line":17},"4":{"name":"(anonymous_4)","decl":{"start":{"line":19,"column":24},"end":{"line":19,"column":25}},"loc":{"start":{"line":19,"column":57},"end":{"line":19,"column":80}},"line":19},"5":{"name":"(anonymous_5)","decl":{"start":{"line":21,"column":28},"end":{"line":21,"column":29}},"loc":{"start":{"line":22,"column":2},"end":{"line":22,"column":59}},"line":22},"6":{"name":"(anonymous_6)","decl":{"start":{"line":24,"column":23},"end":{"line":24,"column":24}},"loc":{"start":{"line":24,"column":60},"end":{"line":24,"column":78}},"line":24},"7":{"name":"(anonymous_7)","decl":{"start":{"line":26,"column":21},"end":{"line":26,"column":22}},"loc":{"start":{"line":26,"column":38},"end":{"line":26,"column":65}},"line":26},"8":{"name":"(anonymous_8)","decl":{"start":{"line":28,"column":23},"end":{"line":28,"column":24}},"loc":{"start":{"line":29,"column":2},"end":{"line":29,"column":88}},"line":29},"9":{"name":"(anonymous_9)","decl":{"start":{"line":31,"column":26},"end":{"line":31,"column":27}},"loc":{"start":{"line":31,"column":66},"end":{"line":38,"column":1}},"line":31},"10":{"name":"(anonymous_10)","decl":{"start":{"line":40,"column":24},"end":{"line":40,"column":25}},"loc":{"start":{"line":40,"column":75},"end":{"line":60,"column":1}},"line":40},"11":{"name":"loop","decl":{"start":{"line":43,"column":18},"end":{"line":43,"column":22}},"loc":{"start":{"line":43,"column":47},"end":{"line":59,"column":3}},"line":43},"12":{"name":"(anonymous_12)","decl":{"start":{"line":55,"column":32},"end":{"line":55,"column":33}},"loc":{"start":{"line":55,"column":38},"end":{"line":57,"column":7}},"line":55},"13":{"name":"(anonymous_13)","decl":{"start":{"line":62,"column":24},"end":{"line":62,"column":25}},"loc":{"start":{"line":62,"column":54},"end":{"line":70,"column":1}},"line":62},"14":{"name":"(anonymous_14)","decl":{"start":{"line":64,"column":9},"end":{"line":64,"column":10}},"loc":{"start":{"line":64,"column":50},"end":{"line":69,"column":3}},"line":64},"15":{"name":"(anonymous_15)","decl":{"start":{"line":66,"column":30},"end":{"line":66,"column":31}},"loc":{"start":{"line":66,"column":36},"end":{"line":68,"column":5}},"line":66},"16":{"name":"(anonymous_16)","decl":{"start":{"line":72,"column":44},"end":{"line":72,"column":45}},"loc":{"start":{"line":72,"column":59},"end":{"line":72,"column":91}},"line":72},"17":{"name":"(anonymous_17)","decl":{"start":{"line":74,"column":40},"end":{"line":74,"column":41}},"loc":{"start":{"line":74,"column":95},"end":{"line":82,"column":1}},"line":74},"18":{"name":"(anonymous_18)","decl":{"start":{"line":75,"column":34},"end":{"line":75,"column":35}},"loc":{"start":{"line":75,"column":96},"end":{"line":81,"column":3}},"line":75},"19":{"name":"(anonymous_19)","decl":{"start":{"line":76,"column":40},"end":{"line":76,"column":41}},"loc":{"start":{"line":76,"column":98},"end":{"line":80,"column":5}},"line":76},"20":{"name":"(anonymous_20)","decl":{"start":{"line":84,"column":27},"end":{"line":84,"column":28}},"loc":{"start":{"line":84,"column":65},"end":{"line":104,"column":1}},"line":84},"21":{"name":"(anonymous_21)","decl":{"start":{"line":89,"column":4},"end":{"line":89,"column":5}},"loc":{"start":{"line":89,"column":16},"end":{"line":91,"column":5}},"line":89},"22":{"name":"(anonymous_22)","decl":{"start":{"line":92,"column":4},"end":{"line":92,"column":5}},"loc":{"start":{"line":92,"column":16},"end":{"line":99,"column":5}},"line":92},"23":{"name":"(anonymous_23)","decl":{"start":{"line":100,"column":4},"end":{"line":100,"column":5}},"loc":{"start":{"line":100,"column":19},"end":{"line":102,"column":5}},"line":100},"24":{"name":"(anonymous_24)","decl":{"start":{"line":106,"column":21},"end":{"line":106,"column":22}},"loc":{"start":{"line":106,"column":48},"end":{"line":106,"column":58}},"line":106},"25":{"name":"(anonymous_25)","decl":{"start":{"line":108,"column":30},"end":{"line":108,"column":31}},"loc":{"start":{"line":109,"column":2},"end":{"line":109,"column":69}},"line":109}},"branchMap":{"0":{"loc":{"start":{"line":11,"column":51},"end":{"line":11,"column":120}},"type":"binary-expr","locations":[{"start":{"line":11,"column":51},"end":{"line":11,"column":79}},{"start":{"line":11,"column":83},"end":{"line":11,"column":120}}],"line":11},"1":{"loc":{"start":{"line":13,"column":51},"end":{"line":13,"column":108}},"type":"binary-expr","locations":[{"start":{"line":13,"column":51},"end":{"line":13,"column":79}},{"start":{"line":13,"column":83},"end":{"line":13,"column":108}}],"line":13},"2":{"loc":{"start":{"line":15,"column":51},"end":{"line":15,"column":115}},"type":"binary-expr","locations":[{"start":{"line":15,"column":51},"end":{"line":15,"column":79}},{"start":{"line":15,"column":83},"end":{"line":15,"column":115}}],"line":15},"3":{"loc":{"start":{"line":29,"column":2},"end":{"line":29,"column":88}},"type":"binary-expr","locations":[{"start":{"line":29,"column":2},"end":{"line":29,"column":19}},{"start":{"line":29,"column":23},"end":{"line":29,"column":35}},{"start":{"line":29,"column":39},"end":{"line":29,"column":49}},{"start":{"line":29,"column":54},"end":{"line":29,"column":72}},{"start":{"line":29,"column":76},"end":{"line":29,"column":87}}],"line":29},"4":{"loc":{"start":{"line":32,"column":2},"end":{"line":37,"column":3}},"type":"if","locations":[{"start":{"line":32,"column":2},"end":{"line":37,"column":3}},{"start":{"line":32,"column":2},"end":{"line":37,"column":3}}],"line":32},"5":{"loc":{"start":{"line":34,"column":4},"end":{"line":36,"column":5}},"type":"if","locations":[{"start":{"line":34,"column":4},"end":{"line":36,"column":5}},{"start":{"line":34,"column":4},"end":{"line":36,"column":5}}],"line":34},"6":{"loc":{"start":{"line":40,"column":38},"end":{"line":40,"column":56}},"type":"default-arg","locations":[{"start":{"line":40,"column":53},"end":{"line":40,"column":56}}],"line":40},"7":{"loc":{"start":{"line":45,"column":4},"end":{"line":47,"column":5}},"type":"if","locations":[{"start":{"line":45,"column":4},"end":{"line":47,"column":5}},{"start":{"line":45,"column":4},"end":{"line":47,"column":5}}],"line":45},"8":{"loc":{"start":{"line":48,"column":4},"end":{"line":50,"column":5}},"type":"if","locations":[{"start":{"line":48,"column":4},"end":{"line":50,"column":5}},{"start":{"line":48,"column":4},"end":{"line":50,"column":5}}],"line":48},"9":{"loc":{"start":{"line":51,"column":4},"end":{"line":58,"column":5}},"type":"if","locations":[{"start":{"line":51,"column":4},"end":{"line":58,"column":5}},{"start":{"line":51,"column":4},"end":{"line":58,"column":5}}],"line":51},"10":{"loc":{"start":{"line":62,"column":38},"end":{"line":62,"column":49}},"type":"default-arg","locations":[{"start":{"line":62,"column":46},"end":{"line":62,"column":49}}],"line":62},"11":{"loc":{"start":{"line":65,"column":4},"end":{"line":65,"column":39}},"type":"binary-expr","locations":[{"start":{"line":65,"column":4},"end":{"line":65,"column":9}},{"start":{"line":65,"column":13},"end":{"line":65,"column":39}}],"line":65},"12":{"loc":{"start":{"line":77,"column":6},"end":{"line":79,"column":7}},"type":"if","locations":[{"start":{"line":77,"column":6},"end":{"line":79,"column":7}},{"start":{"line":77,"column":6},"end":{"line":79,"column":7}}],"line":77},"13":{"loc":{"start":{"line":93,"column":6},"end":{"line":95,"column":7}},"type":"if","locations":[{"start":{"line":93,"column":6},"end":{"line":95,"column":7}},{"start":{"line":93,"column":6},"end":{"line":95,"column":7}}],"line":93},"14":{"loc":{"start":{"line":97,"column":6},"end":{"line":97,"column":48}},"type":"binary-expr","locations":[{"start":{"line":97,"column":6},"end":{"line":97,"column":31}},{"start":{"line":97,"column":35},"end":{"line":97,"column":48}}],"line":97},"15":{"loc":{"start":{"line":101,"column":6},"end":{"line":101,"column":50}},"type":"binary-expr","locations":[{"start":{"line":101,"column":6},"end":{"line":101,"column":19}},{"start":{"line":101,"column":23},"end":{"line":101,"column":50}}],"line":101},"16":{"loc":{"start":{"line":109,"column":2},"end":{"line":109,"column":69}},"type":"cond-expr","locations":[{"start":{"line":109,"column":16},"end":{"line":109,"column":36}},{"start":{"line":109,"column":39},"end":{"line":109,"column":69}}],"line":109}},"s":{"0":1,"1":0,"2":1,"3":0,"4":1,"5":0,"6":1,"7":0,"8":1,"9":0,"10":1,"11":2,"12":1,"13":0,"14":1,"15":6,"16":1,"17":0,"18":1,"19":0,"20":0,"21":0,"22":0,"23":1,"24":0,"25":0,"26":0,"27":0,"28":0,"29":0,"30":0,"31":0,"32":0,"33":0,"34":0,"35":1,"36":0,"37":0,"38":0,"39":0,"40":1,"41":0,"42":1,"43":0,"44":0,"45":0,"46":0,"47":1,"48":0,"49":0,"50":0,"51":0,"52":0,"53":0,"54":0,"55":0,"56":1,"57":0,"58":1,"59":0},"f":{"0":0,"1":0,"2":0,"3":0,"4":0,"5":2,"6":0,"7":6,"8":0,"9":0,"10":0,"11":0,"12":0,"13":0,"14":0,"15":0,"16":0,"17":0,"18":0,"19":0,"20":0,"21":0,"22":0,"23":0,"24":0,"25":0},"b":{"0":[0,0],"1":[0,0],"2":[0,0],"3":[0,0,0,0,0],"4":[0,0],"5":[0,0],"6":[0],"7":[0,0],"8":[0,0],"9":[0,0],"10":[0],"11":[0,0],"12":[0,0],"13":[0,0],"14":[0,0],"15":[0,0],"16":[0,0]},"_coverageSchema":"1a1c01bbd47fc00a2c39e90264f33305004495a9","hash":"aa011614f6a16808a481bfc6b4ba06e1927d1718"}
,"/Users/qihao/varlet/packages/varlet-ui/src/utils/teleport.ts": {"path":"/Users/qihao/varlet/packages/varlet-ui/src/utils/teleport.ts","statementMap":{"0":{"start":{"line":4,"column":33},"end":{"line":4,"column":43}},"1":{"start":{"line":5,"column":2},"end":{"line":7,"column":4}},"2":{"start":{"line":6,"column":4},"end":{"line":6,"column":26}},"3":{"start":{"line":8,"column":2},"end":{"line":10,"column":4}},"4":{"start":{"line":9,"column":4},"end":{"line":9,"column":25}},"5":{"start":{"line":12,"column":2},"end":{"line":14,"column":3}}},"fnMap":{"0":{"name":"useTeleport","decl":{"start":{"line":3,"column":16},"end":{"line":3,"column":27}},"loc":{"start":{"line":3,"column":30},"end":{"line":15,"column":1}},"line":3},"1":{"name":"(anonymous_1)","decl":{"start":{"line":5,"column":14},"end":{"line":5,"column":15}},"loc":{"start":{"line":5,"column":20},"end":{"line":7,"column":3}},"line":5},"2":{"name":"(anonymous_2)","decl":{"start":{"line":8,"column":16},"end":{"line":8,"column":17}},"loc":{"start":{"line":8,"column":22},"end":{"line":10,"column":3}},"line":8}},"branchMap":{},"s":{"0":0,"1":0,"2":0,"3":0,"4":0,"5":0},"f":{"0":0,"1":0,"2":0},"b":{},"_coverageSchema":"1a1c01bbd47fc00a2c39e90264f33305004495a9","hash":"a37c602f3fe6b21eaf982adaa6dffc7044fa2c26"}
}
