TN:
SF:src/back-top/BackTop.vue
FN:25,setup
FN:29,click
FN:34,frameFunc
FN:46,scroll
FN:52,getElement
FN:59,(anonymous_6)
FN:65,(anonymous_7)
FNF:7
FNH:0
FNDA:0,setup
FNDA:0,click
FNDA:0,frameFunc
FNDA:0,scroll
FNDA:0,getElement
FNDA:0,(anonymous_6)
FNDA:0,(anonymous_7)
DA:11,0
DA:12,0
DA:13,0
DA:14,0
DA:15,0
DA:16,0
DA:18,0
DA:26,0
DA:27,0
DA:29,0
DA:30,0
DA:31,0
DA:32,0
DA:34,0
DA:35,0
DA:36,0
DA:37,0
DA:38,0
DA:40,0
DA:43,0
DA:46,0
DA:47,0
DA:50,0
DA:52,0
DA:53,0
DA:54,0
DA:55,0
DA:56,0
DA:59,0
DA:60,0
DA:61,0
DA:62,0
DA:65,0
DA:66,0
DA:67,0
DA:70,0
LF:36
LH:0
BRDA:30,0,0,0
BRDA:30,0,1,0
BRDA:30,1,0,0
BRDA:30,1,1,0
BRDA:36,2,0,0
BRDA:36,2,1,0
BRDA:53,3,0,0
BRDA:53,3,1,0
BRDA:55,4,0,0
BRDA:55,4,1,0
BRDA:61,5,0,0
BRDA:61,5,1,0
BRDA:66,6,0,0
BRDA:66,6,1,0
BRF:14
BRH:0
end_of_record
TN:
SF:src/back-top/index.ts
FN:4,(anonymous_0)
FNF:1
FNH:0
FNDA:0,(anonymous_0)
DA:4,0
DA:5,0
LF:2
LH:0
BRF:0
BRH:0
end_of_record
TN:
SF:src/back-top/props.ts
FNF:0
FNH:0
DA:1,0
LF:1
LH:0
BRF:0
BRH:0
end_of_record
TN:
SF:src/back-top/example/index.vue
FN:18,setup
FN:26,test
FNF:2
FNH:0
FNDA:0,setup
FNDA:0,test
DA:11,0
DA:12,0
DA:13,0
DA:14,0
DA:16,0
DA:18,0
DA:26,0
DA:27,0
DA:30,0
LF:9
LH:0
BRF:0
BRH:0
end_of_record
TN:
SF:src/badge/Badge.vue
FN:36,setup
FN:37,values
FN:46,dotPosition
FNF:3
FNH:0
FNDA:0,setup
FNDA:0,values
FNDA:0,dotPosition
DA:25,0
DA:26,0
DA:27,0
DA:29,0
DA:37,0
DA:38,0
DA:39,0
DA:41,0
DA:42,0
DA:44,0
DA:46,0
DA:47,0
DA:48,0
DA:51,0
LF:14
LH:0
BRDA:38,0,0,0
BRDA:38,0,1,0
BRDA:41,1,0,0
BRDA:41,1,1,0
BRDA:41,2,0,0
BRDA:41,2,1,0
BRDA:42,3,0,0
BRDA:42,3,1,0
BRDA:47,4,0,0
BRDA:47,4,1,0
BRDA:47,5,0,0
BRDA:47,5,1,0
BRDA:48,6,0,0
BRDA:48,6,1,0
BRDA:48,7,0,0
BRDA:48,7,1,0
BRF:16
BRH:0
end_of_record
TN:
SF:src/badge/index.ts
FN:3,(anonymous_0)
FNF:1
FNH:0
FNDA:0,(anonymous_0)
DA:3,0
DA:4,0
LF:2
LH:0
BRF:0
BRH:0
end_of_record
TN:
SF:src/badge/props.ts
FN:1,typeValidator
FN:5,positionValidator
FNF:2
FNH:0
FNDA:0,typeValidator
FNDA:0,positionValidator
DA:2,0
DA:6,0
DA:9,0
LF:3
LH:0
BRF:0
BRH:0
end_of_record
TN:
SF:src/badge/example/index.vue
FN:71,setup
FN:76,handleChange
FNF:2
FNH:0
FNDA:0,setup
FNDA:0,handleChange
DA:59,0
DA:60,0
DA:61,0
DA:62,0
DA:64,0
DA:72,0
DA:73,0
DA:74,0
DA:75,0
DA:76,0
DA:77,0
DA:79,0
LF:12
LH:0
BRF:0
BRH:0
end_of_record
TN:
SF:src/button/Button.vue
FN:40,setup
FN:41,handleClick
FN:49,handleTouchstart
FNF:3
FNH:3
FNDA:84,setup
FNDA:1,handleClick
FNDA:1,handleTouchstart
DA:28,1
DA:29,1
DA:30,1
DA:31,1
DA:33,1
DA:41,84
DA:42,1
DA:43,0
DA:46,1
DA:49,84
DA:50,1
DA:51,0
DA:54,1
DA:57,84
LF:14
LH:12
BRDA:42,0,0,0
BRDA:42,0,1,1
BRDA:42,1,0,1
BRDA:42,1,1,1
BRDA:46,2,0,0
BRDA:46,2,1,1
BRDA:46,3,0,1
BRDA:46,3,1,1
BRDA:50,4,0,0
BRDA:50,4,1,1
BRDA:50,5,0,1
BRDA:50,5,1,1
BRDA:54,6,0,0
BRDA:54,6,1,1
BRDA:54,7,0,1
BRDA:54,7,1,1
BRF:16
BRH:12
end_of_record
TN:
SF:src/button/index.ts
FN:4,(anonymous_0)
FNF:1
FNH:0
FNDA:0,(anonymous_0)
DA:4,1
DA:5,0
LF:2
LH:1
BRF:0
BRH:0
end_of_record
TN:
SF:src/button/props.ts
FN:4,typeValidator
FN:8,sizeValidator
FNF:2
FNH:2
FNDA:84,typeValidator
FNDA:84,sizeValidator
DA:5,84
DA:9,84
DA:12,1
LF:3
LH:3
BRF:0
BRH:0
end_of_record
TN:
SF:src/button/example/index.vue
FN:67,setup
FN:68,handleClick
FN:72,handleTouchstart
FNF:3
FNH:3
FNDA:3,setup
FNDA:1,handleClick
FNDA:1,handleTouchstart
DA:56,1
DA:57,1
DA:58,1
DA:59,1
DA:61,1
DA:68,3
DA:69,1
DA:72,3
DA:73,1
DA:76,3
LF:10
LH:10
BRF:0
BRH:0
end_of_record
TN:
SF:src/cell/Cell.vue
FNF:0
FNH:0
DA:25,0
DA:26,0
DA:27,0
DA:29,0
LF:4
LH:0
BRF:0
BRH:0
end_of_record
TN:
SF:src/cell/index.ts
FN:4,(anonymous_0)
FNF:1
FNH:0
FNDA:0,(anonymous_0)
DA:4,0
DA:5,0
LF:2
LH:0
BRF:0
BRH:0
end_of_record
TN:
SF:src/cell/props.ts
FNF:0
FNH:0
DA:1,0
LF:1
LH:0
BRF:0
BRH:0
end_of_record
TN:
SF:src/cell/example/index.vue
FNF:0
FNH:0
DA:37,0
DA:38,0
DA:39,0
DA:41,0
LF:4
LH:0
BRF:0
BRH:0
end_of_record
TN:
SF:src/checkbox/Checkbox.vue
FN:60,setup
FN:71,(anonymous_2)
FN:72,(anonymous_3)
FN:76,validate
FN:78,validateWithTrigger
FN:79,(anonymous_6)
FN:81,change
FN:93,toggle
FN:106,handleClick
FN:124,sync
FN:128,reset
FN:134,(anonymous_12)
FN:135,(anonymous_13)
FNF:13
FNH:0
FNDA:0,setup
FNDA:0,(anonymous_2)
FNDA:0,(anonymous_3)
FNDA:0,validate
FNDA:0,validateWithTrigger
FNDA:0,(anonymous_6)
FNDA:0,change
FNDA:0,toggle
FNDA:0,handleClick
FNDA:0,sync
FNDA:0,reset
FNDA:0,(anonymous_12)
FNDA:0,(anonymous_13)
DA:37,0
DA:38,0
DA:39,0
DA:40,0
DA:46,0
DA:47,0
DA:48,0
DA:49,0
DA:51,0
DA:61,0
DA:65,0
DA:68,0
DA:70,0
DA:71,0
DA:72,0
DA:74,0
DA:76,0
DA:78,0
DA:79,0
DA:81,0
DA:82,0
DA:83,0
DA:84,0
DA:86,0
DA:88,0
DA:93,0
DA:94,0
DA:95,0
DA:96,0
DA:99,0
DA:100,0
DA:103,0
DA:106,0
DA:107,0
DA:108,0
DA:111,0
DA:113,0
DA:117,0
DA:118,0
DA:121,0
DA:124,0
DA:125,0
DA:128,0
DA:129,0
DA:130,0
DA:133,0
DA:134,0
DA:136,0
DA:141,0
DA:150,0
DA:151,0
DA:153,0
LF:52
LH:0
BRDA:83,0,0,0
BRDA:83,0,1,0
BRDA:83,1,0,0
BRDA:83,1,1,0
BRDA:84,2,0,0
BRDA:84,2,1,0
BRDA:84,3,0,0
BRDA:84,3,1,0
BRDA:89,4,0,0
BRDA:89,4,1,0
BRDA:89,5,0,0
BRDA:89,5,1,0
BRDA:89,6,0,0
BRDA:89,6,1,0
BRDA:90,7,0,0
BRDA:90,7,1,0
BRDA:90,8,0,0
BRDA:90,8,1,0
BRDA:94,9,0,0
BRDA:94,9,1,0
BRDA:95,10,0,0
BRDA:95,10,1,0
BRDA:95,11,0,0
BRDA:95,11,1,0
BRDA:95,11,2,0
BRDA:99,12,0,0
BRDA:99,12,1,0
BRDA:100,13,0,0
BRDA:100,13,1,0
BRDA:107,14,0,0
BRDA:107,14,1,0
BRDA:107,15,0,0
BRDA:107,15,1,0
BRDA:107,15,2,0
BRDA:107,15,3,0
BRDA:107,16,0,0
BRDA:107,16,1,0
BRDA:107,17,0,0
BRDA:107,17,1,0
BRDA:107,18,0,0
BRDA:107,18,1,0
BRDA:107,19,0,0
BRDA:107,19,1,0
BRDA:111,20,0,0
BRDA:111,20,1,0
BRDA:111,21,0,0
BRDA:111,21,1,0
BRDA:114,22,0,0
BRDA:114,22,1,0
BRDA:117,23,0,0
BRDA:117,23,1,0
BRDA:117,24,0,0
BRDA:117,24,1,0
BRDA:121,25,0,0
BRDA:121,25,1,0
BRDA:125,26,0,0
BRDA:125,26,1,0
BRDA:129,27,0,0
BRDA:129,27,1,0
BRDA:129,28,0,0
BRDA:129,28,1,0
BRDA:150,29,0,0
BRDA:150,29,1,0
BRDA:150,30,0,0
BRDA:150,30,1,0
BRDA:151,31,0,0
BRDA:151,31,1,0
BRDA:151,32,0,0
BRDA:151,32,1,0
BRDA:156,33,0,0
BRDA:156,33,1,0
BRDA:156,34,0,0
BRDA:156,34,1,0
BRDA:157,35,0,0
BRDA:157,35,1,0
BRDA:157,36,0,0
BRDA:157,36,1,0
BRDA:158,37,0,0
BRDA:158,37,1,0
BRDA:158,38,0,0
BRDA:158,38,1,0
BRF:81
BRH:0
end_of_record
TN:
SF:src/checkbox/index.ts
FN:4,(anonymous_0)
FNF:1
FNH:0
FNDA:0,(anonymous_0)
DA:4,0
DA:5,0
LF:2
LH:0
BRF:0
BRH:0
end_of_record
TN:
SF:src/checkbox/props.ts
FNF:0
FNH:0
DA:5,0
LF:1
LH:0
BRF:0
BRH:0
end_of_record
TN:
SF:src/checkbox/provide.ts
FNF:0
FNH:0
LF:0
LH:0
BRF:0
BRH:0
end_of_record
TN:
SF:src/checkbox-group/CheckboxGroup.vue
FN:26,setup
FN:34,(anonymous_4)
FN:35,(anonymous_5)
FN:38,(anonymous_6)
FN:40,validate
FN:42,validateWithTrigger
FN:43,(anonymous_9)
FN:45,change
FN:52,onChecked
FN:58,onUnchecked
FN:63,(anonymous_13)
FN:66,syncAllCheckbox
FN:67,(anonymous_15)
FN:70,checkAll
FN:71,(anonymous_17)
FN:79,uncheckAll
FN:87,inverseAll
FN:89,(anonymous_20)
FN:90,(anonymous_21)
FN:99,reset
FN:104,(anonymous_23)
FN:106,(anonymous_24)
FNF:22
FNH:0
FNDA:0,setup
FNDA:0,(anonymous_4)
FNDA:0,(anonymous_5)
FNDA:0,(anonymous_6)
FNDA:0,validate
FNDA:0,validateWithTrigger
FNDA:0,(anonymous_9)
FNDA:0,change
FNDA:0,onChecked
FNDA:0,onUnchecked
FNDA:0,(anonymous_13)
FNDA:0,syncAllCheckbox
FNDA:0,(anonymous_15)
FNDA:0,checkAll
FNDA:0,(anonymous_17)
FNDA:0,uncheckAll
FNDA:0,inverseAll
FNDA:0,(anonymous_20)
FNDA:0,(anonymous_21)
FNDA:0,reset
FNDA:0,(anonymous_23)
FNDA:0,(anonymous_24)
DA:11,0
DA:12,0
DA:13,0
DA:14,0
DA:16,0
DA:17,0
DA:19,0
DA:27,0
DA:31,0
DA:32,0
DA:34,0
DA:35,0
DA:37,0
DA:38,0
DA:40,0
DA:42,0
DA:43,0
DA:45,0
DA:46,0
DA:47,0
DA:49,0
DA:52,0
DA:53,0
DA:54,0
DA:58,0
DA:59,0
DA:60,0
DA:63,0
DA:66,0
DA:67,0
DA:70,0
DA:71,0
DA:72,0
DA:74,0
DA:76,0
DA:79,0
DA:80,0
DA:82,0
DA:84,0
DA:87,0
DA:88,0
DA:89,0
DA:90,0
DA:92,0
DA:94,0
DA:96,0
DA:99,0
DA:100,0
DA:101,0
DA:104,0
DA:106,0
DA:108,0
DA:119,0
DA:120,0
DA:122,0
LF:55
LH:0
BRDA:46,0,0,0
BRDA:46,0,1,0
BRDA:46,1,0,0
BRDA:46,1,1,0
BRDA:47,2,0,0
BRDA:47,2,1,0
BRDA:47,3,0,0
BRDA:47,3,1,0
BRDA:53,4,0,0
BRDA:53,4,1,0
BRDA:59,5,0,0
BRDA:59,5,1,0
BRDA:74,6,0,0
BRDA:74,6,1,0
BRDA:74,7,0,0
BRDA:74,7,1,0
BRDA:82,8,0,0
BRDA:82,8,1,0
BRDA:82,9,0,0
BRDA:82,9,1,0
BRDA:94,10,0,0
BRDA:94,10,1,0
BRDA:94,11,0,0
BRDA:94,11,1,0
BRDA:100,12,0,0
BRDA:100,12,1,0
BRDA:100,13,0,0
BRDA:100,13,1,0
BRDA:120,14,0,0
BRDA:120,14,1,0
BRDA:120,15,0,0
BRDA:120,15,1,0
BRF:32
BRH:0
end_of_record
TN:
SF:src/checkbox-group/index.ts
FN:4,(anonymous_0)
FNF:1
FNH:0
FNDA:0,(anonymous_0)
DA:4,0
DA:5,0
LF:2
LH:0
BRF:0
BRH:0
end_of_record
TN:
SF:src/checkbox-group/props.ts
FN:5,directionValidator
FNF:1
FNH:0
FNDA:0,directionValidator
DA:6,0
DA:9,0
LF:2
LH:0
BRF:0
BRH:0
end_of_record
TN:
SF:src/checkbox-group/provide.ts
FNF:0
FNH:0
DA:12,0
DA:13,0
LF:2
LH:0
BRF:0
BRH:0
end_of_record
TN:
SF:src/checkbox-group/example/index.vue
FNF:0
FNH:0
DA:6,0
DA:7,0
DA:9,0
LF:3
LH:0
BRF:0
BRH:0
end_of_record
TN:
SF:src/checkbox/example/index.vue
FN:63,setup
FN:71,log
FNF:2
FNH:0
FNDA:0,setup
FNDA:0,log
DA:49,0
DA:50,0
DA:51,0
DA:52,0
DA:53,0
DA:55,0
DA:64,0
DA:65,0
DA:72,0
LF:9
LH:0
BRF:0
BRH:0
end_of_record
TN:
SF:src/chip/Chip.vue
FN:51,setup
FN:52,controlStyle
FNF:2
FNH:0
FNDA:0,setup
FNDA:0,controlStyle
DA:38,0
DA:39,0
DA:40,0
DA:41,0
DA:43,0
DA:52,0
DA:53,0
DA:54,0
DA:60,0
DA:65,0
LF:10
LH:0
BRDA:53,0,0,0
BRDA:53,0,1,0
BRDA:55,1,0,0
BRDA:55,1,1,0
BRF:4
BRH:0
end_of_record
TN:
SF:src/chip/index.ts
FN:4,(anonymous_0)
FNF:1
FNH:0
FNDA:0,(anonymous_0)
DA:4,0
DA:5,0
LF:2
LH:0
BRF:0
BRH:0
end_of_record
TN:
SF:src/chip/props.ts
FN:4,typeValidator
FN:8,sizeValidator
FNF:2
FNH:0
FNDA:0,typeValidator
FNDA:0,sizeValidator
DA:5,0
DA:9,0
DA:12,0
LF:3
LH:0
BRF:0
BRH:0
end_of_record
TN:
SF:src/chip/example/index.vue
FN:71,setup
FNF:1
FNH:0
FNDA:0,setup
DA:61,0
DA:62,0
DA:63,0
DA:65,0
DA:72,0
DA:73,0
DA:74,0
DA:75,0
DA:76,0
DA:77,0
DA:78,0
DA:79,0
LF:12
LH:0
BRF:0
BRH:0
end_of_record
TN:
SF:src/context/index.ts
FNF:0
FNH:0
DA:8,1
LF:1
LH:1
BRF:0
BRH:0
end_of_record
TN:
SF:src/context/lock.ts
FN:12,resolveLock
FN:19,addLock
FN:24,releaseLock
FN:35,useLock
FN:38,(anonymous_4)
FN:38,(anonymous_5)
FN:49,(anonymous_6)
FN:49,(anonymous_7)
FN:63,(anonymous_8)
FN:74,(anonymous_9)
FN:85,(anonymous_10)
FN:96,(anonymous_11)
FNF:12
FNH:5
FNDA:0,resolveLock
FNDA:0,addLock
FNDA:0,releaseLock
FNDA:2,useLock
FNDA:2,(anonymous_4)
FNDA:0,(anonymous_5)
FNDA:2,(anonymous_6)
FNDA:0,(anonymous_7)
FNDA:2,(anonymous_8)
FNDA:1,(anonymous_9)
FNDA:0,(anonymous_10)
FNDA:0,(anonymous_11)
DA:13,0
DA:14,0
DA:20,0
DA:21,0
DA:25,0
DA:26,0
DA:36,2
DA:37,2
DA:38,2
DA:39,0
DA:41,0
DA:42,0
DA:44,0
DA:49,2
DA:50,0
DA:51,0
DA:54,0
DA:56,0
DA:59,0
DA:63,2
DA:64,2
DA:65,2
DA:68,0
DA:70,0
DA:74,2
DA:75,1
DA:76,1
DA:79,0
DA:81,0
DA:85,2
DA:86,0
DA:87,0
DA:90,0
DA:92,0
DA:96,2
DA:97,0
DA:98,0
DA:101,0
DA:103,0
LF:39
LH:12
BRDA:14,0,0,0
BRDA:14,0,1,0
BRDA:37,1,0,2
BRDA:37,1,1,0
BRDA:39,2,0,0
BRDA:39,2,1,0
BRDA:42,3,0,0
BRDA:42,3,1,0
BRDA:42,4,0,0
BRDA:42,4,1,0
BRDA:50,5,0,0
BRDA:50,5,1,0
BRDA:50,6,0,0
BRDA:50,6,1,0
BRDA:54,7,0,0
BRDA:54,7,1,0
BRDA:64,8,0,2
BRDA:64,8,1,0
BRDA:64,9,0,2
BRDA:64,9,1,2
BRDA:68,10,0,0
BRDA:68,10,1,0
BRDA:75,11,0,1
BRDA:75,11,1,0
BRDA:75,12,0,1
BRDA:75,12,1,1
BRDA:79,13,0,0
BRDA:79,13,1,0
BRDA:86,14,0,0
BRDA:86,14,1,0
BRDA:86,15,0,0
BRDA:86,15,1,0
BRDA:90,16,0,0
BRDA:90,16,1,0
BRDA:97,17,0,0
BRDA:97,17,1,0
BRDA:97,18,0,0
BRDA:97,18,1,0
BRDA:101,19,0,0
BRDA:101,19,1,0
BRF:40
BRH:7
end_of_record
TN:
SF:src/context/zIndex.ts
FN:4,useZIndex
FN:7,(anonymous_1)
FN:7,(anonymous_2)
FNF:3
FNH:3
FNDA:2,useZIndex
FNDA:2,(anonymous_1)
FNDA:2,(anonymous_2)
DA:5,2
DA:7,2
DA:8,2
DA:9,2
DA:10,2
DA:14,2
LF:6
LH:6
BRDA:8,0,0,2
BRDA:8,0,1,0
BRF:2
BRH:1
end_of_record
TN:
SF:src/date-picker/DatePicker.vue
FN:100,setup
FN:103,(anonymous_4)
FN:130,(anonymous_5)
FN:140,(anonymous_6)
FN:145,(anonymous_7)
FN:151,(anonymous_8)
FN:154,(anonymous_9)
FN:159,(anonymous_10)
FN:163,(anonymous_11)
FN:173,(anonymous_12)
FN:174,(anonymous_13)
FN:177,(anonymous_14)
FN:178,(anonymous_15)
FN:180,clickEl
FN:189,updateRange
FN:203,updateMultiple
FN:206,(anonymous_19)
FN:208,(anonymous_20)
FN:215,getChooseDay
FN:233,getChooseMonth
FN:249,getChooseYear
FN:255,checkPreview
FN:268,(anonymous_25)
FN:272,checkValue
FN:284,rangeInit
FN:287,(anonymous_28)
FN:293,multipleInit
FN:296,(anonymous_30)
FN:299,dateInit
FN:302,(anonymous_32)
FN:311,(anonymous_33)
FN:312,(anonymous_34)
FNF:32
FNH:0
FNDA:0,setup
FNDA:0,(anonymous_4)
FNDA:0,(anonymous_5)
FNDA:0,(anonymous_6)
FNDA:0,(anonymous_7)
FNDA:0,(anonymous_8)
FNDA:0,(anonymous_9)
FNDA:0,(anonymous_10)
FNDA:0,(anonymous_11)
FNDA:0,(anonymous_12)
FNDA:0,(anonymous_13)
FNDA:0,(anonymous_14)
FNDA:0,(anonymous_15)
FNDA:0,clickEl
FNDA:0,updateRange
FNDA:0,updateMultiple
FNDA:0,(anonymous_19)
FNDA:0,(anonymous_20)
FNDA:0,getChooseDay
FNDA:0,getChooseMonth
FNDA:0,getChooseYear
FNDA:0,checkPreview
FNDA:0,(anonymous_25)
FNDA:0,checkValue
FNDA:0,rangeInit
FNDA:0,(anonymous_28)
FNDA:0,multipleInit
FNDA:0,(anonymous_30)
FNDA:0,dateInit
FNDA:0,(anonymous_32)
FNDA:0,(anonymous_33)
FNDA:0,(anonymous_34)
DA:84,0
DA:85,0
DA:86,0
DA:87,0
DA:88,0
DA:89,0
DA:90,0
DA:92,0
DA:101,0
DA:102,0
DA:103,0
DA:104,0
DA:105,0
DA:106,0
DA:107,0
DA:108,0
DA:109,0
DA:110,0
DA:111,0
DA:112,0
DA:113,0
DA:114,0
DA:115,0
DA:116,0
DA:118,0
DA:130,0
DA:140,0
DA:145,0
DA:146,0
DA:147,0
DA:148,0
DA:151,0
DA:152,0
DA:153,0
DA:154,0
DA:155,0
DA:157,0
DA:158,0
DA:159,0
DA:160,0
DA:163,0
DA:164,0
DA:165,0
DA:173,0
DA:174,0
DA:177,0
DA:178,0
DA:180,0
DA:181,0
DA:182,0
DA:184,0
DA:185,0
DA:189,0
DA:190,0
DA:191,0
DA:192,0
DA:193,0
DA:194,0
DA:195,0
DA:196,0
DA:198,0
DA:199,0
DA:203,0
DA:204,0
DA:205,0
DA:206,0
DA:208,0
DA:209,0
DA:210,0
DA:211,0
DA:212,0
DA:215,0
DA:216,0
DA:217,0
DA:223,0
DA:225,0
DA:226,0
DA:228,0
DA:229,0
DA:233,0
DA:234,0
DA:235,0
DA:236,0
DA:237,0
DA:238,0
DA:240,0
DA:241,0
DA:244,0
DA:246,0
DA:249,0
DA:250,0
DA:251,0
DA:252,0
DA:255,0
DA:256,0
DA:257,0
DA:258,0
DA:260,0
DA:261,0
DA:267,0
DA:268,0
DA:272,0
DA:273,0
DA:274,0
DA:275,0
DA:277,0
DA:278,0
DA:279,0
DA:281,0
DA:284,0
DA:285,0
DA:286,0
DA:287,0
DA:288,0
DA:289,0
DA:293,0
DA:294,0
DA:295,0
DA:296,0
DA:299,0
DA:300,0
DA:301,0
DA:302,0
DA:303,0
DA:304,0
DA:305,0
DA:306,0
DA:307,0
DA:310,0
DA:311,0
DA:313,0
DA:314,0
DA:315,0
DA:316,0
DA:317,0
DA:318,0
DA:319,0
DA:320,0
DA:322,0
DA:328,0
LF:140
LH:0
BRDA:147,0,0,0
BRDA:147,0,1,0
BRDA:148,1,0,0
BRDA:148,1,1,0
BRDA:153,2,0,0
BRDA:153,2,1,0
BRDA:157,3,0,0
BRDA:157,3,1,0
BRDA:181,4,0,0
BRDA:181,4,1,0
BRDA:182,5,0,0
BRDA:182,5,1,0
BRDA:190,6,0,0
BRDA:190,6,1,0
BRDA:191,7,0,0
BRDA:191,7,1,0
BRDA:193,8,0,0
BRDA:193,8,1,0
BRDA:195,9,0,0
BRDA:195,9,1,0
BRDA:198,10,0,0
BRDA:198,10,1,0
BRDA:198,11,0,0
BRDA:198,11,1,0
BRDA:199,12,0,0
BRDA:199,12,1,0
BRDA:199,13,0,0
BRDA:199,13,1,0
BRDA:204,14,0,0
BRDA:204,14,1,0
BRDA:205,15,0,0
BRDA:205,15,1,0
BRDA:209,16,0,0
BRDA:209,16,1,0
BRDA:211,17,0,0
BRDA:211,17,1,0
BRDA:211,18,0,0
BRDA:211,18,1,0
BRDA:212,19,0,0
BRDA:212,19,1,0
BRDA:212,20,0,0
BRDA:212,20,1,0
BRDA:216,21,0,0
BRDA:216,21,1,0
BRDA:216,22,0,0
BRDA:216,22,1,0
BRDA:218,23,0,0
BRDA:218,23,1,0
BRDA:219,24,0,0
BRDA:219,24,1,0
BRDA:225,25,0,0
BRDA:225,25,1,0
BRDA:226,26,0,0
BRDA:226,26,1,0
BRDA:228,27,0,0
BRDA:228,27,1,0
BRDA:228,28,0,0
BRDA:228,28,1,0
BRDA:229,29,0,0
BRDA:229,29,1,0
BRDA:229,30,0,0
BRDA:229,30,1,0
BRDA:234,31,0,0
BRDA:234,31,1,0
BRDA:235,32,0,0
BRDA:235,32,1,0
BRDA:235,33,0,0
BRDA:235,33,1,0
BRDA:237,34,0,0
BRDA:237,34,1,0
BRDA:238,35,0,0
BRDA:238,35,1,0
BRDA:240,36,0,0
BRDA:240,36,1,0
BRDA:240,37,0,0
BRDA:240,37,1,0
BRDA:241,38,0,0
BRDA:241,38,1,0
BRDA:241,39,0,0
BRDA:241,39,1,0
BRDA:256,40,0,0
BRDA:256,40,1,0
BRDA:257,41,0,0
BRDA:257,41,1,0
BRDA:263,42,0,0
BRDA:263,42,1,0
BRDA:265,43,0,0
BRDA:265,43,1,0
BRDA:267,44,0,0
BRDA:267,44,1,0
BRDA:267,45,0,0
BRDA:267,45,1,0
BRDA:273,46,0,0
BRDA:273,46,1,0
BRDA:273,47,0,0
BRDA:273,47,1,0
BRDA:273,47,2,0
BRDA:277,48,0,0
BRDA:277,48,1,0
BRDA:277,49,0,0
BRDA:277,49,1,0
BRDA:277,49,2,0
BRDA:285,50,0,0
BRDA:285,50,1,0
BRDA:286,51,0,0
BRDA:286,51,1,0
BRDA:288,52,0,0
BRDA:288,52,1,0
BRDA:288,53,0,0
BRDA:288,53,1,0
BRDA:294,54,0,0
BRDA:294,54,1,0
BRDA:295,55,0,0
BRDA:295,55,1,0
BRDA:313,56,0,0
BRDA:313,56,1,0
BRDA:313,57,0,0
BRDA:313,57,1,0
BRDA:314,58,0,0
BRDA:314,58,1,0
BRDA:315,59,0,0
BRDA:315,59,1,0
BRDA:318,60,0,0
BRDA:318,60,1,0
BRDA:319,61,0,0
BRDA:319,61,1,0
BRF:126
BRH:0
end_of_record
TN:
SF:src/date-picker/index.ts
FN:4,(anonymous_0)
FNF:1
FNH:0
FNDA:0,(anonymous_0)
DA:4,0
DA:5,0
LF:2
LH:0
BRF:0
BRH:0
end_of_record
TN:
SF:src/date-picker/props.ts
FNF:0
FNH:0
DA:49,0
DA:112,0
DA:150,0
LF:3
LH:0
BRF:0
BRH:0
end_of_record
TN:
SF:src/date-picker/example/index.vue
FN:77,setup
FN:89,allowedDates
FN:92,change
FNF:3
FNH:0
FNDA:0,setup
FNDA:0,allowedDates
FNDA:0,change
DA:74,0
DA:75,0
DA:77,0
DA:83,0
DA:84,0
DA:85,0
DA:86,0
DA:87,0
DA:88,0
DA:89,0
DA:90,0
DA:92,0
DA:93,0
DA:95,0
LF:14
LH:0
BRF:0
BRH:0
end_of_record
TN:
SF:src/date-picker/src/day-picker-panel.vue
FN:77,setup
FN:88,(anonymous_4)
FN:92,(anonymous_5)
FN:97,(anonymous_6)
FN:98,(anonymous_7)
FN:103,filterDay
FN:105,initDate
FN:111,(anonymous_10)
FN:112,(anonymous_11)
FN:115,initHeader
FN:130,inRange
FN:145,shouldChoose
FN:160,buttonProps
FN:200,checkDate
FN:206,chooseDay
FN:210,(anonymous_18)
FN:216,(anonymous_19)
FN:217,(anonymous_20)
FNF:18
FNH:0
FNDA:0,setup
FNDA:0,(anonymous_4)
FNDA:0,(anonymous_5)
FNDA:0,(anonymous_6)
FNDA:0,(anonymous_7)
FNDA:0,filterDay
FNDA:0,initDate
FNDA:0,(anonymous_10)
FNDA:0,(anonymous_11)
FNDA:0,initHeader
FNDA:0,inRange
FNDA:0,shouldChoose
FNDA:0,buttonProps
FNDA:0,checkDate
FNDA:0,chooseDay
FNDA:0,(anonymous_18)
FNDA:0,(anonymous_19)
FNDA:0,(anonymous_20)
DA:38,0
DA:39,0
DA:40,0
DA:41,0
DA:42,0
DA:43,0
DA:44,0
DA:46,0
DA:47,0
DA:49,0
DA:77,0
DA:78,0
DA:79,0
DA:80,0
DA:81,0
DA:82,0
DA:87,0
DA:88,0
DA:91,0
DA:93,0
DA:97,0
DA:98,0
DA:99,0
DA:100,0
DA:103,0
DA:105,0
DA:107,0
DA:108,0
DA:109,0
DA:110,0
DA:111,0
DA:112,0
DA:115,0
DA:117,0
DA:118,0
DA:119,0
DA:120,0
DA:121,0
DA:122,0
DA:124,0
DA:125,0
DA:126,0
DA:130,0
DA:132,0
DA:133,0
DA:134,0
DA:135,0
DA:136,0
DA:137,0
DA:139,0
DA:140,0
DA:142,0
DA:145,0
DA:147,0
DA:149,0
DA:150,0
DA:151,0
DA:152,0
DA:153,0
DA:154,0
DA:157,0
DA:160,0
DA:161,0
DA:162,0
DA:168,0
DA:171,0
DA:172,0
DA:173,0
DA:174,0
DA:175,0
DA:176,0
DA:178,0
DA:179,0
DA:180,0
DA:181,0
DA:183,0
DA:189,0
DA:191,0
DA:200,0
DA:201,0
DA:202,0
DA:203,0
DA:206,0
DA:207,0
DA:210,0
DA:211,0
DA:212,0
DA:215,0
DA:216,0
DA:218,0
DA:219,0
DA:223,0
LF:92
LH:0
BRDA:88,0,0,0
BRDA:88,0,1,0
BRDA:93,1,0,0
BRDA:93,1,1,0
BRDA:99,2,0,0
BRDA:99,2,1,0
BRDA:99,3,0,0
BRDA:99,3,1,0
BRDA:103,4,0,0
BRDA:103,4,1,0
BRDA:120,5,0,0
BRDA:120,5,1,0
BRDA:124,6,0,0
BRDA:124,6,1,0
BRDA:139,7,0,0
BRDA:139,7,1,0
BRDA:140,8,0,0
BRDA:140,8,1,0
BRDA:142,9,0,0
BRDA:142,9,1,0
BRDA:150,10,0,0
BRDA:150,10,1,0
BRDA:151,11,0,0
BRDA:151,11,1,0
BRDA:154,12,0,0
BRDA:154,12,1,0
BRDA:161,13,0,0
BRDA:161,13,1,0
BRDA:168,14,0,0
BRDA:168,14,1,0
BRDA:168,14,2,0
BRDA:176,15,0,0
BRDA:176,15,1,0
BRDA:178,16,0,0
BRDA:178,16,1,0
BRDA:178,17,0,0
BRDA:178,17,1,0
BRDA:179,18,0,0
BRDA:179,18,1,0
BRDA:179,19,0,0
BRDA:179,19,1,0
BRDA:179,20,0,0
BRDA:179,20,1,0
BRDA:180,21,0,0
BRDA:180,21,1,0
BRDA:181,22,0,0
BRDA:181,22,1,0
BRDA:181,23,0,0
BRDA:181,23,1,0
BRDA:184,24,0,0
BRDA:184,24,1,0
BRDA:184,25,0,0
BRDA:184,25,1,0
BRDA:184,26,0,0
BRDA:184,26,1,0
BRDA:186,27,0,0
BRDA:186,27,1,0
BRDA:186,28,0,0
BRDA:186,28,1,0
BRDA:186,28,2,0
BRDA:189,29,0,0
BRDA:189,29,1,0
BRDA:189,30,0,0
BRDA:189,30,1,0
BRDA:189,31,0,0
BRDA:189,31,1,0
BRDA:202,32,0,0
BRDA:202,32,1,0
BRF:68
BRH:0
end_of_record
TN:
SF:src/date-picker/src/month-picker-panel.vue
FN:70,setup
FN:79,(anonymous_3)
FN:81,(anonymous_4)
FN:83,inRange
FN:98,shouldChoose
FN:111,(anonymous_7)
FN:115,buttonProps
FN:152,chooseMonth
FN:156,checkDate
FN:163,(anonymous_11)
FN:164,(anonymous_12)
FNF:11
FNH:0
FNDA:0,setup
FNDA:0,(anonymous_3)
FNDA:0,(anonymous_4)
FNDA:0,inRange
FNDA:0,shouldChoose
FNDA:0,(anonymous_7)
FNDA:0,buttonProps
FNDA:0,chooseMonth
FNDA:0,checkDate
FNDA:0,(anonymous_11)
FNDA:0,(anonymous_12)
DA:32,0
DA:33,0
DA:34,0
DA:35,0
DA:36,0
DA:37,0
DA:38,0
DA:40,0
DA:41,0
DA:43,0
DA:70,0
DA:71,0
DA:72,0
DA:73,0
DA:74,0
DA:79,0
DA:81,0
DA:83,0
DA:86,0
DA:87,0
DA:88,0
DA:89,0
DA:90,0
DA:92,0
DA:93,0
DA:95,0
DA:98,0
DA:100,0
DA:101,0
DA:102,0
DA:103,0
DA:104,0
DA:105,0
DA:106,0
DA:107,0
DA:111,0
DA:112,0
DA:115,0
DA:116,0
DA:120,0
DA:121,0
DA:122,0
DA:123,0
DA:124,0
DA:126,0
DA:127,0
DA:132,0
DA:133,0
DA:135,0
DA:141,0
DA:143,0
DA:152,0
DA:153,0
DA:156,0
DA:157,0
DA:158,0
DA:159,0
DA:162,0
DA:163,0
DA:165,0
DA:166,0
DA:167,0
DA:168,0
DA:173,0
LF:64
LH:0
BRDA:92,0,0,0
BRDA:92,0,1,0
BRDA:93,1,0,0
BRDA:93,1,1,0
BRDA:95,2,0,0
BRDA:95,2,1,0
BRDA:103,3,0,0
BRDA:103,3,1,0
BRDA:104,4,0,0
BRDA:104,4,1,0
BRDA:107,5,0,0
BRDA:107,5,1,0
BRDA:111,6,0,0
BRDA:111,6,1,0
BRDA:116,7,0,0
BRDA:116,7,1,0
BRDA:116,7,2,0
BRDA:124,8,0,0
BRDA:124,8,1,0
BRDA:126,9,0,0
BRDA:126,9,1,0
BRDA:126,10,0,0
BRDA:126,10,1,0
BRDA:128,11,0,0
BRDA:128,11,1,0
BRDA:130,12,0,0
BRDA:130,12,1,0
BRDA:131,13,0,0
BRDA:131,13,1,0
BRDA:132,14,0,0
BRDA:132,14,1,0
BRDA:133,15,0,0
BRDA:133,15,1,0
BRDA:133,16,0,0
BRDA:133,16,1,0
BRDA:136,17,0,0
BRDA:136,17,1,0
BRDA:136,18,0,0
BRDA:136,18,1,0
BRDA:136,19,0,0
BRDA:136,19,1,0
BRDA:138,20,0,0
BRDA:138,20,1,0
BRDA:138,21,0,0
BRDA:138,21,1,0
BRDA:138,21,2,0
BRDA:141,22,0,0
BRDA:141,22,1,0
BRDA:141,23,0,0
BRDA:141,23,1,0
BRDA:141,24,0,0
BRDA:141,24,1,0
BRDA:158,25,0,0
BRDA:158,25,1,0
BRDA:165,26,0,0
BRDA:165,26,1,0
BRDA:167,27,0,0
BRDA:167,27,1,0
BRF:58
BRH:0
end_of_record
TN:
SF:src/date-picker/src/panel-header.vue
FN:55,setup
FN:59,(anonymous_2)
FN:66,checkDate
FN:73,(anonymous_4)
FN:74,(anonymous_5)
FNF:5
FNH:0
FNDA:0,setup
FNDA:0,(anonymous_2)
FNDA:0,checkDate
FNDA:0,(anonymous_4)
FNDA:0,(anonymous_5)
DA:30,0
DA:31,0
DA:32,0
DA:35,0
DA:55,0
DA:56,0
DA:57,0
DA:59,0
DA:60,0
DA:61,0
DA:62,0
DA:63,0
DA:66,0
DA:67,0
DA:68,0
DA:69,0
DA:72,0
DA:73,0
DA:75,0
DA:79,0
LF:20
LH:0
BRDA:62,0,0,0
BRDA:62,0,1,0
BRDA:69,1,0,0
BRDA:69,1,1,0
BRF:4
BRH:0
end_of_record
TN:
SF:src/date-picker/src/year-picker-panel.vue
FN:31,setup
FN:32,(anonymous_2)
FN:57,chooseYear
FN:61,(anonymous_4)
FNF:4
FNH:0
FNDA:0,setup
FNDA:0,(anonymous_2)
FNDA:0,chooseYear
FNDA:0,(anonymous_4)
DA:16,0
DA:17,0
DA:20,0
DA:31,0
DA:32,0
DA:33,0
DA:34,0
DA:35,0
DA:37,0
DA:38,0
DA:39,0
DA:40,0
DA:41,0
DA:44,0
DA:45,0
DA:46,0
DA:47,0
DA:48,0
DA:51,0
DA:52,0
DA:54,0
DA:57,0
DA:58,0
DA:61,0
DA:62,0
DA:63,0
DA:68,0
LF:27
LH:0
BRDA:34,0,0,0
BRDA:34,0,1,0
BRDA:37,1,0,0
BRDA:37,1,1,0
BRDA:40,2,0,0
BRDA:40,2,1,0
BRDA:40,3,0,0
BRDA:40,3,1,0
BRDA:41,4,0,0
BRDA:41,4,1,0
BRDA:44,5,0,0
BRDA:44,5,1,0
BRDA:47,6,0,0
BRDA:47,6,1,0
BRDA:47,7,0,0
BRDA:47,7,1,0
BRDA:48,8,0,0
BRDA:48,8,1,0
BRDA:63,9,0,0
BRDA:63,9,1,0
BRDA:63,10,0,0
BRDA:63,10,1,0
BRF:22
BRH:0
end_of_record
TN:
SF:src/dialog/Dialog.vue
FN:69,setup
FN:75,(anonymous_2)
FN:76,(anonymous_3)
FN:82,(anonymous_4)
FN:83,(anonymous_5)
FN:95,done
FN:97,handleClickOverlay
FN:109,confirm
FN:118,cancel
FNF:9
FNH:0
FNDA:0,setup
FNDA:0,(anonymous_2)
FNDA:0,(anonymous_3)
FNDA:0,(anonymous_4)
FNDA:0,(anonymous_5)
FNDA:0,done
FNDA:0,handleClickOverlay
FNDA:0,confirm
FNDA:0,cancel
DA:56,0
DA:57,0
DA:58,0
DA:59,0
DA:61,0
DA:71,0
DA:72,0
DA:74,0
DA:75,0
DA:77,0
DA:81,0
DA:82,0
DA:84,0
DA:86,0
DA:87,0
DA:89,0
DA:95,0
DA:97,0
DA:98,0
DA:99,0
DA:100,0
DA:102,0
DA:103,0
DA:104,0
DA:106,0
DA:109,0
DA:110,0
DA:111,0
DA:112,0
DA:113,0
DA:115,0
DA:118,0
DA:119,0
DA:120,0
DA:121,0
DA:122,0
DA:124,0
DA:127,0
LF:38
LH:0
BRDA:84,0,0,0
BRDA:84,0,1,0
BRDA:95,1,0,0
BRDA:95,1,1,0
BRDA:95,2,0,0
BRDA:95,2,1,0
BRDA:98,3,0,0
BRDA:98,3,1,0
BRDA:98,4,0,0
BRDA:98,4,1,0
BRDA:99,5,0,0
BRDA:99,5,1,0
BRDA:102,6,0,0
BRDA:102,6,1,0
BRDA:106,7,0,0
BRDA:106,7,1,0
BRDA:106,8,0,0
BRDA:106,8,1,0
BRDA:110,9,0,0
BRDA:110,9,1,0
BRDA:110,10,0,0
BRDA:110,10,1,0
BRDA:111,11,0,0
BRDA:111,11,1,0
BRDA:115,12,0,0
BRDA:115,12,1,0
BRDA:115,13,0,0
BRDA:115,13,1,0
BRDA:119,14,0,0
BRDA:119,14,1,0
BRDA:119,15,0,0
BRDA:119,15,1,0
BRDA:120,16,0,0
BRDA:120,16,1,0
BRDA:124,17,0,0
BRDA:124,17,1,0
BRDA:124,18,0,0
BRDA:124,18,1,0
BRF:38
BRH:0
end_of_record
TN:
SF:src/dialog/index.ts
FN:33,Dialog
FN:34,(anonymous_1)
FN:43,(anonymous_2)
FN:47,(anonymous_3)
FN:51,(anonymous_4)
FN:55,(anonymous_5)
FN:59,(anonymous_6)
FN:63,(anonymous_7)
FN:72,(anonymous_8)
FN:76,(anonymous_9)
FN:79,(anonymous_10)
FNF:11
FNH:0
FNDA:0,Dialog
FNDA:0,(anonymous_1)
FNDA:0,(anonymous_2)
FNDA:0,(anonymous_3)
FNDA:0,(anonymous_4)
FNDA:0,(anonymous_5)
FNDA:0,(anonymous_6)
FNDA:0,(anonymous_7)
FNDA:0,(anonymous_8)
FNDA:0,(anonymous_9)
FNDA:0,(anonymous_10)
DA:34,0
DA:35,0
DA:37,0
DA:38,0
DA:40,0
DA:42,0
DA:44,0
DA:45,0
DA:48,0
DA:49,0
DA:52,0
DA:53,0
DA:56,0
DA:57,0
DA:60,0
DA:61,0
DA:64,0
DA:68,0
DA:72,0
DA:73,0
DA:76,0
DA:77,0
DA:78,0
DA:79,0
DA:80,0
DA:82,0
DA:86,0
LF:27
LH:0
BRDA:37,0,0,0
BRDA:37,0,1,0
BRDA:45,1,0,0
BRDA:45,1,1,0
BRDA:49,2,0,0
BRDA:49,2,1,0
BRDA:53,3,0,0
BRDA:53,3,1,0
BRDA:57,4,0,0
BRDA:57,4,1,0
BRDA:61,5,0,0
BRDA:61,5,1,0
BRDA:77,6,0,0
BRDA:77,6,1,0
BRF:14
BRH:0
end_of_record
TN:
SF:src/dialog/props.ts
FN:4,messageAlignValidator
FNF:1
FNH:0
FNDA:0,messageAlignValidator
DA:5,0
DA:8,0
LF:2
LH:0
BRF:0
BRH:0
end_of_record
TN:
SF:src/dialog/example/index.vue
FN:31,setup
FN:34,handleBeforeClose
FN:36,(anonymous_16)
FN:41,log
FN:43,create
FN:43,(anonymous_19)
FNF:6
FNH:0
FNDA:0,setup
FNDA:0,handleBeforeClose
FNDA:0,(anonymous_16)
FNDA:0,log
FNDA:0,create
FNDA:0,(anonymous_19)
DA:21,0
DA:22,0
DA:23,0
DA:25,0
DA:31,0
DA:32,0
DA:34,0
DA:35,0
DA:36,0
DA:37,0
DA:41,0
DA:43,0
DA:44,0
DA:49,0
DA:68,0
LF:15
LH:0
BRF:0
BRH:0
end_of_record
TN:
SF:src/expansion-panel/ExpansionPanel.vue
FN:55,setup
FN:71,(anonymous_2)
FN:73,init
FN:79,toggle
FN:86,openPanel
FN:90,(anonymous_6)
FN:93,(anonymous_7)
FN:99,closePanel
FN:104,transitionend
FN:119,(anonymous_10)
FNF:10
FNH:0
FNDA:0,setup
FNDA:0,(anonymous_2)
FNDA:0,init
FNDA:0,toggle
FNDA:0,openPanel
FNDA:0,(anonymous_6)
FNDA:0,(anonymous_7)
FNDA:0,closePanel
FNDA:0,transitionend
FNDA:0,(anonymous_10)
DA:36,0
DA:37,0
DA:38,0
DA:39,0
DA:40,0
DA:46,0
DA:47,0
DA:49,0
DA:56,0
DA:60,0
DA:62,0
DA:63,0
DA:66,0
DA:67,0
DA:68,0
DA:69,0
DA:71,0
DA:73,0
DA:74,0
DA:75,0
DA:76,0
DA:79,0
DA:80,0
DA:81,0
DA:82,0
DA:86,0
DA:87,0
DA:88,0
DA:89,0
DA:90,0
DA:91,0
DA:92,0
DA:93,0
DA:94,0
DA:99,0
DA:100,0
DA:101,0
DA:104,0
DA:105,0
DA:106,0
DA:107,0
DA:111,0
DA:117,0
DA:119,0
DA:120,0
DA:121,0
DA:124,0
LF:47
LH:0
BRDA:62,0,0,0
BRDA:62,0,1,0
BRDA:62,1,0,0
BRDA:62,1,1,0
BRDA:62,1,2,0
BRDA:74,2,0,0
BRDA:74,2,1,0
BRDA:74,3,0,0
BRDA:74,3,1,0
BRDA:74,3,2,0
BRDA:74,3,3,0
BRDA:80,4,0,0
BRDA:80,4,1,0
BRDA:81,5,0,0
BRDA:81,5,1,0
BRDA:82,6,0,0
BRDA:82,6,1,0
BRDA:87,7,0,0
BRDA:87,7,1,0
BRDA:100,8,0,0
BRDA:100,8,1,0
BRDA:105,9,0,0
BRDA:105,9,1,0
BRDA:120,10,0,0
BRDA:120,10,1,0
BRF:25
BRH:0
end_of_record
TN:
SF:src/expansion-panel/index.ts
FN:4,(anonymous_0)
FNF:1
FNH:0
FNDA:0,(anonymous_0)
DA:4,0
DA:5,0
LF:2
LH:0
BRF:0
BRH:0
end_of_record
TN:
SF:src/expansion-panel/props.ts
FNF:0
FNH:0
DA:1,0
LF:1
LH:0
BRF:0
BRH:0
end_of_record
TN:
SF:src/expansion-panel/provide.ts
FNF:0
FNH:0
LF:0
LH:0
BRF:0
BRH:0
end_of_record
TN:
SF:src/expansion-panels/ExpansionPanels.vue
FN:22,setup
FN:24,(anonymous_3)
FN:26,(anonymous_4)
FN:33,checkValue
FN:45,getValue
FN:50,(anonymous_7)
FN:53,updateItem
FN:59,matchName
FN:61,(anonymous_10)
FN:63,(anonymous_11)
FN:69,matchIndex
FN:71,(anonymous_13)
FN:75,(anonymous_14)
FN:80,resize
FN:88,(anonymous_16)
FN:93,(anonymous_17)
FN:110,(anonymous_18)
FN:111,(anonymous_19)
FN:115,(anonymous_20)
FN:116,(anonymous_21)
FNF:20
FNH:0
FNDA:0,setup
FNDA:0,(anonymous_3)
FNDA:0,(anonymous_4)
FNDA:0,checkValue
FNDA:0,getValue
FNDA:0,(anonymous_7)
FNDA:0,updateItem
FNDA:0,matchName
FNDA:0,(anonymous_10)
FNDA:0,(anonymous_11)
FNDA:0,matchIndex
FNDA:0,(anonymous_13)
FNDA:0,(anonymous_14)
FNDA:0,resize
FNDA:0,(anonymous_16)
FNDA:0,(anonymous_17)
FNDA:0,(anonymous_18)
FNDA:0,(anonymous_19)
FNDA:0,(anonymous_20)
FNDA:0,(anonymous_21)
DA:8,0
DA:9,0
DA:10,0
DA:16,0
DA:17,0
DA:19,0
DA:23,0
DA:24,0
DA:26,0
DA:27,0
DA:31,0
DA:33,0
DA:34,0
DA:35,0
DA:36,0
DA:38,0
DA:39,0
DA:40,0
DA:42,0
DA:45,0
DA:46,0
DA:47,0
DA:48,0
DA:50,0
DA:53,0
DA:54,0
DA:55,0
DA:56,0
DA:59,0
DA:60,0
DA:61,0
DA:63,0
DA:64,0
DA:65,0
DA:69,0
DA:70,0
DA:71,0
DA:72,0
DA:75,0
DA:76,0
DA:80,0
DA:81,0
DA:83,0
DA:84,0
DA:88,0
DA:89,0
DA:91,0
DA:93,0
DA:94,0
DA:97,0
DA:101,0
DA:107,0
DA:109,0
DA:110,0
DA:111,0
DA:114,0
DA:115,0
DA:116,0
LF:58
LH:0
BRDA:34,0,0,0
BRDA:34,0,1,0
BRDA:34,1,0,0
BRDA:34,1,1,0
BRDA:38,2,0,0
BRDA:38,2,1,0
BRDA:38,3,0,0
BRDA:38,3,1,0
BRDA:46,4,0,0
BRDA:46,4,1,0
BRDA:47,5,0,0
BRDA:47,5,1,0
BRDA:47,6,0,0
BRDA:47,6,1,0
BRDA:49,7,0,0
BRDA:49,7,1,0
BRDA:55,8,0,0
BRDA:55,8,1,0
BRDA:55,9,0,0
BRDA:55,9,1,0
BRDA:56,10,0,0
BRDA:56,10,1,0
BRDA:56,11,0,0
BRDA:56,11,1,0
BRDA:60,12,0,0
BRDA:60,12,1,0
BRDA:64,13,0,0
BRDA:64,13,1,0
BRDA:70,14,0,0
BRDA:70,14,1,0
BRDA:72,15,0,0
BRDA:72,15,1,0
BRDA:76,16,0,0
BRDA:76,16,1,0
BRDA:81,17,0,0
BRDA:81,17,1,0
BRDA:83,18,0,0
BRDA:83,18,1,0
BRDA:84,19,0,0
BRDA:84,19,1,0
BRDA:85,20,0,0
BRDA:85,20,1,0
BRDA:85,20,2,0
BRDA:85,20,3,0
BRDA:95,21,0,0
BRDA:95,21,1,0
BRF:46
BRH:0
end_of_record
TN:
SF:src/expansion-panels/index.ts
FN:4,(anonymous_0)
FNF:1
FNH:0
FNDA:0,(anonymous_0)
DA:4,0
DA:5,0
LF:2
LH:0
BRF:0
BRH:0
end_of_record
TN:
SF:src/expansion-panels/props.ts
FNF:0
FNH:0
DA:3,0
LF:1
LH:0
BRF:0
BRH:0
end_of_record
TN:
SF:src/expansion-panels/provide.ts
FNF:0
FNH:0
DA:9,0
DA:10,0
LF:2
LH:0
BRF:0
BRH:0
end_of_record
TN:
SF:src/expansion-panels/example/index.vue
FN:59,setup
FN:70,changeHandle
FNF:2
FNH:0
FNDA:0,setup
FNDA:0,changeHandle
DA:54,0
DA:55,0
DA:56,0
DA:57,0
DA:59,0
DA:67,0
DA:68,0
DA:69,0
DA:70,0
DA:71,0
DA:73,0
LF:11
LH:0
BRF:0
BRH:0
end_of_record
TN:
SF:src/form/Form.vue
FN:16,setup
FN:21,(anonymous_14)
FN:22,(anonymous_15)
FN:24,validate
FN:24,(anonymous_17)
FN:25,(anonymous_19)
FN:27,(anonymous_20)
FN:30,reset
FN:30,(anonymous_22)
FN:32,resetValidation
FN:32,(anonymous_24)
FNF:11
FNH:0
FNDA:0,setup
FNDA:0,(anonymous_14)
FNDA:0,(anonymous_15)
FNDA:0,validate
FNDA:0,(anonymous_17)
FNDA:0,(anonymous_19)
FNDA:0,(anonymous_20)
FNDA:0,reset
FNDA:0,(anonymous_22)
FNDA:0,resetValidation
FNDA:0,(anonymous_24)
DA:8,0
DA:9,0
DA:10,0
DA:11,0
DA:13,0
DA:16,0
DA:17,0
DA:21,0
DA:22,0
DA:24,0
DA:25,0
DA:27,0
DA:30,0
DA:32,0
DA:34,0
DA:39,0
DA:41,0
LF:17
LH:0
BRF:0
BRH:0
end_of_record
TN:
SF:src/form/index.ts
FN:4,(anonymous_0)
FNF:1
FNH:0
FNDA:0,(anonymous_0)
DA:4,0
DA:5,0
LF:2
LH:0
BRF:0
BRH:0
end_of_record
TN:
SF:src/form/props.ts
FNF:0
FNH:0
DA:1,0
LF:1
LH:0
BRF:0
BRH:0
end_of_record
TN:
SF:src/form/provide.ts
FNF:0
FNH:0
DA:14,0
LF:1
LH:0
BRF:0
BRH:0
end_of_record
TN:
SF:src/form-details/FormDetails.vue
FNF:0
FNH:0
DA:11,0
DA:12,0
DA:14,0
LF:3
LH:0
BRF:0
BRH:0
end_of_record
TN:
SF:src/form-details/index.ts
FN:4,(anonymous_0)
FNF:1
FNH:0
FNDA:0,(anonymous_0)
DA:4,0
DA:5,0
LF:2
LH:0
BRF:0
BRH:0
end_of_record
TN:
SF:src/form-details/props.ts
FNF:0
FNH:0
DA:1,0
LF:1
LH:0
BRF:0
BRH:0
end_of_record
TN:
SF:src/form-details/example/index.vue
FNF:0
FNH:0
DA:6,0
DA:7,0
DA:9,0
LF:3
LH:0
BRF:0
BRH:0
end_of_record
TN:
SF:src/form/example/index.vue
FN:99,setup
FNF:1
FNH:0
FNDA:0,setup
DA:69,0
DA:70,0
DA:71,0
DA:72,0
DA:73,0
DA:74,0
DA:75,0
DA:76,0
DA:77,0
DA:78,0
DA:79,0
DA:80,0
DA:81,0
DA:83,0
DA:100,0
DA:114,0
DA:115,0
DA:116,0
DA:118,0
LF:19
LH:0
BRF:0
BRH:0
end_of_record
TN:
SF:src/icon/Icon.vue
FN:30,setup
FN:35,(anonymous_1)
FN:36,(anonymous_2)
FN:44,(anonymous_3)
FN:45,(anonymous_4)
FN:57,handleClick
FNF:6
FNH:3
FNDA:2,setup
FNDA:2,(anonymous_1)
FNDA:2,(anonymous_2)
FNDA:0,(anonymous_3)
FNDA:0,(anonymous_4)
FNDA:0,handleClick
DA:22,1
DA:23,1
DA:24,1
DA:26,1
DA:31,2
DA:32,2
DA:34,2
DA:35,2
DA:37,2
DA:38,2
DA:39,2
DA:42,0
DA:44,0
DA:45,0
DA:46,0
DA:47,0
DA:50,0
DA:57,2
DA:58,0
DA:61,2
LF:20
LH:13
BRDA:37,0,0,2
BRDA:37,0,1,0
BRDA:37,1,0,2
BRDA:37,1,1,0
BRDA:46,2,0,0
BRDA:46,2,1,0
BRDA:58,3,0,0
BRDA:58,3,1,0
BRDA:58,4,0,0
BRDA:58,4,1,0
BRF:10
BRH:2
end_of_record
TN:
SF:src/icon/index.ts
FN:4,(anonymous_0)
FNF:1
FNH:0
FNDA:0,(anonymous_0)
DA:4,1
DA:5,0
LF:2
LH:1
BRF:0
BRH:0
end_of_record
TN:
SF:src/icon/props.ts
FNF:0
FNH:0
DA:1,1
LF:1
LH:1
BRF:0
BRH:0
end_of_record
TN:
SF:src/icon/example/index.vue
FN:31,setup
FN:34,(anonymous_2)
FN:36,text
FN:42,(anonymous_4)
FNF:4
FNH:0
FNDA:0,setup
FNDA:0,(anonymous_2)
FNDA:0,text
FNDA:0,(anonymous_4)
DA:16,0
DA:17,0
DA:18,0
DA:19,0
DA:20,0
DA:22,0
DA:24,0
DA:32,0
DA:34,0
DA:35,0
DA:37,0
DA:38,0
DA:42,0
DA:43,0
DA:47,0
LF:15
LH:0
BRF:0
BRH:0
end_of_record
TN:
SF:src/image/Image.vue
FN:42,setup
FN:43,handleLoad
FN:50,handleError
FNF:3
FNH:0
FNDA:0,setup
FNDA:0,handleLoad
FNDA:0,handleError
DA:29,0
DA:30,0
DA:31,0
DA:32,0
DA:34,0
DA:43,0
DA:44,0
DA:46,0
DA:47,0
DA:50,0
DA:51,0
DA:53,0
DA:56,0
LF:13
LH:0
BRDA:46,0,0,0
BRDA:46,0,1,0
BRDA:46,1,0,0
BRDA:46,1,1,0
BRDA:46,2,0,0
BRDA:46,2,1,0
BRDA:47,3,0,0
BRDA:47,3,1,0
BRDA:47,4,0,0
BRDA:47,4,1,0
BRDA:47,5,0,0
BRDA:47,5,1,0
BRDA:53,6,0,0
BRDA:53,6,1,0
BRDA:53,7,0,0
BRDA:53,7,1,0
BRDA:53,8,0,0
BRDA:53,8,1,0
BRF:18
BRH:0
end_of_record
TN:
SF:src/image/index.ts
FN:4,(anonymous_0)
FNF:1
FNH:0
FNDA:0,(anonymous_0)
DA:4,0
DA:5,0
LF:2
LH:0
BRF:0
BRH:0
end_of_record
TN:
SF:src/image/props.ts
FN:1,fitValidator
FNF:1
FNH:0
FNDA:0,fitValidator
DA:2,0
DA:5,0
LF:2
LH:0
BRF:0
BRH:0
end_of_record
TN:
SF:src/image/example/index.vue
FN:55,setup
FN:57,handleLoad
FN:61,handleError
FNF:3
FNH:0
FNDA:0,setup
FNDA:0,handleLoad
FNDA:0,handleError
DA:47,0
DA:48,0
DA:50,0
DA:56,0
DA:58,0
DA:59,0
DA:62,0
DA:63,0
LF:8
LH:0
BRF:0
BRH:0
end_of_record
TN:
SF:src/index-anchor/IndexAnchor.vue
FN:33,setup
FN:35,(anonymous_2)
FN:49,setOwnTop
FNF:3
FNH:0
FNDA:0,setup
FNDA:0,(anonymous_2)
FNDA:0,setOwnTop
DA:15,0
DA:16,0
DA:17,0
DA:19,0
DA:24,0
DA:26,0
DA:34,0
DA:35,0
DA:36,0
DA:37,0
DA:41,0
DA:42,0
DA:43,0
DA:46,0
DA:47,0
DA:49,0
DA:50,0
DA:55,0
DA:62,0
DA:64,0
LF:20
LH:0
BRDA:41,0,0,0
BRDA:41,0,1,0
BRDA:41,1,0,0
BRDA:41,1,1,0
BRDA:51,2,0,0
BRDA:51,2,1,0
BRF:6
BRH:0
end_of_record
TN:
SF:src/index-anchor/index.ts
FN:4,(anonymous_0)
FNF:1
FNH:0
FNDA:0,(anonymous_0)
DA:4,0
DA:5,0
LF:2
LH:0
BRF:0
BRH:0
end_of_record
TN:
SF:src/index-anchor/props.ts
FNF:0
FNH:0
DA:1,0
LF:1
LH:0
BRF:0
BRH:0
end_of_record
TN:
SF:src/index-anchor/provide.ts
FNF:0
FNH:0
LF:0
LH:0
BRF:0
BRH:0
end_of_record
TN:
SF:src/index-bar/IndexBar.vue
FN:28,setup
FN:31,(anonymous_1)
FN:32,(anonymous_2)
FN:33,(anonymous_3)
FN:34,(anonymous_4)
FN:52,emitEvent
FN:59,handleScroll
FN:61,(anonymous_7)
FN:74,anchorClick
FN:76,(anonymous_9)
FN:85,(anonymous_10)
FN:86,(anonymous_11)
FN:87,(anonymous_12)
FN:88,(anonymous_13)
FN:94,(anonymous_14)
FN:95,(anonymous_15)
FNF:16
FNH:0
FNDA:0,setup
FNDA:0,(anonymous_1)
FNDA:0,(anonymous_2)
FNDA:0,(anonymous_3)
FNDA:0,(anonymous_4)
FNDA:0,emitEvent
FNDA:0,handleScroll
FNDA:0,(anonymous_7)
FNDA:0,anchorClick
FNDA:0,(anonymous_9)
FNDA:0,(anonymous_10)
FNDA:0,(anonymous_11)
FNDA:0,(anonymous_12)
FNDA:0,(anonymous_13)
FNDA:0,(anonymous_14)
FNDA:0,(anonymous_15)
DA:18,0
DA:19,0
DA:20,0
DA:21,0
DA:23,0
DA:25,0
DA:29,0
DA:31,0
DA:32,0
DA:33,0
DA:34,0
DA:36,0
DA:38,0
DA:41,0
DA:43,0
DA:50,0
DA:52,0
DA:53,0
DA:54,0
DA:55,0
DA:56,0
DA:59,0
DA:60,0
DA:61,0
DA:62,0
DA:63,0
DA:65,0
DA:66,0
DA:67,0
DA:68,0
DA:69,0
DA:74,0
DA:75,0
DA:76,0
DA:77,0
DA:78,0
DA:79,0
DA:80,0
DA:81,0
DA:84,0
DA:85,0
DA:87,0
DA:88,0
DA:89,0
DA:94,0
DA:95,0
DA:98,0
LF:47
LH:0
BRDA:53,0,0,0
BRDA:53,0,1,0
BRDA:54,1,0,0
BRDA:54,1,1,0
BRDA:55,2,0,0
BRDA:55,2,1,0
BRDA:55,3,0,0
BRDA:55,3,1,0
BRDA:56,4,0,0
BRDA:56,4,1,0
BRDA:56,5,0,0
BRDA:56,5,1,0
BRDA:65,6,0,0
BRDA:65,6,1,0
BRDA:65,7,0,0
BRDA:65,7,1,0
BRDA:67,8,0,0
BRDA:67,8,1,0
BRDA:67,9,0,0
BRDA:67,9,1,0
BRDA:75,10,0,0
BRDA:75,10,1,0
BRDA:77,11,0,0
BRDA:77,11,1,0
BRDA:89,12,0,0
BRDA:89,12,1,0
BRF:26
BRH:0
end_of_record
TN:
SF:src/index-bar/index.ts
FN:4,(anonymous_0)
FNF:1
FNH:0
FNDA:0,(anonymous_0)
DA:4,0
DA:5,0
LF:2
LH:0
BRF:0
BRH:0
end_of_record
TN:
SF:src/index-bar/props.ts
FNF:0
FNH:0
DA:1,0
LF:1
LH:0
BRF:0
BRH:0
end_of_record
TN:
SF:src/index-bar/provide.ts
FNF:0
FNH:0
DA:10,0
DA:11,0
LF:2
LH:0
BRF:0
BRH:0
end_of_record
TN:
SF:src/index-bar/example/index.vue
FN:18,setup
FN:29,(anonymous_1)
FN:35,change
FNF:3
FNH:0
FNDA:0,setup
FNDA:0,(anonymous_1)
FNDA:0,change
DA:13,0
DA:14,0
DA:15,0
DA:16,0
DA:18,0
DA:26,0
DA:27,0
DA:29,0
DA:30,0
DA:31,0
DA:35,0
DA:36,0
DA:39,0
LF:13
LH:0
BRF:0
BRH:0
end_of_record
TN:
SF:src/input/Input.vue
FN:126,setup
FN:135,(anonymous_2)
FN:136,(anonymous_3)
FN:152,validate
FN:154,validateWithTrigger
FN:155,(anonymous_6)
FN:157,computePlaceholderState
FN:166,normalizeValue
FN:170,handleFocus
FN:177,handleBlur
FN:184,handleInput
FN:193,handleChange
FN:199,handleClear
FN:216,handleClick
FN:226,handleClickAppendIcon
FN:234,handleClickPrependIcon
FN:242,focus
FN:246,blur
FN:250,reset
FNF:19
FNH:0
FNDA:0,setup
FNDA:0,(anonymous_2)
FNDA:0,(anonymous_3)
FNDA:0,validate
FNDA:0,validateWithTrigger
FNDA:0,(anonymous_6)
FNDA:0,computePlaceholderState
FNDA:0,normalizeValue
FNDA:0,handleFocus
FNDA:0,handleBlur
FNDA:0,handleInput
FNDA:0,handleChange
FNDA:0,handleClear
FNDA:0,handleClick
FNDA:0,handleClickAppendIcon
FNDA:0,handleClickPrependIcon
FNDA:0,focus
FNDA:0,blur
FNDA:0,reset
DA:109,0
DA:110,0
DA:111,0
DA:112,0
DA:113,0
DA:115,0
DA:116,0
DA:118,0
DA:127,0
DA:131,0
DA:132,0
DA:133,0
DA:135,0
DA:136,0
DA:137,0
DA:139,0
DA:140,0
DA:143,0
DA:144,0
DA:147,0
DA:150,0
DA:152,0
DA:154,0
DA:155,0
DA:157,0
DA:158,0
DA:159,0
DA:161,0
DA:162,0
DA:166,0
DA:167,0
DA:170,0
DA:171,0
DA:172,0
DA:174,0
DA:177,0
DA:178,0
DA:179,0
DA:181,0
DA:184,0
DA:185,0
DA:187,0
DA:188,0
DA:190,0
DA:193,0
DA:194,0
DA:196,0
DA:199,0
DA:200,0
DA:207,0
DA:210,0
DA:211,0
DA:213,0
DA:216,0
DA:217,0
DA:218,0
DA:221,0
DA:223,0
DA:226,0
DA:227,0
DA:228,0
DA:231,0
DA:234,0
DA:235,0
DA:236,0
DA:239,0
DA:242,0
DA:243,0
DA:246,0
DA:247,0
DA:250,0
DA:251,0
DA:252,0
DA:255,0
DA:261,0
DA:263,0
LF:76
LH:0
BRDA:139,0,0,0
BRDA:139,0,1,0
BRDA:143,1,0,0
BRDA:143,1,1,0
BRDA:158,2,0,0
BRDA:158,2,1,0
BRDA:158,3,0,0
BRDA:158,3,1,0
BRDA:161,4,0,0
BRDA:161,4,1,0
BRDA:161,5,0,0
BRDA:161,5,1,0
BRDA:161,5,2,0
BRDA:167,6,0,0
BRDA:167,6,1,0
BRDA:172,7,0,0
BRDA:172,7,1,0
BRDA:172,8,0,0
BRDA:172,8,1,0
BRDA:179,9,0,0
BRDA:179,9,1,0
BRDA:179,10,0,0
BRDA:179,10,1,0
BRDA:187,11,0,0
BRDA:187,11,1,0
BRDA:187,12,0,0
BRDA:187,12,1,0
BRDA:188,13,0,0
BRDA:188,13,1,0
BRDA:188,14,0,0
BRDA:188,14,1,0
BRDA:194,15,0,0
BRDA:194,15,1,0
BRDA:194,16,0,0
BRDA:194,16,1,0
BRDA:200,17,0,0
BRDA:200,17,1,0
BRDA:201,18,0,0
BRDA:201,18,1,0
BRDA:201,18,2,0
BRDA:201,18,3,0
BRDA:201,18,4,0
BRDA:201,19,0,0
BRDA:201,19,1,0
BRDA:201,20,0,0
BRDA:201,20,1,0
BRDA:202,21,0,0
BRDA:202,21,1,0
BRDA:202,22,0,0
BRDA:202,22,1,0
BRDA:210,23,0,0
BRDA:210,23,1,0
BRDA:210,24,0,0
BRDA:210,24,1,0
BRDA:211,25,0,0
BRDA:211,25,1,0
BRDA:211,26,0,0
BRDA:211,26,1,0
BRDA:217,27,0,0
BRDA:217,27,1,0
BRDA:217,28,0,0
BRDA:217,28,1,0
BRDA:217,29,0,0
BRDA:217,29,1,0
BRDA:217,30,0,0
BRDA:217,30,1,0
BRDA:221,31,0,0
BRDA:221,31,1,0
BRDA:221,32,0,0
BRDA:221,32,1,0
BRDA:227,33,0,0
BRDA:227,33,1,0
BRDA:227,34,0,0
BRDA:227,34,1,0
BRDA:227,35,0,0
BRDA:227,35,1,0
BRDA:227,36,0,0
BRDA:227,36,1,0
BRDA:231,37,0,0
BRDA:231,37,1,0
BRDA:231,38,0,0
BRDA:231,38,1,0
BRDA:235,39,0,0
BRDA:235,39,1,0
BRDA:235,40,0,0
BRDA:235,40,1,0
BRDA:235,41,0,0
BRDA:235,41,1,0
BRDA:235,42,0,0
BRDA:235,42,1,0
BRDA:239,43,0,0
BRDA:239,43,1,0
BRDA:239,44,0,0
BRDA:239,44,1,0
BRDA:251,45,0,0
BRDA:251,45,1,0
BRDA:251,46,0,0
BRDA:251,46,1,0
BRDA:261,47,0,0
BRDA:261,47,1,0
BRDA:261,48,0,0
BRDA:261,48,1,0
BRDA:269,49,0,0
BRDA:269,49,1,0
BRDA:269,50,0,0
BRDA:269,50,1,0
BRDA:270,51,0,0
BRDA:270,51,1,0
BRDA:270,52,0,0
BRDA:270,52,1,0
BRF:110
BRH:0
end_of_record
TN:
SF:src/input/index.ts
FN:4,(anonymous_0)
FNF:1
FNH:0
FNDA:0,(anonymous_0)
DA:4,0
DA:5,0
LF:2
LH:0
BRF:0
BRH:0
end_of_record
TN:
SF:src/input/props.ts
FN:3,typeValidator
FNF:1
FNH:0
FNDA:0,typeValidator
DA:4,0
DA:9,0
LF:2
LH:0
BRF:0
BRH:0
end_of_record
TN:
SF:src/input/provide.ts
FNF:0
FNH:0
LF:0
LH:0
BRF:0
BRH:0
end_of_record
TN:
SF:src/input/example/index.vue
FN:63,setup
FN:71,asyncValidator
FN:72,(anonymous_3)
FN:73,(anonymous_4)
FNF:4
FNH:0
FNDA:0,setup
FNDA:0,asyncValidator
FNDA:0,(anonymous_3)
FNDA:0,(anonymous_4)
DA:51,0
DA:52,0
DA:53,0
DA:54,0
DA:56,0
DA:64,0
DA:66,0
DA:72,0
DA:73,0
DA:74,0
LF:10
LH:0
BRF:0
BRH:0
end_of_record
TN:
SF:src/lazy/index.ts
FN:61,setLoading
FN:71,setError
FN:86,setSuccess
FN:97,bindEvents
FN:103,(anonymous_4)
FN:108,unbindEvents
FN:109,(anonymous_6)
FN:110,(anonymous_7)
FN:118,updateLazyOptions
FN:137,createImage
FN:140,(anonymous_10)
FN:146,(anonymous_11)
FN:152,attemptLoad
FN:171,check
FN:175,checkAll
FN:176,(anonymous_15)
FN:179,clear
FN:188,observe
FN:190,(anonymous_18)
FN:197,diff
FN:208,mounted
FN:222,unmounted
FN:226,updated
FN:236,mergeLazyOptions
FN:249,(anonymous_24)
FNF:25
FNH:0
FNDA:0,setLoading
FNDA:0,setError
FNDA:0,setSuccess
FNDA:0,bindEvents
FNDA:0,(anonymous_4)
FNDA:0,unbindEvents
FNDA:0,(anonymous_6)
FNDA:0,(anonymous_7)
FNDA:0,updateLazyOptions
FNDA:0,createImage
FNDA:0,(anonymous_10)
FNDA:0,(anonymous_11)
FNDA:0,attemptLoad
FNDA:0,check
FNDA:0,checkAll
FNDA:0,(anonymous_15)
FNDA:0,clear
FNDA:0,observe
FNDA:0,(anonymous_18)
FNDA:0,diff
FNDA:0,mounted
FNDA:0,unmounted
FNDA:0,updated
FNDA:0,mergeLazyOptions
FNDA:0,(anonymous_24)
DA:34,0
DA:35,0
DA:36,0
DA:37,0
DA:38,0
DA:39,0
DA:41,0
DA:43,0
DA:45,0
DA:47,0
DA:55,0
DA:57,0
DA:59,0
DA:62,0
DA:68,0
DA:72,0
DA:73,0
DA:74,0
DA:76,0
DA:80,0
DA:82,0
DA:83,0
DA:87,0
DA:91,0
DA:93,0
DA:94,0
DA:98,0
DA:99,0
DA:101,0
DA:103,0
DA:104,0
DA:109,0
DA:110,0
DA:111,0
DA:115,0
DA:119,0
DA:125,0
DA:134,0
DA:138,0
DA:139,0
DA:140,0
DA:141,0
DA:143,0
DA:144,0
DA:146,0
DA:147,0
DA:148,0
DA:153,0
DA:154,0
DA:156,0
DA:157,0
DA:159,0
DA:161,0
DA:162,0
DA:163,0
DA:164,0
DA:167,0
DA:168,0
DA:172,0
DA:176,0
DA:180,0
DA:181,0
DA:183,0
DA:184,0
DA:189,0
DA:190,0
DA:193,0
DA:194,0
DA:198,0
DA:199,0
DA:209,0
DA:211,0
DA:213,0
DA:214,0
DA:216,0
DA:217,0
DA:218,0
DA:223,0
DA:227,0
DA:237,0
DA:238,0
DA:239,0
DA:240,0
DA:241,0
DA:242,0
DA:245,0
DA:250,0
DA:252,0
DA:254,0
LF:89
LH:0
BRDA:62,0,0,0
BRDA:62,0,1,0
BRDA:63,1,0,0
BRDA:63,1,1,0
BRDA:68,2,0,0
BRDA:68,2,1,0
BRDA:72,3,0,0
BRDA:72,3,1,0
BRDA:73,4,0,0
BRDA:73,4,1,0
BRDA:83,5,0,0
BRDA:83,5,1,0
BRDA:87,6,0,0
BRDA:87,6,1,0
BRDA:94,7,0,0
BRDA:94,7,1,0
BRDA:98,8,0,0
BRDA:98,8,1,0
BRDA:120,9,0,0
BRDA:120,9,1,0
BRDA:121,10,0,0
BRDA:121,10,1,0
BRDA:122,11,0,0
BRDA:122,11,1,0
BRDA:148,12,0,0
BRDA:148,12,1,0
BRDA:153,13,0,0
BRDA:153,13,1,0
BRDA:161,14,0,0
BRDA:161,14,1,0
BRDA:172,15,0,0
BRDA:172,15,1,0
BRDA:180,16,0,0
BRDA:180,16,1,0
BRDA:184,17,0,0
BRDA:184,17,1,0
BRDA:189,18,0,0
BRDA:189,18,1,0
BRDA:200,19,0,0
BRDA:200,19,1,0
BRDA:200,19,2,0
BRDA:200,19,3,0
BRDA:200,19,4,0
BRDA:209,20,0,0
BRDA:209,20,1,0
BRDA:213,21,0,0
BRDA:213,21,1,0
BRDA:227,22,0,0
BRDA:227,22,1,0
BRDA:229,23,0,0
BRDA:229,23,1,0
BRDA:230,24,0,0
BRDA:230,24,1,0
BRDA:237,25,0,0
BRDA:237,25,1,0
BRDA:238,26,0,0
BRDA:238,26,1,0
BRDA:239,27,0,0
BRDA:239,27,1,0
BRDA:240,28,0,0
BRDA:240,28,1,0
BRDA:241,29,0,0
BRDA:241,29,1,0
BRF:63
BRH:0
end_of_record
TN:
SF:src/lazy/example/index.vue
FN:26,setup
FNF:1
FNH:0
FNDA:0,setup
DA:20,0
DA:21,0
DA:23,0
DA:27,0
LF:4
LH:0
BRF:0
BRH:0
end_of_record
TN:
SF:src/list/List.vue
FN:41,setup
FN:46,load
FN:52,isReachBottom
FN:61,check
FN:67,(anonymous_5)
FN:75,(anonymous_6)
FNF:6
FNH:0
FNDA:0,setup
FNDA:0,load
FNDA:0,isReachBottom
FNDA:0,check
FNDA:0,(anonymous_5)
FNDA:0,(anonymous_6)
DA:27,0
DA:28,0
DA:29,0
DA:30,0
DA:31,0
DA:32,0
DA:34,0
DA:42,0
DA:43,0
DA:44,0
DA:46,0
DA:47,0
DA:48,0
DA:49,0
DA:52,0
DA:54,0
DA:56,0
DA:58,0
DA:61,0
DA:62,0
DA:63,0
DA:67,0
DA:68,0
DA:70,0
DA:72,0
DA:75,0
DA:76,0
DA:79,0
LF:28
LH:0
BRDA:47,0,0,0
BRDA:47,0,1,0
BRDA:47,1,0,0
BRDA:47,1,1,0
BRDA:48,2,0,0
BRDA:48,2,1,0
BRDA:48,3,0,0
BRDA:48,3,1,0
BRDA:49,4,0,0
BRDA:49,4,1,0
BRDA:49,5,0,0
BRDA:49,5,1,0
BRDA:54,6,0,0
BRDA:54,6,1,0
BRDA:62,7,0,0
BRDA:62,7,1,0
BRDA:62,8,0,0
BRDA:62,8,1,0
BRDA:62,8,2,0
BRDA:62,8,3,0
BRDA:70,9,0,0
BRDA:70,9,1,0
BRF:22
BRH:0
end_of_record
TN:
SF:src/list/index.ts
FN:4,(anonymous_0)
FNF:1
FNH:0
FNDA:0,(anonymous_0)
DA:4,0
DA:5,0
LF:2
LH:0
BRF:0
BRH:0
end_of_record
TN:
SF:src/list/props.ts
FNF:0
FNH:0
DA:1,0
LF:1
LH:0
BRF:0
BRH:0
end_of_record
TN:
SF:src/list/example/index.vue
FN:58,setup
FN:72,refresh
FN:74,(anonymous_3)
FN:78,load
FN:79,(anonymous_5)
FN:90,load2
FN:93,(anonymous_7)
FNF:7
FNH:0
FNDA:0,setup
FNDA:0,refresh
FNDA:0,(anonymous_3)
FNDA:0,load
FNDA:0,(anonymous_5)
FNDA:0,load2
FNDA:0,(anonymous_7)
DA:48,0
DA:49,0
DA:50,0
DA:52,0
DA:59,0
DA:60,0
DA:61,0
DA:63,0
DA:64,0
DA:66,0
DA:73,0
DA:74,0
DA:75,0
DA:79,0
DA:80,0
DA:81,0
DA:83,0
DA:85,0
DA:86,0
DA:91,0
DA:93,0
DA:94,0
DA:95,0
LF:23
LH:0
BRDA:85,0,0,0
BRDA:85,0,1,0
BRF:2
BRH:0
end_of_record
TN:
SF:src/loading/Loading.vue
FNF:0
FNH:0
DA:61,1
DA:62,1
DA:64,1
LF:3
LH:3
BRF:0
BRH:0
end_of_record
TN:
SF:src/loading/index.ts
FN:4,(anonymous_0)
FNF:1
FNH:0
FNDA:0,(anonymous_0)
DA:4,1
DA:5,0
LF:2
LH:1
BRF:0
BRH:0
end_of_record
TN:
SF:src/loading/props.ts
FN:1,typeValidator
FN:5,sizeValidator
FNF:2
FNH:2
FNDA:104,typeValidator
FNDA:104,sizeValidator
DA:2,104
DA:6,104
DA:9,1
LF:3
LH:3
BRF:0
BRH:0
end_of_record
TN:
SF:src/loading/example/index.vue
FNF:0
FNH:0
DA:27,0
DA:28,0
DA:30,0
LF:3
LH:0
BRF:0
BRH:0
end_of_record
TN:
SF:src/menu/Menu.vue
FN:36,setup
FN:44,computeTop
FN:52,handleClick
FN:58,(anonymous_16)
FN:59,(anonymous_17)
FN:64,(anonymous_18)
FN:65,(anonymous_19)
FN:65,(anonymous_20)
FN:74,handleMenuBlur
FN:84,(anonymous_23)
FN:90,(anonymous_24)
FNF:11
FNH:0
FNDA:0,setup
FNDA:0,computeTop
FNDA:0,handleClick
FNDA:0,(anonymous_16)
FNDA:0,(anonymous_17)
FNDA:0,(anonymous_18)
FNDA:0,(anonymous_19)
FNDA:0,(anonymous_20)
FNDA:0,handleMenuBlur
FNDA:0,(anonymous_23)
FNDA:0,(anonymous_24)
DA:27,0
DA:28,0
DA:29,0
DA:30,0
DA:32,0
DA:36,0
DA:37,0
DA:39,0
DA:40,0
DA:42,0
DA:43,0
DA:44,0
DA:45,0
DA:50,0
DA:52,0
DA:53,0
DA:57,0
DA:58,0
DA:60,0
DA:63,0
DA:64,0
DA:65,0
DA:66,0
DA:68,0
DA:74,0
DA:75,0
DA:76,0
DA:77,0
DA:80,0
DA:81,0
DA:84,0
DA:85,0
DA:86,0
DA:88,0
DA:90,0
DA:91,0
DA:94,0
LF:37
LH:0
BRDA:46,0,0,0
BRDA:46,0,1,0
BRDA:60,1,0,0
BRDA:60,1,1,0
BRDA:68,2,0,0
BRDA:68,2,1,0
BRDA:75,3,0,0
BRDA:75,3,1,0
BRDA:80,4,0,0
BRDA:80,4,1,0
BRDA:80,5,0,0
BRDA:80,5,1,0
BRDA:81,6,0,0
BRDA:81,6,1,0
BRDA:81,7,0,0
BRDA:81,7,1,0
BRF:16
BRH:0
end_of_record
TN:
SF:src/menu/index.ts
FN:4,(anonymous_0)
FNF:1
FNH:0
FNDA:0,(anonymous_0)
DA:4,0
DA:5,0
LF:2
LH:0
BRF:0
BRH:0
end_of_record
TN:
SF:src/menu/props.ts
FN:1,alignmentValidator
FNF:1
FNH:0
FNDA:0,alignmentValidator
DA:2,0
DA:5,0
LF:2
LH:0
BRF:0
BRH:0
end_of_record
TN:
SF:src/menu/example/index.vue
FN:38,setup
FNF:1
FNH:0
FNDA:0,setup
DA:24,0
DA:25,0
DA:26,0
DA:27,0
DA:29,0
DA:39,0
DA:41,0
LF:7
LH:0
BRF:0
BRH:0
end_of_record
TN:
SF:src/option/Option.vue
FN:47,setup
FN:59,(anonymous_2)
FN:60,(anonymous_3)
FN:61,(anonymous_4)
FN:65,handleClick
FN:70,handleSelect
FN:74,sync
FNF:7
FNH:0
FNDA:0,setup
FNDA:0,(anonymous_2)
FNDA:0,(anonymous_3)
FNDA:0,(anonymous_4)
FNDA:0,handleClick
FNDA:0,handleSelect
FNDA:0,sync
DA:31,0
DA:32,0
DA:33,0
DA:35,0
DA:36,0
DA:37,0
DA:39,0
DA:48,0
DA:51,0
DA:53,0
DA:54,0
DA:57,0
DA:59,0
DA:60,0
DA:61,0
DA:63,0
DA:65,0
DA:66,0
DA:67,0
DA:70,0
DA:71,0
DA:74,0
DA:75,0
DA:78,0
DA:85,0
DA:87,0
LF:26
LH:0
BRDA:53,0,0,0
BRDA:53,0,1,0
BRDA:53,1,0,0
BRDA:53,1,1,0
BRF:4
BRH:0
end_of_record
TN:
SF:src/option/index.ts
FN:4,(anonymous_0)
FNF:1
FNH:0
FNDA:0,(anonymous_0)
DA:4,0
DA:5,0
LF:2
LH:0
BRF:0
BRH:0
end_of_record
TN:
SF:src/option/props.ts
FNF:0
FNH:0
DA:1,0
LF:1
LH:0
BRF:0
BRH:0
end_of_record
TN:
SF:src/option/provide.ts
FNF:0
FNH:0
LF:0
LH:0
BRF:0
BRH:0
end_of_record
TN:
SF:src/option/example/index.vue
FNF:0
FNH:0
DA:6,0
DA:7,0
DA:9,0
LF:3
LH:0
BRF:0
BRH:0
end_of_record
TN:
SF:src/picker/Picker.vue
FN:111,setup
FN:115,(anonymous_4)
FN:117,(anonymous_5)
FN:120,getTranslate
FN:125,limitTranslate
FN:138,boundaryIndex
FN:147,getIndex
FN:153,getPicked
FN:154,(anonymous_11)
FN:155,(anonymous_12)
FN:163,scrollTo
FN:176,momentum
FN:180,handleTouchstart
FN:187,handleTouchmove
FN:206,handleTouchend
FN:220,handleTransitionend
FN:225,normalizeNormalColumns
FN:226,(anonymous_20)
FN:245,normalizeCascadeColumns
FN:253,createChildren
FN:264,(anonymous_23)
FN:276,change
FN:282,(anonymous_25)
FN:288,(anonymous_26)
FN:296,stopScroll
FN:297,(anonymous_28)
FN:305,confirm
FN:313,cancel
FN:322,(anonymous_31)
FN:323,(anonymous_32)
FNF:30
FNH:0
FNDA:0,setup
FNDA:0,(anonymous_4)
FNDA:0,(anonymous_5)
FNDA:0,getTranslate
FNDA:0,limitTranslate
FNDA:0,boundaryIndex
FNDA:0,getIndex
FNDA:0,getPicked
FNDA:0,(anonymous_11)
FNDA:0,(anonymous_12)
FNDA:0,scrollTo
FNDA:0,momentum
FNDA:0,handleTouchstart
FNDA:0,handleTouchmove
FNDA:0,handleTouchend
FNDA:0,handleTransitionend
FNDA:0,normalizeNormalColumns
FNDA:0,(anonymous_20)
FNDA:0,normalizeCascadeColumns
FNDA:0,createChildren
FNDA:0,(anonymous_23)
FNDA:0,change
FNDA:0,(anonymous_25)
FNDA:0,(anonymous_26)
FNDA:0,stopScroll
FNDA:0,(anonymous_28)
FNDA:0,confirm
FNDA:0,cancel
FNDA:0,(anonymous_31)
FNDA:0,(anonymous_32)
DA:80,0
DA:81,0
DA:82,0
DA:83,0
DA:84,0
DA:100,0
DA:101,0
DA:103,0
DA:112,0
DA:113,0
DA:114,0
DA:115,0
DA:117,0
DA:118,0
DA:120,0
DA:121,0
DA:122,0
DA:125,0
DA:126,0
DA:127,0
DA:128,0
DA:130,0
DA:131,0
DA:133,0
DA:134,0
DA:138,0
DA:139,0
DA:141,0
DA:142,0
DA:144,0
DA:147,0
DA:148,0
DA:150,0
DA:153,0
DA:154,0
DA:155,0
DA:157,0
DA:163,0
DA:164,0
DA:165,0
DA:167,0
DA:168,0
DA:169,0
DA:172,0
DA:173,0
DA:176,0
DA:177,0
DA:180,0
DA:181,0
DA:182,0
DA:183,0
DA:184,0
DA:187,0
DA:188,0
DA:189,0
DA:192,0
DA:193,0
DA:194,0
DA:195,0
DA:197,0
DA:199,0
DA:200,0
DA:201,0
DA:202,0
DA:206,0
DA:207,0
DA:208,0
DA:209,0
DA:210,0
DA:211,0
DA:212,0
DA:214,0
DA:216,0
DA:217,0
DA:220,0
DA:221,0
DA:222,0
DA:225,0
DA:226,0
DA:227,0
DA:228,0
DA:240,0
DA:241,0
DA:245,0
DA:246,0
DA:248,0
DA:250,0
DA:253,0
DA:254,0
DA:255,0
DA:264,0
DA:271,0
DA:272,0
DA:276,0
DA:277,0
DA:278,0
DA:279,0
DA:282,0
DA:283,0
DA:286,0
DA:288,0
DA:289,0
DA:290,0
DA:292,0
DA:293,0
DA:296,0
DA:297,0
DA:298,0
DA:299,0
DA:300,0
DA:301,0
DA:305,0
DA:306,0
DA:308,0
DA:309,0
DA:310,0
DA:313,0
DA:314,0
DA:316,0
DA:317,0
DA:318,0
DA:321,0
DA:322,0
DA:324,0
DA:331,0
LF:125
LH:0
BRDA:130,0,0,0
BRDA:130,0,1,0
BRDA:133,1,0,0
BRDA:133,1,1,0
BRDA:141,2,0,0
BRDA:141,2,1,0
BRDA:142,3,0,0
BRDA:142,3,1,0
BRDA:167,4,0,0
BRDA:167,4,1,0
BRDA:177,5,0,0
BRDA:177,5,1,0
BRDA:188,6,0,0
BRDA:188,6,1,0
BRDA:193,7,0,0
BRDA:193,7,1,0
BRDA:200,8,0,0
BRDA:200,8,1,0
BRDA:212,9,0,0
BRDA:212,9,1,0
BRDA:214,10,0,0
BRDA:214,10,1,0
BRDA:217,11,0,0
BRDA:217,11,1,0
BRDA:227,12,0,0
BRDA:227,12,1,0
BRDA:233,13,0,0
BRDA:233,13,1,0
BRDA:233,14,0,0
BRDA:233,14,1,0
BRDA:254,15,0,0
BRDA:254,15,1,0
BRDA:254,16,0,0
BRDA:254,16,1,0
BRDA:277,17,0,0
BRDA:277,17,1,0
BRDA:282,18,0,0
BRDA:282,18,1,0
BRDA:289,19,0,0
BRDA:289,19,1,0
BRDA:293,20,0,0
BRDA:293,20,1,0
BRDA:293,21,0,0
BRDA:293,21,1,0
BRDA:310,22,0,0
BRDA:310,22,1,0
BRDA:310,23,0,0
BRDA:310,23,1,0
BRDA:318,24,0,0
BRDA:318,24,1,0
BRDA:318,25,0,0
BRDA:318,25,1,0
BRDA:325,26,0,0
BRDA:325,26,1,0
BRF:54
BRH:0
end_of_record
TN:
SF:src/picker/index.ts
FN:35,Picker
FN:36,(anonymous_1)
FN:46,(anonymous_2)
FN:55,(anonymous_3)
FN:64,(anonymous_4)
FN:70,(anonymous_5)
FN:74,(anonymous_6)
FN:79,(anonymous_7)
FN:90,(anonymous_8)
FN:94,(anonymous_9)
FN:97,(anonymous_10)
FNF:11
FNH:0
FNDA:0,Picker
FNDA:0,(anonymous_1)
FNDA:0,(anonymous_2)
FNDA:0,(anonymous_3)
FNDA:0,(anonymous_4)
FNDA:0,(anonymous_5)
FNDA:0,(anonymous_6)
FNDA:0,(anonymous_7)
FNDA:0,(anonymous_8)
FNDA:0,(anonymous_9)
FNDA:0,(anonymous_10)
DA:36,0
DA:37,0
DA:39,0
DA:40,0
DA:41,0
DA:43,0
DA:45,0
DA:47,0
DA:52,0
DA:53,0
DA:56,0
DA:61,0
DA:62,0
DA:65,0
DA:68,0
DA:71,0
DA:72,0
DA:75,0
DA:76,0
DA:77,0
DA:80,0
DA:84,0
DA:88,0
DA:90,0
DA:91,0
DA:94,0
DA:95,0
DA:96,0
DA:97,0
DA:98,0
DA:100,0
LF:31
LH:0
BRDA:39,0,0,0
BRDA:39,0,1,0
BRDA:53,1,0,0
BRDA:53,1,1,0
BRDA:62,2,0,0
BRDA:62,2,1,0
BRDA:68,3,0,0
BRDA:68,3,1,0
BRDA:72,4,0,0
BRDA:72,4,1,0
BRDA:77,5,0,0
BRDA:77,5,1,0
BRDA:95,6,0,0
BRDA:95,6,1,0
BRF:14
BRH:0
end_of_record
TN:
SF:src/picker/props.ts
FNF:0
FNH:0
DA:15,0
LF:1
LH:0
BRF:0
BRH:0
end_of_record
TN:
SF:src/picker/example/index.vue
FN:14,setup
FN:23,(anonymous_1)
FN:24,(anonymous_2)
FN:25,(anonymous_3)
FN:27,(anonymous_4)
FN:31,(anonymous_5)
FN:21,log
FN:71,_callee
FN:73,(anonymous_10)
FN:74,(anonymous_11)
FN:75,(anonymous_12)
FN:77,onChange
FNF:12
FNH:0
FNDA:0,setup
FNDA:0,(anonymous_1)
FNDA:0,(anonymous_2)
FNDA:0,(anonymous_3)
FNDA:0,(anonymous_4)
FNDA:0,(anonymous_5)
FNDA:0,log
FNDA:0,_callee
FNDA:0,(anonymous_10)
FNDA:0,(anonymous_11)
FNDA:0,(anonymous_12)
FNDA:0,onChange
DA:10,0
DA:11,0
DA:12,0
DA:14,0
DA:21,0
DA:23,0
DA:24,0
DA:25,0
DA:27,0
DA:31,0
DA:68,0
DA:69,0
DA:71,0
DA:72,0
DA:73,0
DA:74,0
DA:75,0
DA:77,0
DA:80,0
DA:83,0
LF:20
LH:0
BRDA:71,0,0,0
BRDA:71,0,1,0
BRDA:71,0,2,0
BRDA:71,0,3,0
BRF:4
BRH:0
end_of_record
TN:
SF:src/popup/Popup.vue
FN:108,setup
FN:115,(anonymous_1)
FN:116,(anonymous_2)
FN:121,hidePopup
FN:129,(anonymous_4)
FNF:5
FNH:0
FNDA:0,setup
FNDA:0,(anonymous_1)
FNDA:0,(anonymous_2)
FNDA:0,hidePopup
FNDA:0,(anonymous_4)
DA:97,0
DA:98,0
DA:99,0
DA:100,0
DA:101,0
DA:102,0
DA:104,0
DA:110,0
DA:111,0
DA:112,0
DA:114,0
DA:115,0
DA:117,0
DA:121,0
DA:122,0
DA:123,0
DA:124,0
DA:126,0
DA:129,0
DA:130,0
DA:133,0
LF:21
LH:0
BRDA:117,0,0,0
BRDA:117,0,1,0
BRDA:117,1,0,0
BRDA:117,1,1,0
BRDA:117,2,0,0
BRDA:117,2,1,0
BRDA:117,3,0,0
BRDA:117,3,1,0
BRDA:117,4,0,0
BRDA:117,4,1,0
BRDA:122,5,0,0
BRDA:122,5,1,0
BRDA:122,6,0,0
BRDA:122,6,1,0
BRDA:123,7,0,0
BRDA:123,7,1,0
BRDA:126,8,0,0
BRDA:126,8,1,0
BRDA:126,9,0,0
BRDA:126,9,1,0
BRDA:130,10,0,0
BRDA:130,10,1,0
BRDA:130,11,0,0
BRDA:130,11,1,0
BRF:24
BRH:0
end_of_record
TN:
SF:src/popup/index.ts
FN:4,(anonymous_0)
FNF:1
FNH:0
FNDA:0,(anonymous_0)
DA:4,0
DA:5,0
LF:2
LH:0
BRF:0
BRH:0
end_of_record
TN:
SF:src/popup/props.ts
FN:1,positionValidator
FNF:1
FNH:0
FNDA:0,positionValidator
DA:2,0
DA:5,0
LF:2
LH:0
BRF:0
BRH:0
end_of_record
TN:
SF:src/popup/example/index.vue
FN:151,setup
FN:178,log
FNF:2
FNH:0
FNDA:0,setup
FNDA:0,log
DA:141,0
DA:142,0
DA:143,0
DA:145,0
DA:152,0
DA:153,0
DA:154,0
DA:155,0
DA:156,0
DA:157,0
DA:158,0
DA:159,0
DA:160,0
DA:161,0
DA:162,0
DA:163,0
DA:165,0
DA:179,0
LF:18
LH:0
BRF:0
BRH:0
end_of_record
TN:
SF:src/progress/Progress.vue
FN:68,setup
FN:69,(anonymous_1)
FN:79,(anonymous_2)
FNF:3
FNH:0
FNDA:0,setup
FNDA:0,(anonymous_1)
FNDA:0,(anonymous_2)
DA:61,0
DA:62,0
DA:64,0
DA:69,0
DA:70,0
DA:71,0
DA:73,0
DA:79,0
DA:80,0
DA:81,0
DA:82,0
DA:83,0
DA:84,0
DA:85,0
DA:87,0
DA:95,0
LF:16
LH:0
BRDA:70,0,0,0
BRDA:70,0,1,0
BRDA:70,1,0,0
BRDA:70,1,1,0
BRDA:71,2,0,0
BRDA:71,2,1,0
BRDA:71,3,0,0
BRDA:71,3,1,0
BRDA:82,4,0,0
BRDA:82,4,1,0
BRDA:82,5,0,0
BRDA:82,5,1,0
BRF:12
BRH:0
end_of_record
TN:
SF:src/progress/index.ts
FN:4,(anonymous_0)
FNF:1
FNH:0
FNDA:0,(anonymous_0)
DA:4,0
DA:5,0
LF:2
LH:0
BRF:0
BRH:0
end_of_record
TN:
SF:src/progress/props.ts
FN:1,modeValidator
FNF:1
FNH:0
FNDA:0,modeValidator
DA:2,0
DA:5,0
LF:2
LH:0
BRF:0
BRH:0
end_of_record
TN:
SF:src/progress/example/index.vue
FN:89,setup
FN:98,(anonymous_1)
FN:99,(anonymous_2)
FN:105,(anonymous_3)
FNF:4
FNH:0
FNDA:0,setup
FNDA:0,(anonymous_1)
FNDA:0,(anonymous_2)
FNDA:0,(anonymous_3)
DA:86,0
DA:87,0
DA:89,0
DA:95,0
DA:96,0
DA:98,0
DA:99,0
DA:100,0
DA:101,0
DA:105,0
DA:106,0
DA:109,0
LF:12
LH:0
BRDA:100,0,0,0
BRDA:100,0,1,0
BRF:2
BRH:0
end_of_record
TN:
SF:src/pull-refresh/PullRefresh.vue
FN:40,setup
FN:54,(anonymous_2)
FN:57,(anonymous_3)
FN:61,(anonymous_4)
FN:68,(anonymous_5)
FN:70,touchStart
FN:75,touchMove
FN:85,touchEnd
FN:96,(anonymous_9)
FN:103,(anonymous_10)
FN:104,(anonymous_11)
FN:109,(anonymous_12)
FN:111,(anonymous_13)
FN:121,(anonymous_14)
FNF:14
FNH:0
FNDA:0,setup
FNDA:0,(anonymous_2)
FNDA:0,(anonymous_3)
FNDA:0,(anonymous_4)
FNDA:0,(anonymous_5)
FNDA:0,touchStart
FNDA:0,touchMove
FNDA:0,touchEnd
FNDA:0,(anonymous_9)
FNDA:0,(anonymous_10)
FNDA:0,(anonymous_11)
FNDA:0,(anonymous_12)
FNDA:0,(anonymous_13)
FNDA:0,(anonymous_14)
DA:21,0
DA:22,0
DA:23,0
DA:24,0
DA:28,0
DA:30,0
DA:32,0
DA:34,0
DA:41,0
DA:43,0
DA:45,0
DA:47,0
DA:49,0
DA:51,0
DA:53,0
DA:54,0
DA:57,0
DA:61,0
DA:68,0
DA:70,0
DA:71,0
DA:72,0
DA:73,0
DA:75,0
DA:76,0
DA:77,0
DA:78,0
DA:80,0
DA:82,0
DA:83,0
DA:85,0
DA:86,0
DA:87,0
DA:88,0
DA:89,0
DA:90,0
DA:91,0
DA:93,0
DA:94,0
DA:95,0
DA:96,0
DA:97,0
DA:102,0
DA:103,0
DA:105,0
DA:106,0
DA:107,0
DA:108,0
DA:109,0
DA:110,0
DA:111,0
DA:112,0
DA:113,0
DA:114,0
DA:121,0
DA:122,0
DA:125,0
LF:57
LH:0
BRDA:54,0,0,0
BRDA:54,0,1,0
BRDA:54,0,2,0
BRDA:63,1,0,0
BRDA:63,1,1,0
BRDA:64,2,0,0
BRDA:64,2,1,0
BRDA:65,3,0,0
BRDA:65,3,1,0
BRDA:71,4,0,0
BRDA:71,4,1,0
BRDA:77,5,0,0
BRDA:77,5,1,0
BRDA:77,6,0,0
BRDA:77,6,1,0
BRDA:78,7,0,0
BRDA:78,7,1,0
BRDA:78,8,0,0
BRDA:78,8,1,0
BRDA:78,9,0,0
BRDA:78,9,1,0
BRDA:82,10,0,0
BRDA:82,10,1,0
BRDA:83,11,0,0
BRDA:83,11,1,0
BRDA:86,12,0,0
BRDA:86,12,1,0
BRDA:88,13,0,0
BRDA:88,13,1,0
BRDA:91,14,0,0
BRDA:91,14,1,0
BRDA:91,15,0,0
BRDA:91,15,1,0
BRDA:105,16,0,0
BRDA:105,16,1,0
BRF:35
BRH:0
end_of_record
TN:
SF:src/pull-refresh/index.ts
FN:4,(anonymous_0)
FNF:1
FNH:0
FNDA:0,(anonymous_0)
DA:4,0
DA:5,0
LF:2
LH:0
BRF:0
BRH:0
end_of_record
TN:
SF:src/pull-refresh/props.ts
FNF:0
FNH:0
DA:1,0
LF:1
LH:0
BRF:0
BRH:0
end_of_record
TN:
SF:src/pull-refresh/example/index.vue
FN:16,setup
FN:25,refresh
FN:27,(anonymous_2)
FNF:3
FNH:0
FNDA:0,setup
FNDA:0,refresh
FNDA:0,(anonymous_2)
DA:10,0
DA:11,0
DA:13,0
DA:14,0
DA:16,0
DA:22,0
DA:23,0
DA:25,0
DA:26,0
DA:27,0
DA:28,0
DA:29,0
DA:33,0
LF:13
LH:0
BRDA:28,0,0,0
BRDA:28,0,1,0
BRF:2
BRH:0
end_of_record
TN:
SF:src/radio/Radio.vue
FN:56,setup
FN:67,(anonymous_2)
FN:71,validate
FN:73,validateWithTrigger
FN:74,(anonymous_5)
FN:76,change
FN:90,toggle
FN:103,handleClick
FN:113,sync
FN:117,reset
FN:123,(anonymous_11)
FN:124,(anonymous_12)
FNF:12
FNH:0
FNDA:0,setup
FNDA:0,(anonymous_2)
FNDA:0,validate
FNDA:0,validateWithTrigger
FNDA:0,(anonymous_5)
FNDA:0,change
FNDA:0,toggle
FNDA:0,handleClick
FNDA:0,sync
FNDA:0,reset
FNDA:0,(anonymous_11)
FNDA:0,(anonymous_12)
DA:37,0
DA:38,0
DA:39,0
DA:40,0
DA:42,0
DA:43,0
DA:44,0
DA:45,0
DA:47,0
DA:57,0
DA:61,0
DA:64,0
DA:66,0
DA:67,0
DA:69,0
DA:71,0
DA:73,0
DA:74,0
DA:76,0
DA:77,0
DA:78,0
DA:81,0
DA:82,0
DA:83,0
DA:85,0
DA:87,0
DA:90,0
DA:91,0
DA:92,0
DA:93,0
DA:96,0
DA:97,0
DA:100,0
DA:103,0
DA:104,0
DA:105,0
DA:108,0
DA:110,0
DA:113,0
DA:114,0
DA:117,0
DA:118,0
DA:119,0
DA:122,0
DA:123,0
DA:125,0
DA:130,0
DA:137,0
DA:138,0
DA:140,0
LF:50
LH:0
BRDA:77,0,0,0
BRDA:77,0,1,0
BRDA:77,1,0,0
BRDA:77,1,1,0
BRDA:82,2,0,0
BRDA:82,2,1,0
BRDA:82,3,0,0
BRDA:82,3,1,0
BRDA:83,4,0,0
BRDA:83,4,1,0
BRDA:83,5,0,0
BRDA:83,5,1,0
BRDA:87,6,0,0
BRDA:87,6,1,0
BRDA:87,7,0,0
BRDA:87,7,1,0
BRDA:91,8,0,0
BRDA:91,8,1,0
BRDA:92,9,0,0
BRDA:92,9,1,0
BRDA:92,10,0,0
BRDA:92,10,1,0
BRDA:92,10,2,0
BRDA:96,11,0,0
BRDA:96,11,1,0
BRDA:97,12,0,0
BRDA:97,12,1,0
BRDA:104,13,0,0
BRDA:104,13,1,0
BRDA:104,14,0,0
BRDA:104,14,1,0
BRDA:104,14,2,0
BRDA:104,14,3,0
BRDA:104,15,0,0
BRDA:104,15,1,0
BRDA:104,16,0,0
BRDA:104,16,1,0
BRDA:104,17,0,0
BRDA:104,17,1,0
BRDA:104,18,0,0
BRDA:104,18,1,0
BRDA:108,19,0,0
BRDA:108,19,1,0
BRDA:108,20,0,0
BRDA:108,20,1,0
BRDA:110,21,0,0
BRDA:110,21,1,0
BRDA:114,22,0,0
BRDA:114,22,1,0
BRDA:118,23,0,0
BRDA:118,23,1,0
BRDA:118,24,0,0
BRDA:118,24,1,0
BRDA:137,25,0,0
BRDA:137,25,1,0
BRDA:137,26,0,0
BRDA:137,26,1,0
BRDA:138,27,0,0
BRDA:138,27,1,0
BRDA:138,28,0,0
BRDA:138,28,1,0
BRDA:143,29,0,0
BRDA:143,29,1,0
BRDA:143,30,0,0
BRDA:143,30,1,0
BRDA:144,31,0,0
BRDA:144,31,1,0
BRDA:144,32,0,0
BRDA:144,32,1,0
BRDA:145,33,0,0
BRDA:145,33,1,0
BRDA:145,34,0,0
BRDA:145,34,1,0
BRF:73
BRH:0
end_of_record
TN:
SF:src/radio/index.ts
FN:4,(anonymous_0)
FNF:1
FNH:0
FNDA:0,(anonymous_0)
DA:4,0
DA:5,0
LF:2
LH:0
BRF:0
BRH:0
end_of_record
TN:
SF:src/radio/props.ts
FNF:0
FNH:0
DA:5,0
LF:1
LH:0
BRF:0
BRH:0
end_of_record
TN:
SF:src/radio/provide.ts
FNF:0
FNH:0
LF:0
LH:0
BRF:0
BRH:0
end_of_record
TN:
SF:src/radio-group/RadioGroup.vue
FN:27,setup
FN:35,(anonymous_2)
FN:37,validate
FN:39,validateWithTrigger
FN:40,(anonymous_5)
FN:42,syncAllRadio
FN:43,(anonymous_7)
FN:46,onToggle
FN:53,reset
FN:58,(anonymous_10)
FN:60,(anonymous_11)
FNF:11
FNH:0
FNDA:0,setup
FNDA:0,(anonymous_2)
FNDA:0,validate
FNDA:0,validateWithTrigger
FNDA:0,(anonymous_5)
FNDA:0,syncAllRadio
FNDA:0,(anonymous_7)
FNDA:0,onToggle
FNDA:0,reset
FNDA:0,(anonymous_10)
FNDA:0,(anonymous_11)
DA:12,0
DA:13,0
DA:14,0
DA:15,0
DA:17,0
DA:18,0
DA:20,0
DA:28,0
DA:31,0
DA:32,0
DA:34,0
DA:35,0
DA:37,0
DA:39,0
DA:40,0
DA:42,0
DA:43,0
DA:46,0
DA:47,0
DA:48,0
DA:50,0
DA:53,0
DA:54,0
DA:55,0
DA:58,0
DA:60,0
DA:62,0
DA:70,0
DA:71,0
DA:73,0
LF:30
LH:0
BRDA:47,0,0,0
BRDA:47,0,1,0
BRDA:47,1,0,0
BRDA:47,1,1,0
BRDA:48,2,0,0
BRDA:48,2,1,0
BRDA:48,3,0,0
BRDA:48,3,1,0
BRDA:54,4,0,0
BRDA:54,4,1,0
BRDA:54,5,0,0
BRDA:54,5,1,0
BRDA:71,6,0,0
BRDA:71,6,1,0
BRDA:71,7,0,0
BRDA:71,7,1,0
BRF:16
BRH:0
end_of_record
TN:
SF:src/radio-group/index.ts
FN:4,(anonymous_0)
FNF:1
FNH:0
FNDA:0,(anonymous_0)
DA:4,0
DA:5,0
LF:2
LH:0
BRF:0
BRH:0
end_of_record
TN:
SF:src/radio-group/props.ts
FN:5,directionValidator
FNF:1
FNH:0
FNDA:0,directionValidator
DA:6,0
DA:9,0
LF:2
LH:0
BRF:0
BRH:0
end_of_record
TN:
SF:src/radio-group/provide.ts
FNF:0
FNH:0
DA:9,0
DA:10,0
LF:2
LH:0
BRF:0
BRH:0
end_of_record
TN:
SF:src/radio-group/example/index.vue
FNF:0
FNH:0
DA:6,0
DA:7,0
DA:9,0
LF:3
LH:0
BRF:0
BRH:0
end_of_record
TN:
SF:src/radio/example/index.vue
FN:28,setup
FNF:1
FNH:0
FNDA:0,setup
DA:14,0
DA:15,0
DA:16,0
DA:17,0
DA:18,0
DA:20,0
DA:29,0
LF:7
LH:0
BRF:0
BRH:0
end_of_record
TN:
SF:src/rate/Rate.vue
FN:47,setup
FN:48,transformValue
FN:57,changeValue
FN:66,handleClick
FNF:4
FNH:0
FNDA:0,setup
FNDA:0,transformValue
FNDA:0,changeValue
FNDA:0,handleClick
DA:34,0
DA:35,0
DA:36,0
DA:37,0
DA:39,0
DA:48,0
DA:49,0
DA:50,0
DA:52,0
DA:53,0
DA:55,0
DA:57,0
DA:58,0
DA:59,0
DA:60,0
DA:61,0
DA:64,0
DA:66,0
DA:67,0
DA:68,0
DA:70,0
DA:71,0
DA:73,0
DA:74,0
DA:75,0
DA:76,0
DA:77,0
LF:27
LH:0
BRDA:49,0,0,0
BRDA:49,0,1,0
BRDA:50,1,0,0
BRDA:50,1,1,0
BRDA:52,2,0,0
BRDA:52,2,1,0
BRDA:52,3,0,0
BRDA:52,3,1,0
BRDA:53,4,0,0
BRDA:53,4,1,0
BRDA:55,5,0,0
BRDA:55,5,1,0
BRDA:58,6,0,0
BRDA:58,6,1,0
BRDA:60,7,0,0
BRDA:60,7,1,0
BRDA:64,8,0,0
BRDA:64,8,1,0
BRDA:64,9,0,0
BRDA:64,9,1,0
BRDA:67,10,0,0
BRDA:67,10,1,0
BRDA:67,11,0,0
BRDA:67,11,1,0
BRDA:71,12,0,0
BRDA:71,12,1,0
BRDA:71,13,0,0
BRDA:71,13,1,0
BRDA:74,14,0,0
BRDA:74,14,1,0
BRDA:76,15,0,0
BRDA:76,15,1,0
BRF:32
BRH:0
end_of_record
TN:
SF:src/rate/index.ts
FN:4,(anonymous_0)
FNF:1
FNH:0
FNDA:0,(anonymous_0)
DA:4,0
DA:5,0
LF:2
LH:0
BRF:0
BRH:0
end_of_record
TN:
SF:src/rate/props.ts
FNF:0
FNH:0
DA:1,0
LF:1
LH:0
BRF:0
BRH:0
end_of_record
TN:
SF:src/rate/example/index.vue
FN:50,setup
FN:62,handleChange
FNF:2
FNH:0
FNDA:0,setup
FNDA:0,handleChange
DA:40,0
DA:41,0
DA:42,0
DA:44,0
DA:51,0
DA:52,0
DA:53,0
DA:54,0
DA:55,0
DA:56,0
DA:57,0
DA:58,0
DA:59,0
DA:60,0
DA:61,0
DA:62,0
DA:63,0
DA:68,0
LF:18
LH:0
BRF:0
BRH:0
end_of_record
TN:
SF:src/ripple/index.ts
FN:24,setStyles
FN:34,computeRippleStyles
FN:53,createRipple
FN:59,(anonymous_3)
FN:76,(anonymous_4)
FN:85,removeRipple
FN:88,(anonymous_6)
FN:97,(anonymous_7)
FN:100,(anonymous_8)
FN:108,forbidRippleTask
FN:115,mounted
FN:126,unmounted
FN:134,updated
FN:143,(anonymous_13)
FNF:14
FNH:3
FNDA:0,setStyles
FNDA:0,computeRippleStyles
FNDA:1,createRipple
FNDA:0,(anonymous_3)
FNDA:0,(anonymous_4)
FNDA:0,removeRipple
FNDA:0,(anonymous_6)
FNDA:0,(anonymous_7)
FNDA:0,(anonymous_8)
FNDA:0,forbidRippleTask
FNDA:84,mounted
FNDA:84,unmounted
FNDA:0,updated
FNDA:0,(anonymous_13)
DA:25,0
DA:27,0
DA:28,0
DA:29,0
DA:30,0
DA:31,0
DA:35,0
DA:36,0
DA:38,0
DA:39,0
DA:41,0
DA:42,0
DA:44,0
DA:45,0
DA:47,0
DA:48,0
DA:50,0
DA:54,1
DA:55,1
DA:56,0
DA:59,1
DA:60,0
DA:62,0
DA:63,0
DA:64,0
DA:65,0
DA:66,0
DA:67,0
DA:68,0
DA:69,0
DA:70,0
DA:72,0
DA:74,0
DA:76,0
DA:77,0
DA:78,0
DA:82,1
DA:86,0
DA:88,0
DA:89,0
DA:90,0
DA:91,0
DA:94,0
DA:95,0
DA:97,0
DA:98,0
DA:100,0
DA:104,0
DA:105,0
DA:109,0
DA:111,0
DA:112,0
DA:116,84
DA:117,84
DA:119,84
DA:120,84
DA:121,84
DA:122,84
DA:123,84
DA:127,84
DA:128,84
DA:129,84
DA:130,84
DA:131,84
DA:135,0
DA:136,0
DA:139,1
DA:144,0
LF:68
LH:17
BRDA:30,0,0,0
BRDA:30,0,1,0
BRDA:31,1,0,0
BRDA:31,1,1,0
BRDA:55,2,0,0
BRDA:55,2,1,1
BRDA:55,3,0,1
BRDA:55,3,1,1
BRDA:69,4,0,0
BRDA:69,4,1,0
BRDA:90,5,0,0
BRDA:90,5,1,0
BRDA:104,6,0,0
BRDA:104,6,1,0
BRDA:111,7,0,0
BRDA:111,7,1,0
BRDA:116,8,0,84
BRDA:116,8,1,0
BRDA:135,9,0,0
BRDA:135,9,1,0
BRF:20
BRH:4
end_of_record
TN:
SF:src/ripple/example/index.vue
FNF:0
FNH:0
DA:12,0
DA:13,0
DA:15,0
LF:3
LH:0
BRF:0
BRH:0
end_of_record
TN:
SF:src/select/Select.vue
FN:136,setup
FN:147,(anonymous_5)
FN:150,(anonymous_6)
FN:151,(anonymous_7)
FN:155,validate
FN:157,validateWithTrigger
FN:158,(anonymous_10)
FN:160,findValue
FN:168,findLabel
FN:169,(anonymous_13)
FN:171,(anonymous_14)
FN:176,computePlaceholderState
FN:185,handleFocus
FN:196,handleBlur
FN:206,handleChange
FN:214,(anonymous_19)
FN:225,handleClear
FN:244,handleClickAppendIcon
FN:252,handleClickPrependIcon
FN:260,handleClick
FN:270,handleClose
FN:275,(anonymous_25)
FN:283,focus
FN:287,blur
FN:291,reset
FN:296,syncAllOption
FN:298,(anonymous_30)
FN:302,(anonymous_31)
FN:309,(anonymous_32)
FN:310,(anonymous_33)
FN:317,(anonymous_34)
FN:319,(anonymous_35)
FNF:32
FNH:0
FNDA:0,setup
FNDA:0,(anonymous_5)
FNDA:0,(anonymous_6)
FNDA:0,(anonymous_7)
FNDA:0,validate
FNDA:0,validateWithTrigger
FNDA:0,(anonymous_10)
FNDA:0,findValue
FNDA:0,findLabel
FNDA:0,(anonymous_13)
FNDA:0,(anonymous_14)
FNDA:0,computePlaceholderState
FNDA:0,handleFocus
FNDA:0,handleBlur
FNDA:0,handleChange
FNDA:0,(anonymous_19)
FNDA:0,handleClear
FNDA:0,handleClickAppendIcon
FNDA:0,handleClickPrependIcon
FNDA:0,handleClick
FNDA:0,handleClose
FNDA:0,(anonymous_25)
FNDA:0,focus
FNDA:0,blur
FNDA:0,reset
FNDA:0,syncAllOption
FNDA:0,(anonymous_30)
FNDA:0,(anonymous_31)
FNDA:0,(anonymous_32)
FNDA:0,(anonymous_33)
FNDA:0,(anonymous_34)
FNDA:0,(anonymous_35)
DA:114,0
DA:115,0
DA:116,0
DA:117,0
DA:118,0
DA:120,0
DA:121,0
DA:122,0
DA:123,0
DA:124,0
DA:126,0
DA:137,0
DA:140,0
DA:143,0
DA:145,0
DA:146,0
DA:147,0
DA:148,0
DA:150,0
DA:151,0
DA:153,0
DA:155,0
DA:157,0
DA:158,0
DA:160,0
DA:161,0
DA:162,0
DA:165,0
DA:168,0
DA:169,0
DA:171,0
DA:173,0
DA:176,0
DA:177,0
DA:178,0
DA:180,0
DA:181,0
DA:185,0
DA:186,0
DA:187,0
DA:190,0
DA:191,0
DA:193,0
DA:196,0
DA:197,0
DA:198,0
DA:201,0
DA:203,0
DA:206,0
DA:207,0
DA:208,0
DA:211,0
DA:213,0
DA:214,0
DA:217,0
DA:218,0
DA:220,0
DA:222,0
DA:225,0
DA:226,0
DA:233,0
DA:236,0
DA:238,0
DA:239,0
DA:241,0
DA:244,0
DA:245,0
DA:246,0
DA:249,0
DA:252,0
DA:253,0
DA:254,0
DA:257,0
DA:260,0
DA:261,0
DA:262,0
DA:265,0
DA:267,0
DA:270,0
DA:271,0
DA:272,0
DA:275,0
DA:277,0
DA:278,0
DA:280,0
DA:283,0
DA:284,0
DA:287,0
DA:288,0
DA:291,0
DA:292,0
DA:293,0
DA:296,0
DA:297,0
DA:298,0
DA:299,0
DA:302,0
DA:303,0
DA:308,0
DA:309,0
DA:311,0
DA:312,0
DA:317,0
DA:319,0
DA:321,0
DA:331,0
DA:332,0
DA:334,0
LF:108
LH:0
BRDA:148,0,0,0
BRDA:148,0,1,0
BRDA:148,0,2,0
BRDA:161,1,0,0
BRDA:161,1,1,0
BRDA:171,2,0,0
BRDA:171,2,1,0
BRDA:173,3,0,0
BRDA:173,3,1,0
BRDA:173,4,0,0
BRDA:173,4,1,0
BRDA:177,5,0,0
BRDA:177,5,1,0
BRDA:177,6,0,0
BRDA:177,6,1,0
BRDA:180,7,0,0
BRDA:180,7,1,0
BRDA:180,8,0,0
BRDA:180,8,1,0
BRDA:180,8,2,0
BRDA:186,9,0,0
BRDA:186,9,1,0
BRDA:186,10,0,0
BRDA:186,10,1,0
BRDA:186,10,2,0
BRDA:186,10,3,0
BRDA:186,11,0,0
BRDA:186,11,1,0
BRDA:186,12,0,0
BRDA:186,12,1,0
BRDA:186,13,0,0
BRDA:186,13,1,0
BRDA:186,14,0,0
BRDA:186,14,1,0
BRDA:191,15,0,0
BRDA:191,15,1,0
BRDA:191,16,0,0
BRDA:191,16,1,0
BRDA:197,17,0,0
BRDA:197,17,1,0
BRDA:197,18,0,0
BRDA:197,18,1,0
BRDA:197,18,2,0
BRDA:197,18,3,0
BRDA:197,19,0,0
BRDA:197,19,1,0
BRDA:197,20,0,0
BRDA:197,20,1,0
BRDA:197,21,0,0
BRDA:197,21,1,0
BRDA:197,22,0,0
BRDA:197,22,1,0
BRDA:201,23,0,0
BRDA:201,23,1,0
BRDA:201,24,0,0
BRDA:201,24,1,0
BRDA:207,25,0,0
BRDA:207,25,1,0
BRDA:207,26,0,0
BRDA:207,26,1,0
BRDA:207,26,2,0
BRDA:207,26,3,0
BRDA:207,27,0,0
BRDA:207,27,1,0
BRDA:207,28,0,0
BRDA:207,28,1,0
BRDA:207,29,0,0
BRDA:207,29,1,0
BRDA:207,30,0,0
BRDA:207,30,1,0
BRDA:213,31,0,0
BRDA:213,31,1,0
BRDA:217,32,0,0
BRDA:217,32,1,0
BRDA:217,33,0,0
BRDA:217,33,1,0
BRDA:218,34,0,0
BRDA:218,34,1,0
BRDA:218,35,0,0
BRDA:218,35,1,0
BRDA:222,36,0,0
BRDA:222,36,1,0
BRDA:226,37,0,0
BRDA:226,37,1,0
BRDA:227,38,0,0
BRDA:227,38,1,0
BRDA:227,38,2,0
BRDA:227,38,3,0
BRDA:227,38,4,0
BRDA:227,39,0,0
BRDA:227,39,1,0
BRDA:227,40,0,0
BRDA:227,40,1,0
BRDA:228,41,0,0
BRDA:228,41,1,0
BRDA:228,42,0,0
BRDA:228,42,1,0
BRDA:236,43,0,0
BRDA:236,43,1,0
BRDA:238,44,0,0
BRDA:238,44,1,0
BRDA:238,45,0,0
BRDA:238,45,1,0
BRDA:239,46,0,0
BRDA:239,46,1,0
BRDA:239,47,0,0
BRDA:239,47,1,0
BRDA:245,48,0,0
BRDA:245,48,1,0
BRDA:245,49,0,0
BRDA:245,49,1,0
BRDA:245,50,0,0
BRDA:245,50,1,0
BRDA:245,51,0,0
BRDA:245,51,1,0
BRDA:249,52,0,0
BRDA:249,52,1,0
BRDA:249,53,0,0
BRDA:249,53,1,0
BRDA:253,54,0,0
BRDA:253,54,1,0
BRDA:253,55,0,0
BRDA:253,55,1,0
BRDA:253,56,0,0
BRDA:253,56,1,0
BRDA:253,57,0,0
BRDA:253,57,1,0
BRDA:257,58,0,0
BRDA:257,58,1,0
BRDA:257,59,0,0
BRDA:257,59,1,0
BRDA:261,60,0,0
BRDA:261,60,1,0
BRDA:261,61,0,0
BRDA:261,61,1,0
BRDA:261,62,0,0
BRDA:261,62,1,0
BRDA:261,63,0,0
BRDA:261,63,1,0
BRDA:265,64,0,0
BRDA:265,64,1,0
BRDA:265,65,0,0
BRDA:265,65,1,0
BRDA:271,66,0,0
BRDA:271,66,1,0
BRDA:271,67,0,0
BRDA:271,67,1,0
BRDA:271,67,2,0
BRDA:271,67,3,0
BRDA:271,68,0,0
BRDA:271,68,1,0
BRDA:271,69,0,0
BRDA:271,69,1,0
BRDA:271,70,0,0
BRDA:271,70,1,0
BRDA:271,71,0,0
BRDA:271,71,1,0
BRDA:277,72,0,0
BRDA:277,72,1,0
BRDA:277,73,0,0
BRDA:277,73,1,0
BRDA:278,74,0,0
BRDA:278,74,1,0
BRDA:278,75,0,0
BRDA:278,75,1,0
BRDA:292,76,0,0
BRDA:292,76,1,0
BRDA:292,77,0,0
BRDA:292,77,1,0
BRDA:292,78,0,0
BRDA:292,78,1,0
BRDA:297,79,0,0
BRDA:297,79,1,0
BRDA:311,80,0,0
BRDA:311,80,1,0
BRDA:311,81,0,0
BRDA:311,81,1,0
BRDA:332,82,0,0
BRDA:332,82,1,0
BRDA:332,83,0,0
BRDA:332,83,1,0
BRDA:338,84,0,0
BRDA:338,84,1,0
BRDA:338,85,0,0
BRDA:338,85,1,0
BRF:185
BRH:0
end_of_record
TN:
SF:src/select/index.ts
FN:4,(anonymous_0)
FNF:1
FNH:0
FNDA:0,(anonymous_0)
DA:4,0
DA:5,0
LF:2
LH:0
BRF:0
BRH:0
end_of_record
TN:
SF:src/select/props.ts
FN:3,textAlignValidator
FNF:1
FNH:0
FNDA:0,textAlignValidator
DA:4,0
DA:9,0
LF:2
LH:0
BRF:0
BRH:0
end_of_record
TN:
SF:src/select/provide.ts
FNF:0
FNH:0
DA:5,0
DA:6,0
LF:2
LH:0
BRF:0
BRH:0
end_of_record
TN:
SF:src/select/example/index.vue
FN:85,setup
FN:90,log
FNF:2
FNH:0
FNDA:0,setup
FNDA:0,log
DA:73,0
DA:74,0
DA:75,0
DA:76,0
DA:78,0
DA:86,0
DA:90,0
DA:91,0
LF:8
LH:0
BRF:0
BRH:0
end_of_record
TN:
SF:src/skeleton/Skeleton.vue
FNF:0
FNH:0
DA:33,0
DA:34,0
DA:36,0
LF:3
LH:0
BRF:0
BRH:0
end_of_record
TN:
SF:src/skeleton/index.ts
FN:4,(anonymous_0)
FNF:1
FNH:0
FNDA:0,(anonymous_0)
DA:4,0
DA:5,0
LF:2
LH:0
BRF:0
BRH:0
end_of_record
TN:
SF:src/skeleton/props.ts
FN:14,(anonymous_0)
FNF:1
FNH:0
FNDA:0,(anonymous_0)
DA:1,0
DA:14,0
LF:2
LH:0
BRF:0
BRH:0
end_of_record
TN:
SF:src/skeleton/example/index.vue
FN:28,setup
FNF:1
FNH:0
FNDA:0,setup
DA:20,0
DA:21,0
DA:23,0
DA:29,0
DA:31,0
LF:5
LH:0
BRF:0
BRH:0
end_of_record
TN:
SF:src/slider/Slider.vue
FN:132,setup
FN:138,validate
FN:139,validateWithTrigger
FN:140,(anonymous_5)
FN:158,(anonymous_6)
FN:160,(anonymous_7)
FN:166,(anonymous_8)
FN:172,(anonymous_9)
FN:187,setPercent
FN:215,getType
FN:225,start
FN:236,move
FN:259,end
FN:280,click
FN:289,stepValidator
FN:305,valueValidator
FN:321,setProps
FN:332,(anonymous_19)
FN:332,(anonymous_20)
FN:332,(anonymous_21)
FN:337,(anonymous_22)
FN:344,reset
FNF:22
FNH:0
FNDA:0,setup
FNDA:0,validate
FNDA:0,validateWithTrigger
FNDA:0,(anonymous_5)
FNDA:0,(anonymous_6)
FNDA:0,(anonymous_7)
FNDA:0,(anonymous_8)
FNDA:0,(anonymous_9)
FNDA:0,setPercent
FNDA:0,getType
FNDA:0,start
FNDA:0,move
FNDA:0,end
FNDA:0,click
FNDA:0,stepValidator
FNDA:0,valueValidator
FNDA:0,setProps
FNDA:0,(anonymous_19)
FNDA:0,(anonymous_20)
FNDA:0,(anonymous_21)
FNDA:0,(anonymous_22)
FNDA:0,reset
DA:110,0
DA:111,0
DA:112,0
DA:113,0
DA:114,0
DA:115,0
DA:117,0
DA:126,0
DA:133,0
DA:136,0
DA:138,0
DA:139,0
DA:140,0
DA:142,0
DA:143,0
DA:144,0
DA:145,0
DA:151,0
DA:158,0
DA:160,0
DA:161,0
DA:162,0
DA:163,0
DA:166,0
DA:167,0
DA:168,0
DA:169,0
DA:172,0
DA:174,0
DA:178,0
DA:180,0
DA:187,0
DA:189,0
DA:190,0
DA:191,0
DA:193,0
DA:194,0
DA:195,0
DA:196,0
DA:198,0
DA:199,0
DA:200,0
DA:203,0
DA:204,0
DA:205,0
DA:206,0
DA:208,0
DA:209,0
DA:211,0
DA:215,0
DA:216,0
DA:217,0
DA:218,0
DA:219,0
DA:220,0
DA:222,0
DA:225,0
DA:226,0
DA:227,0
DA:228,0
DA:229,0
DA:230,0
DA:232,0
DA:236,0
DA:237,0
DA:244,0
DA:247,0
DA:248,0
DA:249,0
DA:251,0
DA:252,0
DA:254,0
DA:255,0
DA:256,0
DA:259,0
DA:260,0
DA:261,0
DA:262,0
DA:264,0
DA:265,0
DA:266,0
DA:267,0
DA:268,0
DA:270,0
DA:271,0
DA:273,0
DA:275,0
DA:276,0
DA:277,0
DA:280,0
DA:281,0
DA:282,0
DA:283,0
DA:284,0
DA:285,0
DA:286,0
DA:289,0
DA:290,0
DA:291,0
DA:292,0
DA:294,0
DA:295,0
DA:296,0
DA:298,0
DA:299,0
DA:300,0
DA:302,0
DA:305,0
DA:306,0
DA:307,0
DA:308,0
DA:310,0
DA:311,0
DA:312,0
DA:314,0
DA:315,0
DA:316,0
DA:318,0
DA:321,0
DA:322,0
DA:323,0
DA:324,0
DA:325,0
DA:326,0
DA:327,0
DA:328,0
DA:332,0
DA:333,0
DA:334,0
DA:337,0
DA:338,0
DA:340,0
DA:341,0
DA:344,0
DA:345,0
DA:346,0
DA:347,0
DA:350,0
DA:356,0
DA:358,0
LF:140
LH:0
BRDA:161,0,0,0
BRDA:161,0,1,0
BRDA:162,1,0,0
BRDA:162,1,1,0
BRDA:167,2,0,0
BRDA:167,2,1,0
BRDA:168,3,0,0
BRDA:168,3,1,0
BRDA:175,4,0,0
BRDA:175,4,1,0
BRDA:174,5,0,0
BRDA:174,5,1,0
BRDA:178,6,0,0
BRDA:178,6,1,0
BRDA:178,7,0,0
BRDA:178,7,1,0
BRDA:193,8,0,0
BRDA:193,8,1,0
BRDA:196,9,0,0
BRDA:196,9,1,0
BRDA:196,10,0,0
BRDA:196,10,1,0
BRDA:200,11,0,0
BRDA:200,11,1,0
BRDA:200,12,0,0
BRDA:200,12,1,0
BRDA:203,13,0,0
BRDA:203,13,1,0
BRDA:204,14,0,0
BRDA:204,14,1,0
BRDA:205,15,0,0
BRDA:205,15,1,0
BRDA:205,16,0,0
BRDA:205,16,1,0
BRDA:206,17,0,0
BRDA:206,17,1,0
BRDA:206,18,0,0
BRDA:206,18,1,0
BRDA:208,19,0,0
BRDA:208,19,1,0
BRDA:208,20,0,0
BRDA:208,20,1,0
BRDA:209,21,0,0
BRDA:209,21,1,0
BRDA:209,22,0,0
BRDA:209,22,1,0
BRDA:216,23,0,0
BRDA:216,23,1,0
BRDA:222,24,0,0
BRDA:222,24,1,0
BRDA:226,25,0,0
BRDA:226,25,1,0
BRDA:226,26,0,0
BRDA:226,26,1,0
BRDA:226,26,2,0
BRDA:226,26,3,0
BRDA:226,27,0,0
BRDA:226,27,1,0
BRDA:226,28,0,0
BRDA:226,28,1,0
BRDA:226,29,0,0
BRDA:226,29,1,0
BRDA:226,30,0,0
BRDA:226,30,1,0
BRDA:227,31,0,0
BRDA:227,31,1,0
BRDA:227,32,0,0
BRDA:227,32,1,0
BRDA:229,33,0,0
BRDA:229,33,1,0
BRDA:237,34,0,0
BRDA:237,34,1,0
BRDA:238,35,0,0
BRDA:238,35,1,0
BRDA:238,35,2,0
BRDA:238,35,3,0
BRDA:238,35,4,0
BRDA:240,36,0,0
BRDA:240,36,1,0
BRDA:240,37,0,0
BRDA:240,37,1,0
BRDA:241,38,0,0
BRDA:241,38,1,0
BRDA:241,39,0,0
BRDA:241,39,1,0
BRDA:247,40,0,0
BRDA:247,40,1,0
BRDA:254,41,0,0
BRDA:254,41,1,0
BRDA:255,42,0,0
BRDA:255,42,1,0
BRDA:260,43,0,0
BRDA:260,43,1,0
BRDA:260,44,0,0
BRDA:260,44,1,0
BRDA:260,44,2,0
BRDA:260,44,3,0
BRDA:260,45,0,0
BRDA:260,45,1,0
BRDA:260,46,0,0
BRDA:260,46,1,0
BRDA:260,47,0,0
BRDA:260,47,1,0
BRDA:260,48,0,0
BRDA:260,48,1,0
BRDA:262,49,0,0
BRDA:262,49,1,0
BRDA:267,50,0,0
BRDA:267,50,1,0
BRDA:267,51,0,0
BRDA:267,51,1,0
BRDA:268,52,0,0
BRDA:268,52,1,0
BRDA:270,53,0,0
BRDA:270,53,1,0
BRDA:271,54,0,0
BRDA:271,54,1,0
BRDA:271,55,0,0
BRDA:271,55,1,0
BRDA:273,56,0,0
BRDA:273,56,1,0
BRDA:273,57,0,0
BRDA:273,57,1,0
BRDA:277,58,0,0
BRDA:277,58,1,0
BRDA:277,59,0,0
BRDA:277,59,1,0
BRDA:281,60,0,0
BRDA:281,60,1,0
BRDA:281,61,0,0
BRDA:281,61,1,0
BRDA:281,61,2,0
BRDA:281,61,3,0
BRDA:281,62,0,0
BRDA:281,62,1,0
BRDA:281,63,0,0
BRDA:281,63,1,0
BRDA:281,64,0,0
BRDA:281,64,1,0
BRDA:281,65,0,0
BRDA:281,65,1,0
BRDA:282,66,0,0
BRDA:282,66,1,0
BRDA:290,67,0,0
BRDA:290,67,1,0
BRDA:294,68,0,0
BRDA:294,68,1,0
BRDA:294,69,0,0
BRDA:294,69,1,0
BRDA:298,70,0,0
BRDA:298,70,1,0
BRDA:306,71,0,0
BRDA:306,71,1,0
BRDA:306,72,0,0
BRDA:306,72,1,0
BRDA:310,73,0,0
BRDA:310,73,1,0
BRDA:310,74,0,0
BRDA:310,74,1,0
BRDA:314,75,0,0
BRDA:314,75,1,0
BRDA:314,76,0,0
BRDA:314,76,1,0
BRDA:314,76,2,0
BRDA:321,77,0,0
BRDA:321,77,1,0
BRDA:321,78,0,0
BRDA:321,78,1,0
BRDA:322,79,0,0
BRDA:322,79,1,0
BRDA:322,80,0,0
BRDA:322,80,1,0
BRDA:327,81,0,0
BRDA:327,81,1,0
BRDA:333,82,0,0
BRDA:333,82,1,0
BRDA:333,83,0,0
BRDA:333,83,1,0
BRDA:333,83,2,0
BRDA:338,84,0,0
BRDA:338,84,1,0
BRDA:338,85,0,0
BRDA:338,85,1,0
BRDA:345,86,0,0
BRDA:345,86,1,0
BRDA:346,87,0,0
BRDA:346,87,1,0
BRDA:346,88,0,0
BRDA:346,88,1,0
BRDA:356,89,0,0
BRDA:356,89,1,0
BRDA:356,90,0,0
BRDA:356,90,1,0
BRDA:365,91,0,0
BRDA:365,91,1,0
BRDA:365,92,0,0
BRDA:365,92,1,0
BRDA:366,93,0,0
BRDA:366,93,1,0
BRDA:366,94,0,0
BRDA:366,94,1,0
BRF:201
BRH:0
end_of_record
TN:
SF:src/slider/index.ts
FN:4,(anonymous_0)
FNF:1
FNH:0
FNDA:0,(anonymous_0)
DA:4,0
DA:5,0
LF:2
LH:0
BRF:0
BRH:0
end_of_record
TN:
SF:src/slider/props.ts
FN:5,labelValidator
FNF:1
FNH:0
FNDA:0,labelValidator
DA:6,0
DA:9,0
LF:2
LH:0
BRF:0
BRH:0
end_of_record
TN:
SF:src/slider/provide.ts
FNF:0
FNH:0
LF:0
LH:0
BRF:0
BRH:0
end_of_record
TN:
SF:src/slider/example/index.vue
FN:48,setup
FN:62,change
FN:65,start
FN:68,end
FNF:4
FNH:0
FNDA:0,setup
FNDA:0,change
FNDA:0,start
FNDA:0,end
DA:45,0
DA:46,0
DA:48,0
DA:54,0
DA:55,0
DA:56,0
DA:57,0
DA:58,0
DA:59,0
DA:60,0
DA:61,0
DA:62,0
DA:63,0
DA:65,0
DA:66,0
DA:68,0
DA:69,0
DA:71,0
LF:18
LH:0
BRF:0
BRH:0
end_of_record
TN:
SF:src/snackbar/Snackbar.vue
FN:22,setup
FNF:1
FNH:0
FNDA:0,setup
DA:17,1
DA:18,1
DA:19,1
DA:20,1
DA:22,1
DA:28,0
DA:29,0
DA:31,0
LF:8
LH:5
BRF:0
BRH:0
end_of_record
TN:
SF:src/snackbar/core.vue
FN:34,setup
FN:43,(anonymous_2)
FN:51,(anonymous_3)
FN:67,(anonymous_4)
FN:68,(anonymous_5)
FN:71,(anonymous_6)
FN:82,(anonymous_7)
FN:83,(anonymous_8)
FN:86,(anonymous_9)
FN:92,(anonymous_10)
FN:95,(anonymous_11)
FNF:11
FNH:6
FNDA:2,setup
FNDA:2,(anonymous_2)
FNDA:2,(anonymous_3)
FNDA:2,(anonymous_4)
FNDA:0,(anonymous_5)
FNDA:0,(anonymous_6)
FNDA:2,(anonymous_7)
FNDA:0,(anonymous_8)
FNDA:0,(anonymous_9)
FNDA:2,(anonymous_10)
FNDA:0,(anonymous_11)
DA:17,1
DA:18,1
DA:19,1
DA:20,1
DA:21,1
DA:22,1
DA:23,1
DA:24,1
DA:26,1
DA:35,2
DA:36,2
DA:37,2
DA:38,2
DA:40,2
DA:43,2
DA:44,2
DA:45,2
DA:46,2
DA:47,2
DA:48,2
DA:51,2
DA:52,2
DA:54,2
DA:56,0
DA:58,0
DA:60,0
DA:62,0
DA:66,2
DA:67,2
DA:69,0
DA:70,0
DA:71,0
DA:72,0
DA:74,0
DA:75,0
DA:76,0
DA:81,2
DA:82,2
DA:84,0
DA:85,0
DA:86,0
DA:87,0
DA:92,2
DA:93,2
DA:94,2
DA:95,2
DA:96,0
DA:101,2
LF:48
LH:32
BRDA:46,0,0,0
BRDA:46,0,1,2
BRDA:47,1,0,2
BRDA:47,1,1,0
BRDA:47,2,0,2
BRDA:47,2,1,2
BRDA:53,3,0,2
BRDA:53,3,1,0
BRDA:53,3,2,0
BRDA:53,3,3,0
BRDA:53,3,4,0
BRDA:69,4,0,0
BRDA:69,4,1,0
BRDA:70,5,0,0
BRDA:70,5,1,0
BRDA:70,6,0,0
BRDA:70,6,1,0
BRDA:72,7,0,0
BRDA:72,7,1,0
BRDA:72,8,0,0
BRDA:72,8,1,0
BRDA:74,9,0,0
BRDA:74,9,1,0
BRDA:76,10,0,0
BRDA:76,10,1,0
BRDA:76,11,0,0
BRDA:76,11,1,0
BRDA:87,12,0,0
BRDA:87,12,1,0
BRDA:87,13,0,0
BRDA:87,13,1,0
BRDA:93,14,0,2
BRDA:93,14,1,0
BRDA:94,15,0,2
BRDA:94,15,1,2
BRDA:96,16,0,0
BRDA:96,16,1,0
BRDA:96,17,0,0
BRDA:96,17,1,0
BRF:39
BRH:8
end_of_record
TN:
SF:src/snackbar/index.ts
FN:74,(anonymous_0)
FN:75,(anonymous_1)
FN:77,(anonymous_2)
FN:93,(anonymous_3)
FN:108,(anonymous_4)
FN:114,(anonymous_5)
FN:139,(anonymous_6)
FN:147,(anonymous_7)
FN:148,(anonymous_8)
FN:161,(anonymous_9)
FN:165,(anonymous_10)
FN:174,(anonymous_11)
FN:175,(anonymous_12)
FN:188,removeUniqOption
FN:196,addUniqOption
FN:200,updateUniqOption
FN:208,getTop
FNF:17
FNH:10
FNDA:1,(anonymous_0)
FNDA:3,(anonymous_1)
FNDA:2,(anonymous_2)
FNDA:0,(anonymous_3)
FNDA:3,(anonymous_4)
FNDA:2,(anonymous_5)
FNDA:0,(anonymous_6)
FNDA:5,(anonymous_7)
FNDA:2,(anonymous_8)
FNDA:0,(anonymous_9)
FNDA:0,(anonymous_10)
FNDA:0,(anonymous_11)
FNDA:0,(anonymous_12)
FNDA:0,removeUniqOption
FNDA:1,addUniqOption
FNDA:1,updateUniqOption
FNDA:2,getTop
DA:63,1
DA:65,1
DA:73,1
DA:75,1
DA:76,3
DA:78,2
DA:79,0
DA:80,0
DA:82,2
DA:83,2
DA:94,0
DA:101,3
DA:108,3
DA:114,1
DA:115,2
DA:116,2
DA:117,2
DA:119,2
DA:120,1
DA:121,1
DA:124,2
DA:125,2
DA:126,2
DA:131,2
DA:132,1
DA:134,1
DA:135,1
DA:138,2
DA:140,0
DA:141,0
DA:142,0
DA:147,1
DA:148,5
DA:149,2
DA:150,2
DA:155,0
DA:157,2
DA:161,1
DA:162,0
DA:165,1
DA:166,0
DA:167,0
DA:168,0
DA:170,0
DA:174,1
DA:175,0
DA:176,0
DA:180,1
DA:182,1
DA:184,1
DA:186,1
DA:189,0
DA:190,0
DA:191,0
DA:192,0
DA:197,1
DA:201,1
DA:205,1
DA:209,2
DA:210,2
DA:211,2
LF:61
LH:43
BRDA:78,0,0,0
BRDA:78,0,1,2
BRDA:82,1,0,0
BRDA:82,1,1,2
BRDA:114,2,0,0
BRDA:115,3,0,2
BRDA:115,3,1,0
BRDA:119,4,0,1
BRDA:119,4,1,1
BRDA:131,5,0,1
BRDA:131,5,1,1
BRDA:131,6,0,2
BRDA:131,6,1,1
BRDA:140,7,0,0
BRDA:140,7,1,0
BRDA:140,8,0,0
BRDA:140,8,1,0
BRDA:149,9,0,2
BRDA:149,9,1,0
BRDA:165,10,0,0
BRDA:166,11,0,0
BRDA:166,11,1,0
BRDA:189,12,0,0
BRDA:189,12,1,0
BRDA:192,13,0,0
BRDA:192,13,1,0
BRDA:208,14,0,2
BRDA:209,15,0,0
BRDA:209,15,1,2
BRDA:210,16,0,0
BRDA:210,16,1,2
BRF:31
BRH:13
end_of_record
TN:
SF:src/snackbar/props.ts
FN:6,positionValidator
FN:11,typeValidator
FN:15,(anonymous_2)
FN:72,(anonymous_3)
FN:77,(anonymous_4)
FN:82,(anonymous_5)
FN:87,(anonymous_6)
FNF:7
[...]
FNDA:0,(anonymous_5)
FNDA:0,switchActive
FNDA:0,reset
DA:35,0
DA:36,0
DA:37,0
DA:39,0
DA:40,0
DA:41,0
DA:42,0
DA:53,0
DA:62,0
DA:65,0
DA:67,0
DA:69,0
DA:71,0
DA:72,0
DA:73,0
DA:75,0
DA:102,0
DA:103,0
DA:104,0
DA:111,0
DA:112,0
DA:113,0
DA:114,0
DA:117,0
DA:118,0
DA:119,0
DA:122,0
DA:128,0
DA:130,0
LF:29
LH:0
BRDA:79,0,0,0
BRDA:79,0,1,0
BRDA:79,1,0,0
BRDA:79,1,1,0
BRDA:79,2,0,0
BRDA:79,2,1,0
BRDA:80,3,0,0
BRDA:80,3,1,0
BRDA:83,4,0,0
BRDA:83,4,1,0
BRDA:84,5,0,0
BRDA:84,5,1,0
BRDA:84,6,0,0
BRDA:84,6,1,0
BRDA:84,7,0,0
BRDA:84,7,1,0
BRDA:92,8,0,0
BRDA:92,8,1,0
BRDA:92,9,0,0
BRDA:92,9,1,0
BRDA:92,10,0,0
BRDA:92,10,1,0
BRDA:92,11,0,0
BRDA:92,11,1,0
BRDA:93,12,0,0
BRDA:93,12,1,0
BRDA:93,13,0,0
BRDA:93,13,1,0
BRDA:93,14,0,0
BRDA:93,14,1,0
BRDA:103,15,0,0
BRDA:103,15,1,0
BRDA:103,16,0,0
BRDA:103,16,1,0
BRDA:104,17,0,0
BRDA:104,17,1,0
BRDA:105,18,0,0
BRDA:105,18,1,0
BRDA:105,18,2,0
BRDA:105,18,3,0
BRDA:105,18,4,0
BRDA:108,19,0,0
BRDA:108,19,1,0
BRDA:108,20,0,0
BRDA:108,20,1,0
BRDA:109,21,0,0
BRDA:109,21,1,0
BRDA:109,22,0,0
BRDA:109,22,1,0
BRDA:112,23,0,0
BRDA:112,23,1,0
BRDA:112,24,0,0
BRDA:112,24,1,0
BRDA:113,25,0,0
BRDA:113,25,1,0
BRDA:113,26,0,0
BRDA:113,26,1,0
BRDA:118,27,0,0
BRDA:118,27,1,0
BRDA:118,28,0,0
BRDA:118,28,1,0
BRDA:128,29,0,0
BRDA:128,29,1,0
BRDA:128,30,0,0
BRDA:128,30,1,0
BRDA:134,31,0,0
BRDA:134,31,1,0
BRDA:134,32,0,0
BRDA:134,32,1,0
BRDA:135,33,0,0
BRDA:135,33,1,0
BRDA:135,34,0,0
BRDA:135,34,1,0
BRF:73
BRH:0
end_of_record
TN:
SF:src/switch/index.ts
FN:4,(anonymous_0)
FNF:1
FNH:0
FNDA:0,(anonymous_0)
DA:4,0
DA:5,0
LF:2
LH:0
BRF:0
BRH:0
end_of_record
TN:
SF:src/switch/props.ts
FNF:0
FNH:0
DA:3,0
LF:1
LH:0
BRF:0
BRH:0
end_of_record
TN:
SF:src/switch/provide.ts
FNF:0
FNH:0
LF:0
LH:0
BRF:0
BRH:0
end_of_record
TN:
SF:src/switch/example/index.vue
FN:51,setup
FNF:1
FNH:0
FNDA:0,setup
DA:48,0
DA:49,0
DA:51,0
DA:57,0
DA:58,0
DA:59,0
DA:60,0
DA:62,0
LF:8
LH:0
BRF:0
BRH:0
end_of_record
TN:
SF:src/tab/Tab.vue
FN:28,setup
FN:37,(anonymous_2)
FN:38,(anonymous_3)
FN:39,(anonymous_4)
FN:52,computeColorStyle
FN:60,computeColorClass
FN:68,handleClick
FN:77,(anonymous_8)
FN:78,(anonymous_9)
FNF:9
FNH:0
FNDA:0,setup
FNDA:0,(anonymous_2)
FNDA:0,(anonymous_3)
FNDA:0,(anonymous_4)
FNDA:0,computeColorStyle
FNDA:0,computeColorClass
FNDA:0,handleClick
FNDA:0,(anonymous_8)
FNDA:0,(anonymous_9)
DA:17,0
DA:18,0
DA:19,0
DA:20,0
DA:21,0
DA:24,0
DA:29,0
DA:30,0
DA:32,0
DA:33,0
DA:36,0
DA:37,0
DA:38,0
DA:39,0
DA:41,0
DA:48,0
DA:50,0
DA:52,0
DA:53,0
DA:60,0
DA:61,0
DA:68,0
DA:69,0
DA:70,0
DA:73,0
DA:74,0
DA:77,0
DA:78,0
DA:80,0
LF:29
LH:0
BRDA:32,0,0,0
BRDA:32,0,1,0
BRDA:32,1,0,0
BRDA:32,1,1,0
BRDA:32,1,2,0
BRDA:54,2,0,0
BRDA:54,2,1,0
BRDA:56,3,0,0
BRDA:56,3,1,0
BRDA:55,4,0,0
BRDA:55,4,1,0
BRDA:62,5,0,0
BRDA:62,5,1,0
BRDA:64,6,0,0
BRDA:64,6,1,0
BRDA:63,7,0,0
BRDA:63,7,1,0
BRDA:69,8,0,0
BRDA:69,8,1,0
BRDA:73,9,0,0
BRDA:73,9,1,0
BRDA:73,10,0,0
BRDA:73,10,1,0
BRDA:73,11,0,0
BRDA:73,11,1,0
BRDA:73,12,0,0
BRDA:73,12,1,0
BRF:27
BRH:0
end_of_record
TN:
SF:src/tab/index.ts
FN:4,(anonymous_0)
FNF:1
FNH:0
FNDA:0,(anonymous_0)
DA:4,0
DA:5,0
LF:2
LH:0
BRF:0
BRH:0
end_of_record
TN:
SF:src/tab/props.ts
FNF:0
FNH:0
DA:1,0
LF:1
LH:0
BRF:0
BRH:0
end_of_record
TN:
SF:src/tab/provide.ts
FNF:0
FNH:0
LF:0
LH:0
BRF:0
BRH:0
end_of_record
TN:
SF:src/tab-item/TabItem.vue
FN:19,setup
FN:32,(anonymous_1)
FN:33,(anonymous_2)
FN:36,transition
FN:51,(anonymous_4)
FNF:5
FNH:0
FNDA:0,setup
FNDA:0,(anonymous_1)
FNDA:0,(anonymous_2)
FNDA:0,transition
FNDA:0,(anonymous_4)
DA:10,0
DA:11,0
DA:12,0
DA:14,0
DA:16,0
DA:20,0
DA:23,0
DA:25,0
DA:26,0
DA:29,0
DA:30,0
DA:31,0
DA:32,0
DA:33,0
DA:34,0
DA:36,0
DA:37,0
DA:39,0
DA:42,0
DA:49,0
DA:51,0
DA:53,0
LF:22
LH:0
BRDA:25,0,0,0
BRDA:25,0,1,0
BRDA:25,1,0,0
BRDA:25,1,1,0
BRDA:25,1,2,0
BRDA:38,2,0,0
BRDA:38,2,1,0
BRDA:38,3,0,0
BRDA:38,3,1,0
BRDA:39,4,0,0
BRDA:39,4,1,0
BRF:11
BRH:0
end_of_record
TN:
SF:src/tab-item/index.ts
FN:4,(anonymous_0)
FNF:1
FNH:0
FNDA:0,(anonymous_0)
DA:4,0
DA:5,0
LF:2
LH:0
BRF:0
BRH:0
end_of_record
TN:
SF:src/tab-item/props.ts
FNF:0
FNH:0
DA:1,0
LF:1
LH:0
BRF:0
BRH:0
end_of_record
TN:
SF:src/tab-item/provide.ts
FNF:0
FNH:0
LF:0
LH:0
BRF:0
BRH:0
end_of_record
TN:
SF:src/tab-item/example/index.vue
FNF:0
FNH:0
DA:6,0
DA:7,0
DA:9,0
LF:3
LH:0
BRF:0
BRH:0
end_of_record
TN:
SF:src/tab/example/index.vue
FNF:0
FNH:0
DA:6,0
DA:7,0
DA:9,0
LF:3
LH:0
BRF:0
BRH:0
end_of_record
TN:
SF:src/tabs/Tabs.vue
FN:56,setup
FN:65,(anonymous_2)
FN:66,(anonymous_3)
FN:67,(anonymous_4)
FN:68,(anonymous_5)
FN:69,(anonymous_6)
FN:73,onTabClick
FN:81,matchName
FN:82,(anonymous_9)
FN:85,matchIndex
FN:86,(anonymous_11)
FN:89,matchBoundary
FN:103,watchScrollable
FN:107,moveIndicator
FN:117,scrollToCenter
FN:140,resize
FN:164,(anonymous_17)
FN:165,(anonymous_18)
FN:168,(anonymous_19)
FNF:19
FNH:0
FNDA:0,setup
FNDA:0,(anonymous_2)
FNDA:0,(anonymous_3)
FNDA:0,(anonymous_4)
FNDA:0,(anonymous_5)
FNDA:0,(anonymous_6)
FNDA:0,onTabClick
FNDA:0,matchName
FNDA:0,(anonymous_9)
FNDA:0,matchIndex
FNDA:0,(anonymous_11)
FNDA:0,matchBoundary
FNDA:0,watchScrollable
FNDA:0,moveIndicator
FNDA:0,scrollToCenter
FNDA:0,resize
FNDA:0,(anonymous_17)
FNDA:0,(anonymous_18)
FNDA:0,(anonymous_19)
DA:41,0
DA:42,0
DA:43,0
DA:44,0
DA:45,0
DA:47,0
DA:49,0
DA:57,0
DA:58,0
DA:59,0
DA:60,0
DA:62,0
DA:63,0
DA:65,0
DA:66,0
DA:67,0
DA:68,0
DA:69,0
DA:70,0
DA:71,0
DA:73,0
DA:74,0
DA:76,0
DA:77,0
DA:78,0
DA:81,0
DA:82,0
DA:85,0
DA:86,0
DA:89,0
DA:90,0
DA:91,0
DA:94,0
DA:100,0
DA:103,0
DA:104,0
DA:107,0
DA:108,0
DA:109,0
DA:110,0
DA:112,0
DA:113,0
DA:117,0
DA:118,0
DA:119,0
DA:122,0
DA:123,0
DA:125,0
DA:126,0
DA:127,0
DA:132,0
DA:133,0
DA:140,0
DA:141,0
DA:142,0
DA:143,0
DA:146,0
DA:147,0
DA:148,0
DA:151,0
DA:161,0
DA:163,0
DA:164,0
DA:165,0
DA:168,0
DA:170,0
LF:66
LH:0
BRDA:74,0,0,0
BRDA:74,0,1,0
BRDA:74,1,0,0
BRDA:74,1,1,0
BRDA:76,2,0,0
BRDA:76,2,1,0
BRDA:76,3,0,0
BRDA:76,3,1,0
BRDA:77,4,0,0
BRDA:77,4,1,0
BRDA:77,5,0,0
BRDA:77,5,1,0
BRDA:78,6,0,0
BRDA:78,6,1,0
BRDA:78,7,0,0
BRDA:78,7,1,0
BRDA:78,8,0,0
BRDA:78,8,1,0
BRDA:90,9,0,0
BRDA:90,9,1,0
BRDA:95,10,0,0
BRDA:95,10,1,0
BRDA:96,11,0,0
BRDA:96,11,1,0
BRDA:96,12,0,0
BRDA:96,12,1,0
BRDA:96,13,0,0
BRDA:96,13,1,0
BRDA:97,14,0,0
BRDA:97,14,1,0
BRDA:97,15,0,0
BRDA:97,15,1,0
BRDA:108,16,0,0
BRDA:108,16,1,0
BRDA:109,17,0,0
BRDA:109,17,1,0
BRDA:109,18,0,0
BRDA:109,18,1,0
BRDA:110,19,0,0
BRDA:110,19,1,0
BRDA:110,20,0,0
BRDA:110,20,1,0
BRDA:112,21,0,0
BRDA:112,21,1,0
BRDA:112,22,0,0
BRDA:112,22,1,0
BRDA:113,23,0,0
BRDA:113,23,1,0
BRDA:113,24,0,0
BRDA:113,24,1,0
BRDA:118,25,0,0
BRDA:118,25,1,0
BRDA:125,26,0,0
BRDA:125,26,1,0
BRDA:141,27,0,0
BRDA:141,27,1,0
BRDA:141,27,2,0
BRDA:142,28,0,0
BRDA:142,28,1,0
BRDA:142,29,0,0
BRDA:142,29,1,0
BRF:61
BRH:0
end_of_record
TN:
SF:src/tabs/index.ts
FN:4,(anonymous_0)
FNF:1
FNH:0
FNDA:0,(anonymous_0)
DA:4,0
DA:5,0
LF:2
LH:0
BRF:0
BRH:0
end_of_record
TN:
SF:src/tabs/props.ts
FNF:0
FNH:0
DA:4,0
LF:1
LH:0
BRF:0
BRH:0
end_of_record
TN:
SF:src/tabs/provide.ts
FNF:0
FNH:0
DA:14,0
DA:15,0
LF:2
LH:0
BRF:0
BRH:0
end_of_record
TN:
SF:src/tabs-items/TabsItems.vue
FN:24,setup
FN:26,(anonymous_1)
FN:32,resetTransitionHeight
FN:36,matchName
FN:37,(anonymous_4)
FN:40,matchIndex
FN:41,(anonymous_6)
FN:44,matchActive
FN:48,resize
FN:56,(anonymous_9)
FN:58,(anonymous_10)
FN:72,(anonymous_11)
FN:73,(anonymous_12)
FN:83,(anonymous_13)
FN:85,(anonymous_14)
FN:92,(anonymous_15)
FN:93,(anonymous_16)
FNF:17
FNH:0
FNDA:0,setup
FNDA:0,(anonymous_1)
FNDA:0,resetTransitionHeight
FNDA:0,matchName
FNDA:0,(anonymous_4)
FNDA:0,matchIndex
FNDA:0,(anonymous_6)
FNDA:0,matchActive
FNDA:0,resize
FNDA:0,(anonymous_9)
FNDA:0,(anonymous_10)
FNDA:0,(anonymous_11)
FNDA:0,(anonymous_12)
FNDA:0,(anonymous_13)
FNDA:0,(anonymous_14)
FNDA:0,(anonymous_15)
FNDA:0,(anonymous_16)
DA:14,0
DA:15,0
DA:16,0
DA:17,0
DA:20,0
DA:25,0
DA:26,0
DA:27,0
DA:30,0
DA:32,0
DA:33,0
DA:36,0
DA:37,0
DA:40,0
DA:41,0
DA:44,0
DA:45,0
DA:48,0
DA:49,0
DA:50,0
DA:51,0
DA:54,0
DA:56,0
DA:58,0
DA:59,0
DA:63,0
DA:69,0
DA:71,0
DA:72,0
DA:74,0
DA:75,0
DA:76,0
DA:77,0
DA:80,0
DA:81,0
DA:83,0
DA:85,0
DA:86,0
DA:91,0
DA:92,0
DA:93,0
DA:96,0
LF:42
LH:0
BRDA:45,0,0,0
BRDA:45,0,1,0
BRDA:50,1,0,0
BRDA:50,1,1,0
BRDA:76,2,0,0
BRDA:76,2,1,0
BRDA:76,3,0,0
BRDA:76,3,1,0
BRF:8
BRH:0
end_of_record
TN:
SF:src/tabs-items/index.ts
FN:4,(anonymous_0)
FNF:1
FNH:0
FNDA:0,(anonymous_0)
DA:4,0
DA:5,0
LF:2
LH:0
BRF:0
BRH:0
end_of_record
TN:
SF:src/tabs-items/props.ts
FNF:0
FNH:0
DA:1,0
LF:1
LH:0
BRF:0
BRH:0
end_of_record
TN:
SF:src/tabs-items/provide.ts
FNF:0
FNH:0
DA:9,0
DA:10,0
LF:2
LH:0
BRF:0
BRH:0
end_of_record
TN:
SF:src/tabs-items/example/index.vue
FNF:0
FNH:0
DA:6,0
DA:7,0
DA:9,0
LF:3
LH:0
BRF:0
BRH:0
end_of_record
TN:
SF:src/tabs/example/index.vue
FN:183,setup
FN:244,handleChange
FN:248,(anonymous_5)
FN:263,push
FN:269,unshift
FN:275,pop
FN:278,shift
FNF:7
FNH:0
FNDA:0,setup
FNDA:0,handleChange
FNDA:0,(anonymous_5)
FNDA:0,push
FNDA:0,unshift
FNDA:0,pop
FNDA:0,shift
DA:165,0
DA:166,0
DA:167,0
DA:168,0
DA:169,0
DA:170,0
DA:171,0
DA:173,0
DA:184,0
DA:185,0
DA:186,0
DA:187,0
DA:188,0
DA:189,0
DA:190,0
DA:191,0
DA:204,0
DA:205,0
DA:244,0
DA:245,0
DA:248,0
DA:249,0
DA:252,0
DA:264,0
DA:270,0
DA:276,0
DA:279,0
LF:27
LH:0
BRF:0
BRH:0
end_of_record
TN:
SF:src/uploader/Uploader.vue
FN:113,setup
FN:120,(anonymous_17)
FN:129,preview
FN:148,createVarFile
FN:157,resolver
FN:158,(anonymous_21)
FN:161,(anonymous_22)
FN:174,getResolvers
FN:174,(anonymous_24)
FN:176,getBeforeReaders
FN:177,(anonymous_26)
FN:178,(anonymous_27)
FN:181,(anonymous_28)
FN:191,handleChange
FN:191,(anonymous_30)
FN:195,(anonymous_32)
FN:200,(anonymous_33)
FN:223,(anonymous_34)
FN:223,(anonymous_35)
FN:228,(anonymous_36)
FN:231,handleRemove
FN:236,(anonymous_38)
FN:240,getSuccessFiles
FN:240,(anonymous_40)
FN:242,getErrorFiles
FN:242,(anonymous_42)
FN:244,getLoadingFiles
FN:244,(anonymous_44)
FN:252,validate
FN:254,validateWithTrigger
FN:255,(anonymous_47)
FN:259,reset
FN:274,(anonymous_49)
FN:275,(anonymous_50)
FNF:34
FNH:0
FNDA:0,setup
FNDA:0,(anonymous_17)
FNDA:0,preview
FNDA:0,createVarFile
FNDA:0,resolver
FNDA:0,(anonymous_21)
FNDA:0,(anonymous_22)
FNDA:0,getResolvers
FNDA:0,(anonymous_24)
FNDA:0,getBeforeReaders
FNDA:0,(anonymous_26)
FNDA:0,(anonymous_27)
FNDA:0,(anonymous_28)
FNDA:0,handleChange
FNDA:0,(anonymous_30)
FNDA:0,(anonymous_32)
FNDA:0,(anonymous_33)
FNDA:0,(anonymous_34)
FNDA:0,(anonymous_35)
FNDA:0,(anonymous_36)
FNDA:0,handleRemove
FNDA:0,(anonymous_38)
FNDA:0,getSuccessFiles
FNDA:0,(anonymous_40)
FNDA:0,getErrorFiles
FNDA:0,(anonymous_42)
FNDA:0,getLoadingFiles
FNDA:0,(anonymous_44)
FNDA:0,validate
FNDA:0,validateWithTrigger
FNDA:0,(anonymous_47)
FNDA:0,reset
FNDA:0,(anonymous_49)
FNDA:0,(anonymous_50)
DA:87,0
DA:88,0
DA:89,0
DA:90,0
DA:91,0
DA:93,0
DA:94,0
DA:95,0
DA:96,0
DA:103,0
DA:113,0
DA:114,0
DA:117,0
DA:118,0
DA:119,0
DA:120,0
DA:124,0
DA:126,0
DA:129,0
DA:130,0
DA:137,0
DA:140,0
DA:142,0
DA:143,0
DA:144,0
DA:148,0
DA:149,0
DA:157,0
DA:158,0
DA:159,0
DA:161,0
DA:162,0
DA:164,0
DA:165,0
DA:167,0
DA:170,0
DA:174,0
DA:176,0
DA:177,0
DA:178,0
DA:179,0
DA:181,0
DA:182,0
DA:191,0
DA:192,0
DA:193,0
DA:194,0
DA:195,0
DA:197,0
DA:198,0
DA:200,0
DA:201,0
DA:202,0
DA:203,0
DA:206,0
DA:210,0
DA:212,0
DA:215,0
DA:216,0
DA:219,0
DA:221,0
DA:223,0
DA:225,0
DA:226,0
DA:228,0
DA:231,0
DA:232,0
DA:233,0
DA:236,0
DA:237,0
DA:240,0
DA:242,0
DA:244,0
DA:246,0
DA:252,0
DA:254,0
DA:255,0
DA:257,0
DA:259,0
DA:260,0
DA:261,0
DA:262,0
DA:265,0
DA:271,0
DA:273,0
DA:274,0
DA:276,0
DA:277,0
DA:282,0
LF:89
LH:0
BRDA:126,0,0,0
BRDA:126,0,1,0
BRDA:130,1,0,0
BRDA:130,1,1,0
BRDA:131,2,0,0
BRDA:131,2,1,0
BRDA:131,2,2,0
BRDA:131,2,3,0
BRDA:131,2,4,0
BRDA:131,3,0,0
BRDA:131,3,1,0
BRDA:131,4,0,0
BRDA:131,4,1,0
BRDA:132,5,0,0
BRDA:132,5,1,0
BRDA:132,6,0,0
BRDA:132,6,1,0
BRDA:142,7,0,0
BRDA:142,7,1,0
BRDA:142,8,0,0
BRDA:142,8,1,0
BRDA:142,8,2,0
BRDA:164,9,0,0
BRDA:164,9,1,0
BRDA:179,10,0,0
BRDA:179,10,1,0
BRDA:179,11,0,0
BRDA:179,11,1,0
BRDA:179,12,0,0
BRDA:179,12,1,0
BRDA:179,13,0,0
BRDA:179,13,1,0
BRDA:197,14,0,0
BRDA:197,14,1,0
BRDA:201,15,0,0
BRDA:201,15,1,0
BRDA:202,16,0,0
BRDA:202,16,1,0
BRDA:202,17,0,0
BRDA:202,17,1,0
BRDA:210,18,0,0
BRDA:210,18,1,0
BRDA:225,19,0,0
BRDA:225,19,1,0
BRDA:225,20,0,0
BRDA:225,20,1,0
BRDA:228,21,0,0
BRDA:228,21,1,0
BRDA:228,22,0,0
BRDA:228,22,1,0
BRDA:232,23,0,0
BRDA:232,23,1,0
BRDA:232,24,0,0
BRDA:232,24,1,0
BRDA:232,24,2,0
BRDA:232,24,3,0
BRDA:232,25,0,0
BRDA:232,25,1,0
BRDA:232,26,0,0
BRDA:232,26,1,0
BRDA:232,27,0,0
BRDA:232,27,1,0
BRDA:232,28,0,0
BRDA:232,28,1,0
BRDA:236,29,0,0
BRDA:236,29,1,0
BRDA:236,30,0,0
BRDA:236,30,1,0
BRDA:261,31,0,0
BRDA:261,31,1,0
BRDA:261,32,0,0
BRDA:261,32,1,0
BRDA:271,33,0,0
BRDA:271,33,1,0
BRDA:271,34,0,0
BRDA:271,34,1,0
BRDA:276,35,0,0
BRDA:276,35,1,0
BRDA:290,36,0,0
BRDA:290,36,1,0
BRDA:290,37,0,0
BRDA:290,37,1,0
BRDA:291,38,0,0
BRDA:291,38,1,0
BRDA:291,39,0,0
BRDA:291,39,1,0
BRF:86
BRH:0
end_of_record
TN:
SF:src/uploader/index.ts
FN:4,(anonymous_0)
FNF:1
FNH:0
FNDA:0,(anonymous_0)
DA:4,0
DA:5,0
LF:2
LH:0
BRF:0
BRH:0
end_of_record
TN:
SF:src/uploader/props.ts
FNF:0
FNH:0
DA:14,0
LF:1
LH:0
BRF:0
BRH:0
end_of_record
TN:
SF:src/uploader/provide.ts
FNF:0
FNH:0
LF:0
LH:0
BRF:0
BRH:0
end_of_record
TN:
SF:src/uploader/example/index.vue
FN:20,setup
FN:28,oversize
FN:37,(anonymous_4)
FNF:3
FNH:0
FNDA:0,setup
FNDA:0,oversize
FNDA:0,(anonymous_4)
DA:17,0
DA:18,0
DA:20,0
DA:26,0
DA:28,0
DA:32,0
DA:35,0
DA:37,0
DA:38,0
LF:9
LH:0
BRF:0
BRH:0
end_of_record
TN:
SF:src/utils/components.ts
FN:41,pickProps
FN:43,(anonymous_1)
FN:50,mount
FN:57,(anonymous_3)
FN:64,mountInstance
FN:72,(anonymous_5)
FN:73,(anonymous_6)
FN:85,flatVNodes
FN:88,(anonymous_8)
FN:95,(anonymous_9)
FN:110,useAtChildrenCounter
FN:114,(anonymous_11)
FN:117,(anonymous_12)
FN:122,(anonymous_13)
FN:127,(anonymous_14)
FN:137,(anonymous_15)
FN:144,useAtParentIndex
FN:155,(anonymous_17)
FN:156,(anonymous_18)
FN:158,(anonymous_19)
FN:159,(anonymous_20)
FN:162,(anonymous_21)
FN:169,useChildren
FN:172,(anonymous_23)
FN:176,(anonymous_24)
FN:180,(anonymous_25)
FN:194,useParent
FN:206,(anonymous_27)
FN:207,(anonymous_28)
FN:208,(anonymous_29)
FN:217,keyInProvides
FN:223,useValidation
FN:226,(anonymous_32)
FN:231,(anonymous_33)
FN:233,(anonymous_34)
FN:243,(anonymous_35)
FN:247,(anonymous_36)
FN:261,addRouteListener
FN:262,(anonymous_38)
FN:266,(anonymous_39)
FNF:40
FNH:5
FNDA:4,pickProps
FNDA:0,(anonymous_1)
FNDA:1,mount
FNDA:0,(anonymous_3)
FNDA:1,mountInstance
FNDA:1,(anonymous_5)
FNDA:1,(anonymous_6)
FNDA:0,flatVNodes
FNDA:0,(anonymous_8)
FNDA:0,(anonymous_9)
FNDA:0,useAtChildrenCounter
FNDA:0,(anonymous_11)
FNDA:0,(anonymous_12)
FNDA:0,(anonymous_13)
FNDA:0,(anonymous_14)
FNDA:0,(anonymous_15)
FNDA:0,useAtParentIndex
FNDA:0,(anonymous_17)
FNDA:0,(anonymous_18)
FNDA:0,(anonymous_19)
FNDA:0,(anonymous_20)
FNDA:0,(anonymous_21)
FNDA:0,useChildren
FNDA:0,(anonymous_23)
FNDA:0,(anonymous_24)
FNDA:0,(anonymous_25)
FNDA:0,useParent
FNDA:0,(anonymous_27)
FNDA:0,(anonymous_28)
FNDA:0,(anonymous_29)
FNDA:0,keyInProvides
FNDA:0,useValidation
FNDA:0,(anonymous_32)
FNDA:0,(anonymous_33)
FNDA:0,(anonymous_34)
FNDA:0,(anonymous_35)
FNDA:0,(anonymous_36)
FNDA:0,addRouteListener
FNDA:0,(anonymous_38)
FNDA:0,(anonymous_39)
DA:42,4
DA:44,0
DA:45,0
DA:51,1
DA:52,1
DA:53,1
DA:55,1
DA:58,0
DA:59,0
DA:71,1
DA:73,1
DA:74,1
DA:81,1
DA:82,1
DA:86,0
DA:88,0
DA:89,0
DA:90,0
DA:91,0
DA:94,0
DA:95,0
DA:96,0
DA:97,0
DA:99,0
DA:105,0
DA:107,0
DA:111,0
DA:112,0
DA:114,0
DA:115,0
DA:117,0
DA:118,0
DA:122,0
DA:123,0
DA:124,0
DA:127,0
DA:128,0
DA:131,0
DA:137,0
DA:139,0
DA:145,0
DA:146,0
DA:149,0
DA:151,0
DA:153,0
DA:155,0
DA:156,0
DA:158,0
DA:159,0
DA:162,0
DA:164,0
DA:170,0
DA:172,0
DA:173,0
DA:176,0
DA:177,0
DA:180,0
DA:181,0
DA:188,0
DA:195,0
DA:196,0
DA:202,0
DA:204,0
DA:206,0
DA:207,0
DA:208,0
DA:211,0
DA:218,0
DA:220,0
DA:224,0
DA:226,0
DA:227,0
DA:228,0
DA:231,0
DA:233,0
DA:234,0
DA:235,0
DA:236,0
DA:239,0
DA:243,0
DA:244,0
DA:247,0
DA:248,0
DA:249,0
DA:253,0
DA:262,0
DA:263,0
DA:264,0
DA:266,0
DA:267,0
DA:268,0
LF:91
LH:10
BRDA:42,0,0,0
BRDA:42,0,1,4
BRDA:66,1,0,1
BRDA:67,2,0,1
BRDA:89,3,0,0
BRDA:89,3,1,0
BRDA:94,4,0,0
BRDA:94,4,1,0
BRDA:96,5,0,0
BRDA:96,5,1,0
BRDA:145,6,0,0
BRDA:145,6,1,0
BRDA:195,7,0,0
BRDA:195,7,1,0
BRDA:227,8,0,0
BRDA:227,8,1,0
BRDA:227,9,0,0
BRDA:227,9,1,0
BRDA:234,10,0,0
BRDA:234,10,1,0
BRDA:248,11,0,0
BRDA:248,11,1,0
BRDA:249,12,0,0
BRDA:249,12,1,0
BRF:24
BRH:3
end_of_record
TN:
SF:src/utils/elements.ts
FN:1,getTop
FN:7,getScrollTop
FN:14,getLeft
FN:18,inViewport
FN:27,getParentScroller
FN:55,isPx
FN:62,isRem
FN:70,formatPx
FN:74,remToPx
FN:86,requestAnimationFrame
FN:90,nextTickFrame
FN:91,(anonymous_11)
FNF:12
FNH:0
FNDA:0,getTop
FNDA:0,getScrollTop
FNDA:0,getLeft
FNDA:0,inViewport
FNDA:0,getParentScroller
FNDA:0,isPx
FNDA:0,isRem
FNDA:0,formatPx
FNDA:0,remToPx
FNDA:0,requestAnimationFrame
FNDA:0,nextTickFrame
FNDA:0,(anonymous_11)
DA:2,0
DA:4,0
DA:8,0
DA:11,0
DA:15,0
DA:19,0
DA:21,0
DA:22,0
DA:24,0
DA:28,0
DA:30,0
DA:31,0
DA:32,0
DA:35,0
DA:37,0
DA:38,0
DA:41,0
DA:43,0
DA:44,0
DA:45,0
DA:46,0
DA:47,0
DA:48,0
DA:52,0
DA:56,0
DA:57,0
DA:59,0
DA:63,0
DA:64,0
DA:67,0
DA:71,0
DA:75,0
DA:76,0
DA:79,0
DA:81,0
DA:83,0
DA:87,0
DA:91,0
DA:92,0
LF:39
LH:0
BRDA:4,0,0,0
BRDA:4,0,1,0
BRDA:8,1,0,0
BRDA:8,1,1,0
BRDA:21,2,0,0
BRDA:21,2,1,0
BRDA:22,3,0,0
BRDA:22,3,1,0
BRDA:24,4,0,0
BRDA:24,4,1,0
BRDA:31,5,0,0
BRDA:31,5,1,0
BRDA:37,6,0,0
BRDA:37,6,1,0
BRDA:37,7,0,0
BRDA:37,7,1,0
BRDA:45,8,0,0
BRDA:45,8,1,0
BRDA:45,8,2,0
BRDA:46,9,0,0
BRDA:46,9,1,0
BRDA:46,9,2,0
BRDA:47,10,0,0
BRDA:47,10,1,0
BRDA:47,11,0,0
BRDA:47,11,1,0
BRDA:47,11,2,0
BRDA:56,12,0,0
BRDA:56,12,1,0
BRDA:59,13,0,0
BRDA:59,13,1,0
BRDA:63,14,0,0
BRDA:63,14,1,0
BRDA:67,15,0,0
BRDA:67,15,1,0
BRDA:71,16,0,0
BRDA:71,16,1,0
BRDA:75,17,0,0
BRDA:75,17,1,0
BRDA:87,18,0,0
BRDA:87,18,1,0
BRF:41
BRH:0
end_of_record
TN:
SF:src/utils/shared.ts
FN:11,(anonymous_0)
FN:13,(anonymous_1)
FN:15,(anonymous_2)
FN:17,(anonymous_3)
FN:19,(anonymous_4)
FN:21,(anonymous_5)
FN:24,(anonymous_6)
FN:26,(anonymous_7)
FN:28,(anonymous_8)
FN:31,(anonymous_9)
FN:40,(anonymous_10)
FN:43,loop
FN:55,(anonymous_12)
FN:62,(anonymous_13)
FN:64,(anonymous_14)
FN:66,(anonymous_15)
FN:72,(anonymous_16)
FN:74,(anonymous_17)
FN:75,(anonymous_18)
FN:76,(anonymous_19)
FN:84,(anonymous_20)
FN:89,(anonymous_21)
FN:92,(anonymous_22)
FN:100,(anonymous_23)
FN:106,(anonymous_24)
FN:108,(anonymous_25)
FNF:26
FNH:2
FNDA:0,(anonymous_0)
FNDA:0,(anonymous_1)
FNDA:0,(anonymous_2)
FNDA:0,(anonymous_3)
FNDA:0,(anonymous_4)
FNDA:2,(anonymous_5)
FNDA:0,(anonymous_6)
FNDA:6,(anonymous_7)
FNDA:0,(anonymous_8)
FNDA:0,(anonymous_9)
FNDA:0,(anonymous_10)
FNDA:0,loop
FNDA:0,(anonymous_12)
FNDA:0,(anonymous_13)
FNDA:0,(anonymous_14)
FNDA:0,(anonymous_15)
FNDA:0,(anonymous_16)
FNDA:0,(anonymous_17)
FNDA:0,(anonymous_18)
FNDA:0,(anonymous_19)
FNDA:0,(anonymous_20)
FNDA:0,(anonymous_21)
FNDA:0,(anonymous_22)
FNDA:0,(anonymous_23)
FNDA:0,(anonymous_24)
FNDA:0,(anonymous_25)
DA:11,1
DA:13,1
DA:15,1
DA:17,1
DA:19,1
DA:21,1
DA:22,2
DA:24,1
DA:26,6
DA:28,1
DA:29,0
DA:31,1
DA:32,0
DA:33,0
DA:34,0
DA:35,0
DA:40,1
DA:43,0
DA:44,0
DA:45,0
DA:46,0
DA:48,0
DA:49,0
DA:51,0
DA:52,0
DA:53,0
DA:55,0
DA:56,0
DA:62,1
DA:64,0
DA:65,0
DA:66,0
DA:67,0
DA:72,1
DA:74,1
DA:75,0
DA:76,0
DA:77,0
DA:78,0
DA:84,1
DA:85,0
DA:87,0
DA:90,0
DA:93,0
DA:94,0
DA:97,0
DA:98,0
DA:101,0
DA:106,1
DA:108,1
DA:109,0
LF:51
LH:18
BRDA:11,0,0,0
BRDA:11,0,1,0
BRDA:13,1,0,0
BRDA:13,1,1,0
BRDA:15,2,0,0
BRDA:15,2,1,0
BRDA:29,3,0,0
BRDA:29,3,1,0
BRDA:29,3,2,0
BRDA:29,3,3,0
BRDA:29,3,4,0
BRDA:32,4,0,0
BRDA:32,4,1,0
BRDA:34,5,0,0
BRDA:34,5,1,0
BRDA:40,6,0,0
BRDA:45,7,0,0
BRDA:45,7,1,0
BRDA:48,8,0,0
BRDA:48,8,1,0
BRDA:51,9,0,0
BRDA:51,9,1,0
BRDA:62,10,0,0
BRDA:65,11,0,0
BRDA:65,11,1,0
BRDA:77,12,0,0
BRDA:77,12,1,0
BRDA:93,13,0,0
BRDA:93,13,1,0
BRDA:97,14,0,0
BRDA:97,14,1,0
BRDA:101,15,0,0
BRDA:101,15,1,0
BRDA:109,16,0,0
BRDA:109,16,1,0
BRF:35
BRH:0
end_of_record
TN:
SF:src/utils/teleport.ts
FN:3,useTeleport
FN:5,(anonymous_1)
FN:8,(anonymous_2)
FNF:3
FNH:0
FNDA:0,useTeleport
FNDA:0,(anonymous_1)
FNDA:0,(anonymous_2)
DA:4,0
DA:5,0
DA:6,0
DA:8,0
DA:9,0
DA:12,0
LF:6
LH:0
BRF:0
BRH:0
end_of_record
