<?xml version="1.0" encoding="UTF-8"?>
<coverage generated="1631196004549" clover="3.2.0">
  <project timestamp="1631196004549" name="All files">
    <metrics statements="7" coveredstatements="4" conditionals="4" coveredconditionals="0" methods="3" coveredmethods="1" elements="14" coveredelements="5" complexity="0" loc="7" ncloc="7" packages="1" files="2" classes="2"/>
    <file name="Button.vue" path="/Users/qihao/varlet/packages/varlet-cli/generators/sfc/src/button/Button.vue">
      <metrics statements="4" coveredstatements="4" conditionals="4" coveredconditionals="0" methods="2" coveredmethods="1"/>
      <line num="8" count="1" type="stmt"/>
      <line num="10" count="1" type="stmt"/>
      <line num="21" count="2" type="cond" truecount="0" falsecount="4"/>
      <line num="23" count="2" type="stmt"/>
    </file>
    <file name="index.ts" path="/Users/qihao/varlet/packages/varlet-cli/generators/sfc/src/button/index.ts">
      <metrics statements="3" coveredstatements="0" conditionals="0" coveredconditionals="0" methods="1" coveredmethods="0"/>
      <line num="4" count="0" type="stmt"/>
      <line num="5" count="0" type="stmt"/>
      <line num="8" count="0" type="stmt"/>
    </file>
  </project>
</coverage>
