{"/Users/qihao/varlet/packages/varlet-cli/generators/sfc/src/button/Button.vue": {"path":"/Users/qihao/varlet/packages/varlet-cli/generators/sfc/src/button/Button.vue","statementMap":{"0":{"start":{"line":8,"column":0},"end":{"line":8,"column":null}},"1":{"start":{"line":10,"column":0},"end":{"line":10,"column":15}},"2":{"start":{"line":21,"column":24},"end":{"line":21,"column":null}},"3":{"start":{"line":21,"column":38},"end":{"line":21,"column":43}},"4":{"start":{"line":23,"column":4},"end":{"line":23,"column":11}}},"fnMap":{"0":{"name":"(anonymous_0)","decl":{"start":{"line":20,"column":2},"end":{"line":20,"column":7}},"loc":{"start":{"line":20,"column":13},"end":{"line":26,"column":null}}},"1":{"name":"(anonymous_1)","decl":{"start":{"line":21,"column":24},"end":{"line":21,"column":25}},"loc":{"start":{"line":21,"column":33},"end":{"line":21,"column":null}}}},"branchMap":{"0":{"loc":{"start":{"line":21,"column":51},"end":{"line":21,"column":54}},"type":"cond-expr","locations":[{"start":{"line":21,"column":51},"end":{"line":21,"column":54}},{"start":{"line":21,"column":51},"end":{"line":21,"column":54}}]},"1":{"loc":{"start":{"line":21,"column":38},"end":{"line":21,"column":54}},"type":"binary-expr","locations":[{"start":{"line":21,"column":38},"end":{"line":21,"column":54}},{"start":{"line":21,"column":51},"end":{"line":21,"column":54}}]}},"s":{"0":1,"1":1,"2":2,"3":0,"4":2},"f":{"0":2,"1":0},"b":{"0":[0,0],"1":[0,0]}}
,"/Users/qihao/varlet/packages/varlet-cli/generators/sfc/src/button/index.ts": {"path":"/Users/qihao/varlet/packages/varlet-cli/generators/sfc/src/button/index.ts","statementMap":{"0":{"start":{"line":4,"column":0},"end":{"line":6,"column":1}},"1":{"start":{"line":5,"column":2},"end":{"line":5,"column":42}},"2":{"start":{"line":8,"column":35},"end":{"line":8,"column":44}}},"fnMap":{"0":{"name":"(anonymous_0)","decl":{"start":{"line":4,"column":20},"end":{"line":4,"column":21}},"loc":{"start":{"line":4,"column":40},"end":{"line":6,"column":1}},"line":4}},"branchMap":{},"s":{"0":0,"1":0,"2":0},"f":{"0":0},"b":{}}
}
